30
1 75 2
2 76 6
3 86 6 58 10 78 2
4 77 10 86 4
5 94 3
6 93 1 97 5
7 97 2
8 3 10 4 10 19 3
9 53 7
10 78 8 84 6
11 63 10 59 10 65 10 66 10 67 7
12 51 10 49 5
13 88 4
14 81 2
15 76 4 81 8 80 10 94 4
16 94 3
17 92 10 85 2 75 3
18 96 10 88 1 83 10 89 10 99 10 95 10 55 2
19 53 3 27 10 29 10 84 4 73 10 19 1
20 93 9
21 67 3 62 10 68 10 91 10 71 10 69 10 90 10 57 5
22 57 5 64 10 56 10 61 10 72 10 60 2
23 74 10 79 1
24 79 3
25 98 2
26 98 2
27 87 10 85 8
28 22 10 49 5 47 5
29 54 9 70 10 52 10 82 10 55 1
30 60 8 54 1
