100
1 282 32 305 50 292 15
2 796 50 804 50 824 34 860 6
3 292 35 489 50 297 49
4 722 50 738 11
5 8 50 17 32
6 635 50 623 50 650 50 655 50 653 50 667 50 672 50 657 5
7 753 8
8 682 50 703 6 661 50 676 50 673 50 681 50 652 50 705 50 733 50 670 50 690 50 712 32
9 708 33 699 50 709 50 703 44
10 992 5
11 717 7
12 643 50 640 29
13 588 50 586 50 594 50 578 50 580 4
14 981 23
15 860 44 805 10
16 707 37 680 39
17 278 50 293 50 248 50 322 50 244 50 282 18
18 712 18 700 50 694 50 713 50 728 50 707 13
19 697 50 674 50 693 50 706 50 679 50 688 50 666 50 633 50 708 17
20 825 50 816 50 824 16
21 657 10
22 714 10
23 725 10
24 720 10
25 721 10
26 625 10
27 597 10
28 339 10
29 747 10
30 675 10
31 720 10
32 715 10
33 86 10
34 654 10
35 555 10
36 675 10
37 685 10
38 711 10
39 649 10
40 289 10
41 607 10
42 647 10
43 63 10
44 339 10
45 649 10
46 691 10
47 607 10
48 55 10
49 621 10
50 506 10
51 257 10
52 289 10
53 640 10
54 89 10
55 715 10
56 695 10
57 711 10
58 664 10
59 63 10
60 747 10
61 3 10
62 257 10
63 714 10
64 680 10
65 17 10
66 698 10
67 664 10
68 654 10
69 685 10
70 103 10
71 145 10
72 12 10
73 89 10
74 719 10
75 55 10
76 758 10
77 307 10
78 741 10
79 725 10
80 691 10
81 719 10
82 103 10
83 531 10
84 753 10
85 34 10
86 698 10
87 531 10
88 695 10
89 503 10
90 758 10
91 647 10
92 297 1 307 9
93 621 10
94 721 10
95 738 10
96 625 10
97 506 10
98 741 10
99 717 10
100 14 10
