5
1
30
1 76 2
2 50 6
3 58 10 73 8
4 78 10 84 4
5 93 1 98 2
6 97 6
7 98 2
8 3 10 4 10 18 3
9 53 7
10 74 10 97 4
11 63 10 59 10 65 10 66 10 67 7
12 67 3 51 10 49 2
13 84 4
14 98 1 86 1
15 94 10 88 10 70 6
16 98 3
17 92 10 75 5
18 83 10 89 10 99 10 96 8 95 10 86 5
19 27 10 29 10 19 10 79 8
20 93 9
21 62 10 68 10 91 10 71 10 69 10 90 10 57 8
22 64 10 56 10 61 10 72 10 60 7
23 81 10 48 1
24 80 3
25 96 2
26 98 2
27 87 10 85 8
28 22 10 47 10
29 52 10 82 10 55 10 77 10
30 54 9
2
30
1 63 10 59 10 65 10 66 10 75 6
2 26 2
3 92 10 97 4
4 98 1
5 88 3
6 87 7
7 1 10 2 6
8 80 10 86 4
9 54 1
10 97 2
11 96 6
12 49 10 46 5
13 7 10 9 10 16 10 14 10 34 10 25 6
14 67 10 62 10 68 4
15 90 10 68 2
16 56 3
17 38 8
18 12 8
19 15 10 35 10 31 2
20 94 10 85 9
21 48 10 44 4
22 91 10 71 9
23 10 1
24 93 10 76 8
25 69 10 64 1
26 42 10 43 5
27 21 10 30 10 24 10 20 10 32 9
28 6 10 5 7
29 70 10 60 10 57 7
30 11 10 28 3
3
30
1 73 7
2 79 4
3 72 6 95 8 67 7 84 8 88 4
4 39 10 37 10 41 10 36 4
5 88 1
6 52 1
7 98 9 97 6
8 86 4
9 68 8
10 66 8
11 96 4
12 98 1
13 84 1
14 56 10 44 2
15 99 10 82 4
16 78 2
17 63 10 59 10 61 10 65 10 72 4
18 77 5
19 83 7
20 13 10 10 10 28 10 31 8
21 45 10 53 3
22 55 2
23 2 10 33 10 18 10 17 10 23 10 8 5
24 75 10 89 10 84 1
25 93 10
26 92 3
27 95 2
28 54 9
29 67 3
30 26 10 40 10 64 3
4
30
1 12 4
2 21 3
3 38 2
4 79 10 86 10 93 2
5 90 1
6 65 7
7 66 8
8 91 10 69 3
9 32 1
10 43 10 44 10 59 10 36 10 65 1
11 47 10 81 10 66 1
12 70 10 68 4
13 46 10 27 10 25 10 29 10 55 6
14 77 7
15 87 8
16 94 4
17 97 2
18 3 3
19 50 8 51 10 22 5
20 19 10 8 10 11 8
21 76 10 71 10 65 1
22 97 3
23 52 10 62 10 53 10 57 10
24 74 6
25 92 6
26 96 2
27 85 10 60 10 82 3
28 78 9
29 63 10 64 10 58 10 50 2
30 97 1
5
30
1 97 3
2 59 10 80 9
3 69 4
4 94 10 73 9
5 74 2
6 89 10 74 2
7 84 5
8 82 5
9 42 10 33 10 75 7
10 48 10 54 10 69 5
11 87 10 66 7
12 93 1
13 52 6
14 98 10 83 3
15 35 10 55 10 56 10 90 6
16 92 3
17 63 10 61 10 30 10 72 10 49 7
18 9 10 20 10 16 10 14 6
19 96 1
20 97 4
21 65 8 57 5
22 93 5
23 96 3
24 24 10 32 10 67 10 68 10 34 10 75 2
25 62 10 83 7 65 2
26 99 1
27 31 10 28 10 38 2
28 64 10
29 4 10 3 10 5 10 7 10 2 10 18 10 6 2
30 88 10 90 3
