80
1 307 44 339 50 289 3
2 796 50 804 50 824 34 860 6
3 257 50 289 47 309 37
4 994 50 988 11
5 14 50 15 32
6 614 50 586 50 645 50 594 50 622 50 665 50 608 50 609 5
7 850 8
8 745 28 639 11 860 44 805 50 651 50 659 50 631 50 689 50 787 50 820 50 702 50 660 50 835 5
9 704 50 767 34 761 50 732 43
10 992 5
11 595 7
12 601 45 634 34
13 590 50 585 50 591 50 576 50 579 4
14 946 8 951 15
15 879 50 881 4
16 757 27 840 49
17 278 50 293 50 248 50 322 50 244 50 282 18
18 734 50 746 50 677 50 744 50 609 31
19 682 50 709 50 703 50 661 50 676 50 673 50 681 50 652 50 705 17
20 825 50 816 50 824 16
21 988 39 976 27 624 30 636 1
22 981 50 983 41
23 983 9 992 36 911 10
24 839 49 716 50 771 50 757 23
25 946 31
26 630 50 642 50 610 50 646 50 626 50 658 50 656 13
27 749 37 748 50 776 50 836 24
28 807 48
29 850 6 595 7
30 911 33 770 50 774 50 701 50 740 50 791 50 839 1
31 992 9
32 819 30 848 50 587 14
33 951 5
34 997 6
35 666 15 633 50 708 50 699 50
36 595 13
37 858 6 920 50 819 20
38 613 3 579 37
39 962 50 946 11
40 627 1 617 50 632 50 578 38 580 50 638 50 648 50 601 5
41 731 9 724 50 764 50 684 50 729 50 773 50 754 50 656 37 769 50 710 50 735 50 663 50 766 50 779 20
42 807 2 579 9 853 50 644 50 858 20
43 976 3
44 637 50 615 14 619 50 588 50 606 50 639 39
45 840 1 683 50 913 8 792 50 634 16 951 30 938 24
46 737 18 752 50 671 50 718 50 727 50 739 50 751 50 759 50 762 50 763 50 760 50 678 50 731 41
47 758 10 741 50 719 50 691 50 714 50 717 50 730 50 696 50 723 50 686 50 737 32
48 705 33 733 50 670 50 690 50 712 50 635 50 623 50 700 2
49 506 39 282 32 305 50 532 50 292 50 489 50 297 50 307 6
50 976 20
51 657 30 643 50 680 50 640 50 711 50 621 50 664 50 721 40 738 50 685 50 698 50 715 50 625 8
52 713 50 728 50 722 50 721 10
53 836 26 765 50 768 50 772 50 810 50 780 29
54 700 48 694 50 650 50 655 50 653 50 707 50 667 50 672 50 657 20
55 938 26 785 50 826 50 842 50 612 46
56 636 49 613 47
57 778 3 777 50 783 50 641 50 784 50 627 49
58 559 50 555 50 531 50 557 50 506 11
59 803 22 778 47
60 597 50 578 12
61 7 2 6 50 15 18 19 22
62 612 4 598 50 628 50 624 20
63 850 23
64 779 30 750 50 742 50 767 16
65 913 42
66 587 34
67 34 50 28 19
68 587 2 849 50
69 605 50 615 36
70 850 13
71 223 39
72 780 21 827 50 809 50 609 14 668 50 662 50 611 50 814 50 803 28
73 55 50 63 50 48 50 89 24
74 858 24
75 625 42 649 50 725 50 607 50 695 50 720 50 747 50 753 50 647 50 654 50 675 50 758 40
76 687 50 692 50 669 50 732 7 726 50 775 50 745 22
77 697 50 674 50 693 50 706 50 679 50 688 50 666 35
78 3 50 8 50 17 50 12 50 5 50 7 48
79 835 45 756 50 616 50 743 50 736 50 833 50 821 50 629 50 749 13
80 881 46 911 7
