5
1
100
1 305 50 292 47
2 796 50 804 50 860 40
3 489 50 297 50 307 34
4 722 50 738 11
5 8 50 17 32
6 623 50 650 50 655 50 653 50 667 50 672 50 657 50 643 5
7 753 8
8 682 50 661 50 676 50 673 50 681 50 652 50 733 50 670 50 690 50 712 50 635 38
9 699 50 709 50 703 50 705 27
10 992 5
11 729 7
12 640 50 621 29
13 588 50 586 50 594 50 578 50 580 4
14 981 23
15 805 50 820 4
16 680 50 708 26
17 278 50 293 50 248 50 322 50 244 50 282 18
18 700 50 694 50 713 50 728 50 707 31
19 697 50 674 50 693 50 706 50 679 50 688 50 666 50 633 50 708 17
20 825 50 816 50 824 16
21 649 10
22 684 10
23 691 10
24 696 10
25 725 10
26 647 10
27 597 10
28 223 10
29 737 10
30 751 10
31 723 10
32 741 10
33 64 10
34 727 10
35 555 10
36 759 10
37 720 10
38 721 10
39 719 10
40 323 10
41 610 10
42 671 10
43 63 10
44 309 10
45 642 10
46 724 10
47 607 10
48 55 10
49 607 10
50 506 10
51 289 10
52 251 10
53 711 10
54 86 10
55 758 10
56 717 10
57 698 10
58 685 10
59 75 10
60 686 10
61 3 10
62 145 10
63 764 10
64 664 10
65 12 10
66 747 10
67 643 10
68 739 10
69 654 10
70 103 10
71 331 10
72 5 10
73 89 10
74 646 10
75 48 10
76 762 10
77 339 10
78 760 10
79 714 10
80 731 10
81 678 10
82 99 10
83 554 10
84 752 10
85 34 10
86 675 10
87 531 10
88 730 10
89 491 10
90 711 10
91 718 10
92 257 10
93 625 10
94 715 10
95 695 10
96 630 10
97 503 10
98 763 10
99 664 10
100 14 10
2
100
1 702 50 660 42
2 787 50 758 50 741 24
3 616 23
4 753 50 725 50 750 46
5 962 42
6 691 34
7 28 50 29 19
8 714 50 756 2
9 605 50 615 36
10 743 13
11 213 39
12 705 50 726 50 775 50 745 50 606 50 639 50 647 50 654 13
13 47 50 52 50 55 50 45 24
14 821 24
15 769 50 710 50 735 50 721 50 663 50 766 50 685 50 698 50 715 50 779 50 738 50 643 32
16 687 50 625 50 649 50 637 50 704 50 742 29
17 697 50 674 50 773 50 754 50 626 50 658 50 656 35
18 675 50 651 50 659 50 631 50 689 50 719 48
19 692 50 695 50 767 50 619 50 720 50 747 50 761 50 669 50 732 8
20 835 50 833 3
21 601 10
22 756 10
23 78 10
24 765 10
25 696 10
26 744 10
27 737 10
28 43 10
29 748 10
30 739 10
31 60 10
32 614 10
33 768 10
34 576 10
35 776 10
36 19 10
37 717 10
38 762 10
39 736 10
40 759 10
41 723 10
42 693 10
43 240 10
44 836 10
45 607 10
46 609 10
47 686 10
48 580 10
49 92 10
50 679 10
51 80 10
52 611 10
53 760 10
54 608 10
55 752 10
56 671 10
57 15 10
58 729 10
59 734 10
60 810 10
61 7 10
62 708 10
63 324 10
64 662 10
65 610 10
66 746 10
67 24 10
68 751 10
69 983 10
70 250 10
71 579 10
72 642 10
73 344 10
74 809 10
75 665 10
76 718 10
77 677 10
78 711 10
79 249 10
80 688 10
81 780 10
82 749 10
83 645 10
84 21 10
85 236 10
86 630 10
87 629 10
88 622 10
89 666 10
90 730 10
91 284 10
92 706 10
93 763 10
94 276 10
95 268 10
96 38 10
97 668 10
98 827 10
99 727 10
100 772 10
3
100
1 935 46
2 752 50 782 37
3 723 50 604 50 808 19
4 822 50 813 50 828 50 781 50 717 6
5 939 50 923 30
6 905 46
7 709 46
8 644 50 682 50 679 50 587 50 595 50 688 50 666 36
9 621 50 583 44
10 711 50 755 50 635 27
11 630 50 686 6
12 814 50 664 50 833 50 646 50 820 50 678 50 803 50 778 50 6 50 777 50 783 50 641 50 784 50 627 50 617 50 632 50 879 50 881 50 731 19
13 840 50 913 50 708 50 792 50 951 50 732 22
14 788 50 802 50 730 50 696 50 600 44
15 683 50 693 50 585 50 591 50 634 50 612 50 598 50 628 50 624 50 636 41
16 858 50 920 50 819 50 848 50 849 50 850 49
17 911 50 633 50 724 50 684 50 638 50 774 50 701 50 740 50 946 50 648 50 791 50 839 50 716 50 771 50 699 50 757 50 590 13
18 764 50 770 49
19 737 50 571 22
20 994 50 988 50 938 50 785 50 706 50 976 50 826 50 842 50 707 50 613 50 807 50 853 37
21 806 10
22 592 10
23 232 10
24 12 10
25 776 10
26 541 10
27 837 10
28 841 10
29 671 10
30 570 10
31 82 10
32 978 10
33 252 10
34 629 10
35 734 10
36 610 10
37 272 10
38 934 10
39 749 10
40 997 10
41 922 10
42 9 10
43 864 10
44 532 10
45 63 10
46 836 10
47 281 10
48 602 10
49 794 10
50 736 10
51 888 10
52 739 10
53 661 10
54 703 10
55 16 10
56 23 10
57 652 10
58 969 10
59 718 10
60 944 10
61 980 10
62 572 10
63 751 10
64 577 10
65 115 10
66 851 10
67 285 10
68 620 10
69 793 10
70 13 10
71 642 10
72 866 10
73 941 10
74 3 10
75 7 10
76 654 10
77 887 10
78 561 10
79 122 10
80 727 10
81 584 10
82 513 10
83 287 10
84 32 10
85 676 10
86 40 10
87 681 10
88 545 10
89 33 10
90 614 10
91 618 10
92 748 10
93 559 10
94 673 10
95 799 10
96 645 10
97 982 10
98 589 10
99 603 10
100 908 10
4
100
1 765 50 729 50 759 50 768 50 762 50 772 50 763 50 760 50 756 50 622 50 780 50
2 642 7
3 665 50 743 50 697 50 608 50 677 17
4 599 50 609 50 668 50 662 50 597 50 607 36
5 733 32
6 801 26
7 977 50 956 3
8 611 50 925 50 933 25
9 987 45
10 810 50 894 50 827 50 889 28
11 914 16
12 937 50 867 50 912 43
13 564 50 790 50 746 50 593 50 568 15
14 789 11
15 961 50 964 50 958 50 970 50 918 50 942 50 954 50 824 5
16 953 50 949 50 968 50 972 50 878 50 902 27
17 800 50 809 50 798 50 815 50 859 50 744 22
18 915 50 950 48
19 812 50 717 50 786 14
20 582 50 670 12
21 690 10
22 884 10
23 551 10
24 999 10
25 31 10
26 258 10
27 681 10
28 844 10
29 674 10
30 652 10
31 54 10
32 703 10
33 795 10
34 573 10
35 18 10
36 846 10
37 940 10
38 566 10
39 824 10
40 936 10
41 304 10
42 829 10
43 650 10
44 943 10
45 352 10
46 27 10
47 345 10
48 919 10
49 676 10
50 929 10
51 14 10
52 917 10
53 992 10
54 686 10
55 985 10
56 333 10
57 5 10
58 26 10
59 713 10
60 280 10
61 596 10
62 882 10
63 932 10
64 601 10
65 563 10
66 712 10
67 797 10
68 975 10
69 128 10
70 557 10
71 671 10
72 928 10
73 956 10
74 235 10
75 576 10
76 575 10
77 567 10
78 655 10
79 857 10
80 35 10
81 718 10
82 48 10
83 558 10
84 654 10
85 876 10
86 818 10
87 700 10
88 581 10
89 30 10
90 861 10
91 321 10
92 661 10
93 909 10
94 623 10
95 673 10
96 823 10
97 921 10
98 830 10
99 694 10
100 342 10
5
100
1 742 3
2 533 50 530 10
3 577 50 806 50 620 7
4 971 17
5 690 50 602 38
6 751 50 728 12
7 731 50 645 35
8 831 50 862 50 843 50 885 50 560 50 674 50 736 4
9 871 50 897 50 883 50 863 50 904 50 899 50 890 50 553 50 579 50 906 50 847 26
10 887 50 592 50 672 1
11 993 50 989 50 983 50 986 50 979 50 984 50 973 50 991 50 974 50 948 50 947 50 960 50 955 50 959 50 965 50 963 41
12 969 4
13 572 30
14 941 50 945 5
15 995 50 981 50 930 50 957 35
16 653 50 727 50 739 50 817 50 741 14
17 643 50 855 50 590 50 629 50 749 50 748 14
18 610 50 667 50 776 50 836 50 565 1
19 952 50 931 50 907 50 967 50 910 50 966 50 580 1
20 734 50 614 50 552 50 580 49 569 30
21 41 10
22 584 10
23 837 10
24 247 10
25 880 10
26 574 10
27 570 10
28 703 10
29 866 10
30 316 10
31 22 10
32 73 10
33 61 10
34 44 10
35 432 10
36 657 10
37 722 10
38 197 10
39 793 10
40 89 10
41 243 10
42 686 10
43 736 10
44 317 10
45 290 10
46 116 10
47 90 10
48 11 10
49 712 10
50 799 10
51 42 10
52 673 10
53 106 10
54 794 10
55 864 10
56 19 10
57 161 10
58 623 10
59 308 10
60 279 10
61 483 10
62 58 10
63 603 10
64 36 10
65 618 10
66 565 10
67 562 10
68 561 10
69 652 10
70 908 10
71 262 10
72 934 10
73 548 10
74 922 10
75 670 10
76 888 10
77 926 10
78 681 10
79 15 10
80 672 10
81 680 10
82 640 10
83 34 10
84 118 10
85 676 10
86 418 10
87 851 10
88 978 10
89 589 10
90 544 10
91 944 10
92 982 10
93 534 10
94 841 10
95 700 10
96 661 10
97 53 10
98 898 10
99 893 10
100 616 10
