30
1 74 2
2 89 6
3 86 6 58 10 78 2
4 77 10 86 4
5 98 3
6 93 1 97 5
7 97 2
8 88 1 83 10 3 10 89 2
9 55 7
10 95 7 78 7
11 63 10 59 10 65 10 66 10 67 7
12 73 10 51 5
13 84 4
14 98 2
15 94 10 75 7 88 9
16 98 3
17 92 10 85 2 75 3
18 98 1 96 10 89 2 99 10 95 3 19 10 79 5 18 10 76 2
19 55 2 78 1 53 10 27 10 29 10 84 5
20 93 9
21 67 3 62 10 68 10 91 10 71 10 69 10 90 10 57 5
22 57 5 64 10 56 10 61 10 72 10 60 2
23 84 1 74 8 79 2
24 79 3
25 97 2
26 97 1 98 1
27 87 10 85 8
28 51 5 22 10 49 5
29 54 9 70 10 52 10 82 10 55 1
30 60 8 54 1
