3000
1 8667 600 8855 600 8609 600 8780 600 5600 600 8597 600 5908 600 8861 600 9482 600 5935 576
2 8907 381
3 6190 600 5756 600 6219 596
4 8542 255
5 8713 600 8890 600 8267 160
6 9546 600 7890 600 7903 600 8219 600 9288 282
7 8565 364
8 9079 401
9 6204 600 6073 600 6206 600 6273 600 6280 600 6265 600 6153 600 6244 600 5759 600 5946 600 6041 600 5617 600 5745 427
10 9304 600 8606 600 8716 600 8776 600 8916 179
11 6780 14
12 9229 174
13 6018 600 6305 600 6057 600 5663 600 5870 600 5685 600 6496 185
14 9672 600 7054 544
15 8446 440
16 7126 397
17 8189 128
18 6627 600 7450 600 8587 600 6166 600 6885 301
19 6127 600 6023 600 6032 600 6107 600 5849 600 5855 600 5955 533
20 9190 600 6418 481
21 9577 18
22 5145 600 5138 600 5151 55
23 6295 600 6419 600 5992 600 6635 600 6578 600 6470 600 5410 600 6187 600 6558 242
24 8543 405
25 8997 415
26 6133 600 7026 600 6171 600 6342 600 6096 380
27 8221 600 8249 17
28 8463 275
29 6859 600 9095 600 8449 600 6970 600 8455 99
30 8841 600 8887 600 8603 96
31 5917 600 5720 600 5994 600 6551 489
32 6081 600 5920 600 6028 600 6568 600 6539 600 6006 600 6040 600 6362 600 5602 600 5642 600 6283 600 6367 600 5837 153
33 8526 600 8834 600 8742 200
34 5441 600 6312 335
35 6495 600 6490 600 6584 600 6303 600 6313 600 6524 559
36 9044 88
37 9441 254
38 7917 511
39 9581 336
40 9651 600 6779 600 8640 600 8241 600 8252 600 9053 282
41 6288 600 6709 600 8040 600 8781 600 8856 600 7744 600 8685 600 9418 600 6160 600 8461 600 6098 83
42 5879 600 5903 176
43 8889 600 8793 478
44 6775 600 6606 600 6725 600 6927 600 7013 600 7343 600 7311 465
45 9796 125
46 9541 582
47 5862 600 6286 600 9294 600 8885 600 8926 470 7175 301
48 7605 338
49 7406 600 7490 600 5662 600 5813 600 5991 600 6082 600 7125 600 5592 600 5348 381
50 5584 600 7320 600 6499 155
51 9139 600 6943 526
52 6977 600 6600 600 6857 86
53 8345 357
54 8829 600 8846 292
55 8717 328
56 8027 459
57 6386 600 6043 600 6650 600 6384 532
58 8130 50
59 8769 600 8881 600 8886 457 9081 600 8878 600 8949 600 6840 560
60 5223 600 5896 600 5633 600 8255 169
61 6589 600 5776 481
62 2621 600 2650 600 2366 600 2840 339
63 8360 90
64 8707 600 8703 600 8868 600 5815 600 5630 600 5911 600 6112 87
65 7788 600 8603 504 8686 50
66 5476 421
67 9643 388
68 9264 232
69 5761 103
70 2556 600 5152 600 5146 600 5175 600 2336 600 2576 600 5179 334
71 9398 171
72 8938 600 9016 600 8801 473
73 8837 600 5703 368
74 9846 105
75 9474 92
76 8479 600 8493 600 8571 404
77 8604 600 8192 600 8329 600 8616 427
78 5727 232
79 6299 600 6660 600 6220 600 5984 600 6267 600 8525 600 7966 600 5781 475
80 6592 600 8310 495
81 8477 600 8554 600 6037 600 5725 600 5939 600 5664 600 5864 600 5977 381
82 9726 81
83 9321 600 8552 600 8984 28
84 6330 600 5648 600 6231 600 5448 600 6598 600 5628 600 5868 600 7285 70
85 6699 600 6674 600 8595 600 6736 164
86 7732 590
87 7918 600 8860 415 5961 600 6708 600 8669 101
88 7582 600 8415 600 8323 600 7765 600 6838 179
89 9556 600 8375 112
90 9416 9
91 2567 600 2371 600 2172 600 2090 355
92 6969 592 6610 600 6860 243
93 9612 223
94 7186 600 5740 155
95 9349 31
96 8984 293
97 8865 600 8908 600 9052 600 8745 600 9112 600 9009 600 9449 600 8849 527
98 9767 8
99 9107 600 9599 600 8959 600 5599 510
100 9501 484
101 8899 600 8303 600 8277 534
102 6467 600 6800 600 6567 600 6752 598 6183 600 6306 120
103 5594 600 6164 600 6237 600 5325 600 5368 600 6058 600 6311 600 8682 529
104 6694 180
105 8715 600 8912 600 9260 154
106 8469 184
107 6836 600 9049 600 6373 600 6571 600 8888 282
108 6626 600 8148 600 8447 99
109 8971 275
110 8286 13
111 9659 411
112 321 600 349 15
113 9746 101
114 4365 387
115 9012 600 8322 600 8138 600 8535 600 8327 600 8544 600 8020 591
116 7265 600 7817 600 7811 600 7008 600 6179 600 5686 600 7285 528
117 7621 600 7955 153
118 7785 600 8738 172
119 9870 44
120 9084 600 9203 600 9191 600 8920 600 9015 600 6074 600 6085 600 6213 600 8818 600 8986 600 5971 600 8892 600 9217 600 6282 62
121 6046 600 6446 600 5802 600 5547 600 5823 600 6406 85
122 5540 455 6249 255
123 9330 339
124 5638 600 6341 139
125 2299 600 2452 600 2260 346
126 8971 325 8722 600 8704 600 8730 600 9185 299
127 9669 600 9207 600 9221 600 9490 600 5803 600 6948 473
128 6480 600 6691 600 5479 449
129 6094 600 5575 600 6240 600 6376 600 5437 285
130 5520 600 7400 600 6721 600 6210 600 6294 600 7309 600 6541 600 5850 600 6270 11
131 9421 600 9198 600 9178 600 8495 553
132 5397 456
133 9287 600 8877 600 8788 600 8706 600 8862 487 9155 600 8559 600 6325 600 6669 600 6229 600 6310 600 8939 294
134 8614 600 8331 471
135 8833 432 9144 600 9322 600 8400 600 9034 56
136 8764 475
137 8157 600 8421 600 8532 125
138 8012 600 6641 600 6735 600 7711 600 6284 600 6337 600 6318 600 6464 600 6573 120
139 9104 600 8914 409
140 7945 600 8229 600 9076 600 8610 600 6618 600 9250 600 6810 600 8805 600 6502 301
141 8681 600 7111 600 8284 600 5605 575
142 6272 600 6186 562 6150 600 6238 600 5788 600 6282 538 6225 528 5553 600 6051 600 5796 600 5927 402
143 9829 26
144 9635 64
145 8317 600 6814 600 5702 105
146 8708 600 8842 210
147 7337 600 7352 600 8231 600 6769 92
148 9072 600 8910 125
149 9372 224
150 8760 600 8960 449
151 7034 600 8115 600 6202 600 6498 210
152 8800 600 8617 600 6176 600 8605 401
153 8364 600 8021 600 8263 30
154 8763 600 8913 600 8941 600 8736 600 8608 600 8732 600 6024 600 5482 30
155 8701 600 9226 600 8955 600 9245 600 8747 600 9091 600 9105 600 8752 600 9509 600 8852 178
156 7767 600 5682 600 6290 600 7833 600 8720 600 5452 184
157 9162 152
158 7787 597
159 5778 600 5979 600 5828 600 5780 600 5729 600 5924 267
160 8103 600 8264 600 7502 597
161 8195 578 6712 600 7543 600 6829 412
162 9470 133
163 8934 600 8557 197
164 6062 151
165 9266 600 9230 600 9430 600 9106 600 9319 600 8656 600 6099 600 7346 600 9671 600 6345 600 8268 600 8417 156
166 9701 237
167 9387 600 9253 600 9193 600 9196 600 9283 600 8817 600 9047 600 9343 600 9101 600 8766 600 8833 168
168 8749 600 8919 600 9133 600 9456 600 9078 117
169 9693 600 9461 578
170 6404 595 7292 600 8119 600 8570 587
171 9113 426
172 9285 424
173 6205 600 7020 600 8071 286
174 5279 600 5234 600 5286 598
175 9498 65
176 7434 600 6869 600 7072 600 5449 555
177 8243 84
178 6615 600 5637 600 6883 600 6243 600 8672 600 7810 600 8600 600 5810 600 5775 600 6212 239
179 2599 600 2529 600 2610 406
180 6224 600 5871 600 5626 600 6320 398
181 9601 600 9628 600 9307 600 9397 600 7349 600 8898 600 6528 600 6673 600 8798 600 9483 108
182 7153 600 5768 600 6209 600 5699 600 6983 600 5820 600 5705 600 7497 600 8926 130
183 6967 63
184 5377 600 6658 600 6845 600 8272 600 6497 600 7908 600 6317 600 6381 600 9553 600 6645 600 6247 600 7236 212
185 6755 600 7075 328
186 6903 600 5677 195
187 7909 600 6045 600 6870 600 5798 600 7237 600 5631 136
188 9241 600 8686 4
189 8665 600 8070 519
190 9034 544 6718 600 7652 600 6866 600 5959 600 8563 201
191 6729 600 7602 600 8290 593
192 7260 600 6783 600 6972 600 7087 434
193 8393 600 9002 600 9357 410
194 7991 600 9019 419
195 8576 600 8350 259
196 8428 600 8684 290
197 6657 600 7799 580
198 9233 600 9580 589 8397 357
199 9465 286
200 9338 600 8702 600 7877 224
201 8048 430
202 5351 600 5654 600 5926 600 5769 600 6998 600 6103 518
203 9096 600 8972 600 8952 600 8765 600 6319 600 8239 214
204 9098 212
205 9970 30
206 8815 600 9066 600 9390 453
207 9602 339
208 9232 470
209 8131 600 7115 266
210 8612 600 8613 488
211 8811 198
212 9440 600 9379 8
213 8113 600 8437 600 8511 600 8666 446
214 8866 600 8918 430
215 8151 83
216 6513 600 7094 600 6703 600 9064 287
217 8343 600 8185 219
218 5644 600 5650 600 5482 570 5587 600 5623 523
219 9127 331
220 9915 112
221 8522 126
222 8283 600 8025 600 9077 600 6161 600 6293 600 6534 475
223 8519 600 8679 600 9366 11
224 6121 600 6505 600 6246 600 5819 600 5655 600 6344 600 6158 462
225 9124 230
226 9200 11
227 9507 370
228 6304 600 5666 600 6720 600 6727 600 6436 600 5818 600 6106 600 6605 600 6506 600 5416 377
229 7876 600 6420 600 6652 153
230 6135 600 5741 600 5734 600 6460 600 5821 600 5975 600 5922 600 5890 479
231 9280 600 8962 600 9062 533
232 6973 600 6754 600 8126 600 5545 600 5667 401
233 9361 18
234 7941 600 6174 600 6909 112
235 6487 600 7326 114
236 6080 600 6148 600 5953 600 6846 600 8832 600 6352 349
237 8671 600 8869 600 8583 600 9379 592 9298 600 8891 600 9118 600 9103 600 8983 600 9025 600 9087 600 9351 600 9129 600 9058 58
238 8979 600 8991 600 8826 600 8850 382
239 6778 600 6349 600 6418 33
240 9437 600 7633 600 8777 20 9454 517
241 6084 281
242 7957 600 8507 379
243 8773 93
244 6771 600 7350 311
245 9014 600 6796 290
246 5529 600 5694 600 7199 600 5309 600 6456 600 8149 338
247 9738 167
248 9453 140
249 6566 600 6426 600 5938 600 6298 600 5996 600 6159 600 5925 600 6326 600 5856 600 5733 600 6110 154
250 6577 600 6289 600 6684 600 7583 600 6129 600 8346 600 6511 600 6716 600 7018 600 7635 443
251 9512 328
252 5865 600 5681 600 6186 38
253 8580 26
254 5645 600 5539 600 5771 600 5615 600 5515 600 5680 600 5452 69
255 9755 103
256 8777 580
257 9563 600 8782 600 9011 211
258 9750 189
259 2757 600 2754 102
260 8309 600 8352 600 8351 600 9212 600 8759 600 8150 600 8794 600 8714 600 9179 600 9008 600 8503 600 9479 600 9167 205
261 8626 235
262 8411 600 6544 600 6738 600 7240 342
263 7921 600 6742 600 6817 516
264 9350 26
265 6324 600 8664 600 6078 546 6529 551 6340 600 5888 600 8836 600 5696 600 5990 600 6483 600 5679 600 5998 182
266 8456 600 7496 600 8663 105
267 9497 291
268 5099 600 5094 583
269 9148 600 9488 600 9576 267
270 6702 600 7047 327
271 8650 474 9177 366 9422 600 9073 600 9116 600 8454 563 7379 67
272 9296 600 7291 590
273 8967 600 8808 315
274 8601 306
275 5738 600 6526 600 6087 600 6022 291
276 5845 600 5882 600 5799 600 5724 472
277 8367 591
278 8668 159
279 9324 373
280 6013 154
281 8784 600 6969 8
282 9648 600 8705 600 9020 600 9574 600 8687 600 9267 600 6257 600 9088 600 8551 600 9089 138
283 770 600 778 8
284 2481 9
285 9617 600 9619 140
286 9211 600 9580 11
287 9539 472
288 7052 600 7358 600 6429 600 6585 600 6893 600 7350 25
289 9164 398
290 9341 311
291 9526 600 8754 600 8828 600 8968 600 9028 600 6093 600 6347 600 6442 600 8917 600 9033 497
292 7998 600 8629 600 6452 600 6861 600 5561 313
293 6336 600 6401 600 6131 600 6263 600 6363 600 5610 600 5614 595
294 5844 600 5719 600 6949 600 7751 600 8039 600 6175 240
295 8396 72
296 8771 600 8482 542
297 6918 441
298 9801 27
299 5374 555
300 6007 600 6583 600 9315 600 5921 600 6764 600 8438 600 9200 99
301 8018 595
302 5867 273
303 9183 325
304 9677 68
305 7123 600 6603 380
306 9415 571
307 8931 600 8779 591
308 6707 600 9120 600 9154 600 5765 600 8916 309
309 8122 600 5728 600 8383 600 5665 600 6504 600 6357 202
310 9007 600 8315 188
311 8947 596 9151 600 8928 600 8824 600 8880 600 8976 600 9220 600 9017 600 9157 600 9182 600 8923 518
312 2641 600 2699 600 2684 301
313 6261 600 6211 600 6385 600 6125 600 6112 452 5743 600 5947 481 6136 600 6008 600 6364 600 5652 600 6151 600 6301 575 9156 1
314 6867 600 5748 390
315 8620 600 8978 600 6580 600 9375 600 7148 600 8758 600 8975 600 9225 600 9339 600 9058 542 7016 92
316 8922 600 8942 600 9050 600 8741 600 8876 600 9048 5
317 7563 600 9477 600 8792 600 8195 22
318 9075 600 9051 600 9000 600 9204 600 8767 600 8810 600 6302 600 8588 600 8860 185
319 8840 600 8870 306
320 8473 600 6428 342
321 7735 600 8413 116
322 6890 101
323 5556 600 5521 600 5506 600 5558 600 5590 600 5492 600 5574 600 5454 600 5540 145
324 7225 600 6686 142
325 282 600 6047 600 6449 600 7451 600 7988 600 8673 600 5841 80 5919 129
326 6469 600 6360 600 6365 600 6445 600 6444 600 5826 600 5732 600 5731 600 6588 600 5981 600 6014 281
327 7824 600 8951 600 5852 600 6351 576 6413 600 6524 18
328 9312 600 9115 157
329 9670 9
330 6520 600 7293 600 7865 600 8167 337
331 2153 600 2407 522
332 167 600 164 36
333 5832 600 6550 600 9311 600 9134 600 9270 600 6601 600 8470 600 8485 307
334 8190 600 7971 600 8145 600 8541 600 8258 600 8575 600 8405 600 7379 19
335 6296 600 6353 600 6225 72
336 6678 600 6731 600 7499 455
337 9518 204
338 8298 598
339 5915 600 7159 600 7847 339
340 9128 600 8761 600 8785 121
341 5015 600 2883 392
342 8678 600 6126 600 9156 599 9125 600 6437 600 6512 600 9452 600 9173 600 8733 121
343 5968 473
344 5940 600 5646 426
345 8451 600 8985 600 8381 388
346 6063 600 6130 600 5717 600 5763 600 6329 600 5912 600 6477 269
347 8751 600 7717 600 8412 510
348 9622 191
349 6334 600 5649 600 6297 600 5993 600 6112 61
350 9048 595 9228 600 9251 600 9468 600 9169 600 8977 600 9021 600 9413 600 9123 600 9237 600 8648 600 9177 234
351 8129 600 8546 501
352 7059 600 6516 600 6750 600 6808 600 6593 317
353 6530 600 6842 600 7016 508 8348 600 8373 70
354 8693 600 6670 600 7476 600 5806 600 8353 87
355 8398 398
356 6819 600 6961 600 6666 600 6346 600 6507 600 6734 600 5276 162
357 5491 600 6427 600 6607 600 6000 600 6169 600 8994 600 9119 600 5704 422
358 7883 566
359 8809 600 8804 600 8874 534
360 9085 357
361 9365 600 7149 600 8966 600 6432 600 6945 49
362 8424 600 8585 600 8650 126
363 9489 461
364 6412 600 8743 600 8076 600 8316 600 9485 357
365 8371 185
366 9071 600 8536 600 6938 121
367 5473 600 6110 446 5983 206
368 9056 600 8921 600 7886 12
369 4265 454
370 8814 600 8660 9
371 7955 447 8306 115
372 8823 289
373 6016 600 5505 600 5931 600 5860 600 5902 600 5570 600 5822 428
374 8607 525
375 2276 600 2287 135
376 9790 88
377 8510 600 8403 600 8441 600 8061 600 8567 247
378 8695 600 8924 600 8897 600 8965 274
379 5718 600 6654 379
380 8426 600 9078 394 8549 230
381 9314 446
382 6111 600 6368 600 7005 600 6664 600 6881 600 6438 600 5424 539
383 9406 591
384 9528 21
385 5985 600 6167 462
386 5951 600 5876 600 5894 600 5659 410
387 8644 600 6974 69
388 9274 600 9269 600 9334 600 9417 600 5957 600 6184 600 5982 576
389 9180 600 8486 271
390 268 178
391 6285 600 6543 600 6194 600 6570 600 6180 600 6631 600 5548 600 6321 518
392 6172 600 6982 600 8164 539
393 9100 600 8739 600 9189 600 9262 600 9152 600 9431 600 9345 600 8883 600 8830 600 8859 600 6092 494
394 5635 600 5893 600 6287 600 6343 600 6234 600 6115 600 5873 600 5913 600 6035 218
395 8325 441
396 5932 600 8698 600 9102 600 6451 600 6649 600 7316 600 8472 600 8871 600 8404 600 8803 600 9466 600 5776 63
397 9545 600 9676 483
398 8593 600 8796 600 9044 512 7247 600 8867 600 9163 600 5525 600 5651 600 5478 497
399 4991 600 5006 600 4974 305
400 8365 133
401 6119 600 6138 600 6624 600 6951 92
402 6997 600 8227 600 7370 280
403 6596 600 6377 600 6414 600 7850 600 6422 600 7844 600 8514 600 6198 600 5886 600 6423 600 8523 600 6351 24
404 6876 600 6914 600 6201 405 6723 600 6270 589 6441 447
405 9352 239
406 9660 91
407 9491 600 8772 600 8677 600 8469 127
408 8845 600 8835 600 8797 600 8862 113
409 6457 600 6781 600 6599 247
410 9001 600 9083 512
411 8598 600 8289 600 7862 600 7609 600 8586 600 7414 600 8361 600 8639 126
412 9502 600 8915 600 9024 600 9188 600 8774 535
413 9382 600 5755 600 6481 600 9281 600 8909 600 6182 600 6416 600 5923 600 6260 600 9045 600 6439 600 9272 600 9381 373
414 8217 124
415 9586 324
416 9046 502
417 9638 240
418 5589 600 6195 600 5924 322 6026 63
419 6561 600 8427 600 8136 600 6784 600 8615 275
420 9295 600 8573 600 8581 600 9464 102
421 5577 29
422 5671 600 5634 600 8611 475
423 6482 600 6591 600 6144 600 6579 434
424 6787 600 6947 600 6935 600 6646 600 7266 600 6404 5
425 216 600 162 600 70 600 91 600 136 600 200 600 90 219
426 5906 600 5986 600 5885 600 6154 600 5974 600 5835 600 6155 600 6200 600 5841 520
427 6475 512
428 9108 127
429 9246 469
430 8641 600 8903 600 8653 373
431 9564 497
432 5494 600 8308 600 8356 180
433 5678 600 5976 600 6359 600 7053 600 5340 600 6448 600 6642 600 6793 600 6370 168
434 9548 600 5973 600 6035 382 6113 600 6537 600 9131 600 7728 451
435 6415 600 6529 49
436 7065 600 6525 600 8422 600 6278 233
437 415 600 392 600 412 600 482 600 478 600 2221 586
438 6132 600 6640 600 7943 507
439 5687 600 5989 564 7542 600 7300 600 6828 116
440 7137 600 8500 600 5559 600 5586 600 7227 600 8066 115
441 6262 600 5683 600 5837 447 6145 494
442 5730 600 6142 600 6549 600 7058 600 9256 264
443 6264 600 6354 119
444 6388 576 5887 600 7143 175
445 8318 379
446 9369 600 8990 600 9385 169
447 5643 600 5601 600 5858 600 5987 392
448 9644 81
449 9531 276
450 5657 158
451 9408 195
452 9645 69
453 9970 11
454 9231 357
455 9092 600 9455 600 8733 479 8655 600 9265 199
456 8998 600 7392 600 8260 600 9332 600 9500 380
457 5714 600 6476 600 5311 600 5412 600 6581 600 5597 438
458 5900 600 5786 600 6181 600 6398 600 6269 600 6253 600 6066 600 5878 600 6025 600 6333 600 6461 600 5929 559
459 8344 600 8632 350
460 6509 600 6648 600 6698 600 6254 600 6816 394
461 7278 69
462 8354 26
463 9732 25
464 5956 77
465 9638 157
466 8973 376
467 9029 600 9399 600 9114 413 9533 600 9585 600 9327 600 9409 600 6831 600 8555 600 6281 600 7550 158
468 8879 600 8787 600 9214 600 9043 600 9109 600 9306 600 8981 600 9166 600 8527 600 8852 422 8980 411
469 9005 600 9060 406
470 9428 600 9323 600 9291 600 8596 600 9392 133
471 6235 600 6411 600 6156 600 7777 600 6651 600 6215 600 6392 589
472 6700 600 8230 600 8450 93
473 9206 600 9255 600 9078 89
474 8937 600 9149 450 9236 600 5294 307
475 7372 586
476 7986 600 6656 600 8014 600 9368 215
477 6559 600 6484 468
478 668 600 639 75
479 9928 69
480 6162 600 6177 600 5840 600 6410 480
481 5861 600 6255 600 5629 600 6165 600 5639 600 6178 600 6393 600 6430 600 5692 600 5918 600 5947 119
482 8737 600 8886 143
483 6266 600 6637 600 5527 600 5571 600 6594 600 6540 600 8533 600 9524 600 5621 600 9268 347
484 2383 600 2335 600 2388 398
485 6192 600 5512 600 5901 600 5379 600 5519 600 6222 481
486 9642 128
487 5453 600 6315 600 6168 600 5942 600 6394 600 6331 600 5883 600 6090 600 5607 600 5936 600 6323 248
488 2359 600 2588 183
489 8657 600 9126 600 9171 600 9065 600 8594 600 8756 600 8875 600 8521 600 9036 600 8895 600 8537 600 6227 600 5787 251
490 8481 358
491 8950 600 8894 600 8625 600 6139 600 8560 600 9519 600 5596 600 8831 600 9510 600 6005 600 6258 457
492 5391 600 5324 600 5487 600 5493 600 5466 589
493 5668 600 8964 600 6124 600 6458 39
494 99 600 86 600 156 600 103 600 98 426
495 6100 600 6277 532 6355 314
496 5363 600 5542 600 5809 438
497 6545 600 6533 600 6409 600 6519 600 5417 600 6095 542
498 6248 600 5481 600 5500 600 6701 600 6715 600 5700 600 6163 600 5698 458
499 9630 256
500 6739 226
501 5523 600 5440 600 6522 600 9061 600 5516 600 6031 276
502 9583 86
503 8378 600 8490 600 8478 178
504 9439 600 9366 589 9567 600 9384 75
505 8728 600 8783 600 9429 274
506 9534 404
507 9115 443 8222 600 5836 600 6366 600 6887 600 8691 600 8821 600 5550 600 5792 600 6233 223
508 8276 600 8436 384
509 6380 600 8391 600 9010 600 5967 600 7837 600 9022 600 6327 600 8622 600 6388 24
510 8488 600 6494 600 6643 600 8499 600 5833 600 6390 600 7458 600 8158 600 8696 56
511 8233 600 9137 375
512 8484 600 8497 600 7134 426
513 8207 600 8379 600 8844 157
514 8458 600 8288 123
515 8757 600 7716 389
516 7135 600 7323 600 5746 600 5674 600 6189 600 5753 600 5583 600 6277 68
517 5790 571
518 9392 207
519 7242 600 7383 600 6369 600 6348 600 8193 65
520 5431 600 8466 458
521 6010 600 6322 600 5782 600 6292 600 8699 600 5943 562
522 8508 600 8748 517
523 9308 600 6075 600 7003 4
524 5892 600 5854 600 5774 600 6143 600 6019 600 5660 600 6056 600 5831 600 6116 600 5793 600 6479 600 6301 25
525 9099 600 8592 600 8566 600 8589 600 8933 600 8240 600 5848 600 6407 407
526 5869 600 5884 600 6417 600 5937 600 7671 557
527 6054 600 5672 227 5543 600 5980 600 5924 11
528 9333 445
529 8642 600 7896 600 8064 600 8124 515
530 6275 347
531 8958 600 9038 600 8953 600 9114 187
532 9300 600 9472 600 8454 37
533 9301 379
534 8770 600 9248 398
535 8430 600 7703 131
536 5898 600 6826 173
537 7556 600 6685 600 6984 134
538 7526 480
539 8807 600 6454 600 6710 600 6332 600 6683 600 8623 600 8755 600 6478 600 6613 600 9031 452
540 7339 600 7452 416
541 8496 600 6001 214
542 6396 600 6569 600 6208 600 5585 600 6595 488
543 8007 446
544 2486 600 2069 303
545 8355 600 8409 600 8293 600 5839 310
546 58 600 73 600 122 600 84 600 46 600 97 600 93 600 47 19
547 6560 600 5450 600 6372 41
548 9153 600 9160 525
549 9987 14
550 6761 600 6621 600 7599 600 7084 102
551 6863 114
552 5827 600 6185 600 6242 600 5670 600 5715 600 6433 600 6471 600 5772 600 5726 427
553 8853 600 8711 460
554 8689 562
555 6307 27
556 9094 600 8995 600 8947 4
557 2423 146
558 9278 11
559 7160 600 8498 600 6036 600 7512 488
560 7686 600 8457 67
561 5830 600 6061 600 6339 600 6361 600 6350 600 5625 600 5960 600 6049 600 6152 600 6078 54
562 6629 600 6523 600 6597 600 6622 600 5513 495
563 8194 600 8529 197
564 5751 600 5767 600 5999 600 5859 600 5816 600 6157 600 6201 195
565 8646 600 8709 600 9412 600 9371 600 8674 600 9252 268
566 6251 600 8489 600 8540 600 8358 600 5752 600 6250 600 5958 452
567 7003 197
568 7070 600 6228 600 6358 600 6554 600 5591 600 6431 600 5669 529
569 9282 600 9346 600 9425 600 7415 600 8882 600 8556 600 7474 600 7849 600 8464 181
570 9499 600 9149 150
571 6928 600 7060 225
572 2528 600 2439 600 2151 600 2474 291
573 6574 600 6717 600 6900 61
574 9187 429
575 5468 600 6065 600 6027 600 5622 600 6055 481
576 9364 271
577 7299 600 6245 600 6745 600 6906 600 8058 258
578 5433 600 6004 600 8386 600 5352 600 6675 600 5989 36
579 8462 600 8658 600 6609 600 8448 600 8690 600 9026 600 8509 600 8778 600 8330 600 6030 455
580 8872 600 9202 600 9277 600 8902 600
581 9138 600 8442 116
582 6765 600 8011 600 5998 200
583 9483 102
584 9243 600 9258 600 6064 12
585 6501 600 6726 600 6128 600 6399 600 6945 365
586 5952 600 5712 600 6375 600 5532 422
587 8721 600 8727 600 8661 600 8813 600 8851 600 8696 254
588 6737 137
589 9789 103
590 7191 600 6389 27
591 8786 600 9506 600 8847 600 8746 600 6756 201
592 9593 52
593 6101 600 6122 600 6141 600 6039 600 6021 600 6034 600 6191 600 5811 600 5889 600 5721 600 5672 373
594 7585 600 6510 600 7178 412
595 9991 1
596 7866 600 6732 551
597 9457 600 8992 600 8822 356
598 9359 600 8948 345
599 8940 600 8471 600 8911 600 9004 600 6586 600 8170 600 6492 600 6752 2
600 5285 600 5485 600 5367 600 5549 278
601 7643 10
602 6565 10
603 195 10
604 6079 10
605 5217 10
606 8468 10
607 8557 10
608 8143 10
609 5205 10
610 8434 10
611 7888 10
612 9604 10
613 5447 10
614 5656 10
615 5459 10
616 8326 10
617 432 10
618 9577 10
619 9146 10
620 2405 10
621 5745 10
622 229 10
623 5905 10
624 7379 10
625 432 10
626 229 10
627 2542 10
628 8337 10
629 8468 10
630 5201 10
631 8369 10
632 5606 10
633 164 10
634 7141 10
635 9727 10
636 9391 10
637 223 10
638 877 10
639 5632 10
640 8864 10
641 7963 10
642 2309 10
643 6929 10
644 5909 10
645 7077 10
646 7459 10
647 9640 10
648 6853 10
649 132 10
650 2478 10
651 7189 10
652 7860 10
653 102 10
654 8692 10
655 7234 10
656 6038 10
657 6239 10
658 194 10
659 8218 10
660 6553 10
661 7797 10
662 8301 10
663 5582 10
664 2352 10
665 2436 10
666 5846 10
667 551 10
668 8420 10
669 6391 10
670 7919 10
671 9042 10
672 1000 10
673 7202 10
674 5067 10
675 7099 10
676 7733 10
677 9273 10
678 600 10
679 5742 10
680 4987 10
681 9349 10
682 14 10
683 2207 10
684 5904 10
685 8262 10
686 8545 10
687 8505 10
688 8969 10
689 8354 10
690 6400 10
691 2091 10
692 8062 10
693 9584 10
694 5329 10
695 9347 10
696 170 10
697 222 10
698 9208 10
699 2226 10
700 8337 10
701 8176 10
702 6835 10
703 8270 10
704 2451 10
705 6825 10
706 5603 10
707 20 10
708 1977 10
709 9074 10
710 7505 10
711 8147 10
712 728 10
713 214 10
714 6693 10
715 5194 10
716 9057 10
717 6109 10
718 92 10
719 9393 10
720 6443 10
721 1984 10
722 5758 10
723 8402 10
724 6786 10
725 143 10
726 6619 10
727 143 10
728 5567 10
729 8377 10
730 348 10
731 8176 10
732 1000 10
733 8101 10
734 8278 10
735 9504 10
736 65 10
737 8683 10
738 7006 10
739 5964 10
740 145 10
741 59 10
742 47 10
743 6485 10
744 2544 10
745 7884 10
746 6009 10
747 7882 10
748 5880 10
749 8418 10
750 7077 10
751 9093 10
752 6188 10
753 6473 10
754 222 10
755 9429 10
756 6079 10
757 8974 10
758 9624 10
759 8440 10
760 7394 10
761 8944 10
762 6488 10
763 6383 10
764 32 10
765 2647 10
766 5445 10
767 9347 10
768 7155 10
769 8639 10
770 8621 10
771 5329 10
772 6553 10
773 8401 10
774 9037 10
775 265 10
776 8307 10
777 8408 10
778 8031 10
779 5995 10
780 5084 10
781 5905 10
782 159 10
783 5880 10
784 163 10
785 948 10
786 6803 10
787 7874 10
788 5124 10
789 7196 10
790 6762 10
791 223 10
792 8134 10
793 5012 10
794 6843 10
795 8077 10
796 6677 10
797 8023 10
798 57 10
799 600 10
800 6760 10
801 8147 10
802 823 10
803 5904 10
804 8545 10
805 8026 10
806 7282 10
807 5095 10
808 8216 10
809 38 10
810 7479 10
811 659 10
812 6378 10
813 8414 10
814 7271 10
815 463 10
816 6044 10
817 9706 10
818 1984 10
819 5353 10
820 986 10
821 6733 10
822 5582 10
823 5389 10
824 6408 10
825 6496 10
826 6308 10
827 2398 10
828 7012 10
829 6532 10
830 7591 10
831 7133 10
832 6515 10
833 6692 10
834 4965 10
835 6788 10
836 7022 10
837 6680 10
838 5829 10
839 208 10
840 5353 10
841 8292 10
842 138 10
843 7808 10
844 5544 10
845 9411 10
846 5176 10
847 7204 10
848 7968 10
849 6780 10
850 9458 10
851 8 10
852 6688 10
853 739 10
854 9150 10
855 6662 10
856 9318 10
857 8062 10
858 6474 10
859 22 10
860 6207 10
861 9727 10
862 8200 10
863 243 10
864 278 10
865 9571 10
866 5783 10
867 5658 10
868 7253 10
869 5930 10
870 244 10
871 5891 10
872 872 10
873 6279 10
874 5762 10
875 8078 10
876 8380 10
877 2339 10
878 5905 10
879 5881 10
880 1968 10
881 9384 10
882 8395 10
883 7312 10
884 7006 10
885 7978 10
886 9632 10
887 796 10
888 7808 10
889 8301 10
890 7804 10
891 9495 10
892 6535 10
893 7591 10
894 5408 10
895 6937 10
896 5582 10
897 665 10
898 8524 10
899 6003 10
900 8089 10
901 5846 10
902 5378 10
903 5183 10
904 8353 10
905 8974 10
906 7177 10
907 8450 10
908 6147 10
909 2884 10
910 2633 10
911 2226 10
912 95 10
913 2344 10
914 553 10
915 5360 10
916 8250 10
917 74 10
918 9329 10
919 236 10
920 8635 10
921 5572 10
922 7992 10
923 8387 10
924 6146 10
925 61 10
926 132 10
927 9093 10
928 6632 10
929 8982 10
930 9213 10
931 5333 10
932 7177 10
933 8414 10
934 1976 10
935 19 10
936 8969 10
937 5442 10
938 326 10
939 8349 10
940 5203 10
941 222 10
942 5847 10
943 271 10
944 2484 10
945 8305 10
946 6757 10
947 8988 10
948 8203 10
949 5420 10
950 8206 10
951 4997 10
952 5194 10
953 5347 10
954 113 10
955 171 10
956 8680 10
957 6188 10
958 113 10
959 2220 10
960 723 10
961 5603 10
962 9634 10
963 6604 10
964 5217 10
965 252 10
966 5378 10
967 12 10
968 399 10
969 5627 10
970 6491 10
971 6862 10
972 6805 10
973 7181 10
974 7704 10
975 105 10
976 8590 10
977 2220 10
978 7000 10
979 6462 10
980 6980 10
981 8401 10
982 5067 10
983 6406 10
984 7731 10
985 20 10
986 5857 10
987 8408 10
988 659 10
989 475 10
990 6076 10
991 387 10
992 5203 10
993 7165 10
994 5656 10
995 6677 10
996 6503 10
997 6011 10
998 8155 10
999 8262 10
1000 9560 10
1001 30 10
1002 9310 10
1003 8987 10
1004 8753 10
1005 6782 10
1006 959 10
1007 5176 10
1008 9254 10
1009 8416 10
1010 8253 10
1011 7797 10
1012 6421 10
1013 6463 10
1014 8524 10
1015 8395 10
1016 7616 10
1017 8001 10
1018 9030 10
1019 5486 10
1020 9654 10
1021 5749 10
1022 5576 10
1023 6338 10
1024 7165 10
1025 8022 10
1026 244 10
1027 8568 10
1028 5205 10
1029 8110 10
1030 8109 10
1031 8198 10
1032 9523 10
1033 80 10
1034 6841 10
1035 7462 10
1036 7593 10
1037 2625 10
1038 7360 10
1039 9373 10
1040 5966 10
1041 9069 10
1042 7669 10
1043 7561 10
1044 2436 10
1045 8550 10
1046 4994 10
1047 9150 10
1048 6397 10
1049 6556 10
1050 76 10
1051 5875 10
1052 5170 10
1053 6108 10
1054 7455 10
1055 5567 10
1056 2547 10
1057 9060 10
1058 8030 10
1059 2776 10
1060 5170 10
1061 5904 10
1062 7010 10
1063 8181 10
1064 8238 10
1065 7388 10
1066 8724 10
1067 9436 10
1068 5228 10
1069 1185 10
1070 9158 10
1071 9354 10
1072 8574 10
1073 8062 10
1074 8734 10
1075 9089 10
1076 348 10
1077 271 10
1078 7246 10
1079 6383 10
1080 9436 10
1081 6696 10
1082 326 10
1083 5995 10
1084 8987 10
1085 182 10
1086 8580 10
1087 263 10
1088 2124 10
1089 823 10
1090 6773 10
1091 8369 10
1092 26 10
1093 728 10
1094 6503 10
1095 8249 10
1096 6371 10
1097 9284 10
1098 7055 10
1099 2226 10
1100 376 10
1101 6616 10
1102 7295 10
1103 5857 10
1104 6625 10
1105 2656 10
1106 8416 10
1107 107 10
1108 5044 10
1109 8134 10
1110 8410 10
1111 107 10
1112 7253 10
1113 2099 10
1114 6547 10
1115 6493 10
1116 7632 10
1117 80 10
1118 8439 10
1119 7522 10
1120 9273 10
1121 113 10
1122 67 10
1123 9257 10
1124 7099 10
1125 2632 10
1126 2244 10
1127 5954 10
1128 2039 10
1129 7792 10
1130 8257 10
1131 7224 10
1132 614 10
1133 9279 10
1134 8530 10
1135 466 10
1136 8820 10
1137 8416 10
1138 426 10
1139 132 10
1140 9254 10
1141 6496 10
1142 8580 10
1143 6424 10
1144 32 10
1145 5101 10
1146 9495 10
1147 2476 10
1148 23 10
1149 6402 10
1150 6443 10
1151 7394 10
1152 7616 10
1153 2288 10
1154 475 10
1155 8182 10
1156 1012 10
1157 8935 10
1158 7479 10
1159 2609 10
1160 9391 10
1161 2459 10
1162 2776 10
1163 9384 10
1164 6489 10
1165 8024 10
1166 7203 10
1167 6587 10
1168 6862 10
1169 872 10
1170 7550 10
1171 293 10
1172 8492 10
1173 89 10
1174 6572 10
1175 5853 10
1176 6888 10
1177 8262 10
1178 8683 10
1179 9054 10
1180 7919 10
1181 6060 10
1182 7477 10
1183 6463 10
1184 163 10
1185 7860 10
1186 7055 10
1187 9670 10
1188 9208 10
1189 5126 10
1190 8001 10
1191 9478 10
1192 7891 10
1193 2283 10
1194 5301 10
1195 5503 10
1196 9074 10
1197 6590 10
1198 252 10
1199 6620 10
1200 8031 10
1201 8659 10
1202 648 10
1203 76 10
1204 5716 10
1205 6104 10
1206 6747 10
1207 9706 10
1208 8349 10
1209 8987 10
1210 5573 10
1211 8697 10
1212 6760 10
1213 9713 10
1214 8434 10
1215 7312 10
1216 6535 10
1217 8133 10
1218 7731 10
1219 6704 10
1220 6590 10
1221 511 10
1222 8387 10
1223 8647 10
1224 5857 10
1225 8049 10
1226 5773 10
1227 523 10
1228 8401 10
1229 8429 10
1230 6083 10
1231 8168 10
1232 38 10
1233 5791 10
1234 8214 10
1235 463 10
1236 7704 10
1237 8162 10
1238 9391 10
1239 9487 10
1240 8402 10
1241 5477 10
1242 6751 10
1243 5384 10
1244 515 10
1245 184 10
1246 6472 10
1247 6468 10
1248 2547 10
1249 463 10
1250 9424 10
1251 2364 10
1252 101 10
1253 8712 10
1254 8631 10
1255 5595 10
1256 2124 10
1257 7282 10
1258 2484 10
1259 9378 10
1260 9393 10
1261 6515 10
1262 9037 10
1263 5762 10
1264 8286 10
1265 8568 10
1266 2364 10
1267 8266 10
1268 8515 10
1269 7905 10
1270 9424 10
1271 5318 10
1272 5056 10
1273 7360 10
1274 2884 10
1275 8299 10
1276 2695 10
1277 5872 10
1278 6562 10
1279 8762 10
1280 7257 10
1281 150 10
1282 6786 10
1283 5934 10
1284 8819 10
1285 6894 10
1286 8480 10
1287 5846 10
1288 5995 10
1289 7133 10
1290 5632 10
1291 8590 10
1292 6552 10
1293 2414 10
1294 8139 10
1295 6872 10
1296 208 10
1297 6937 10
1298 8030 10
1299 6372 10
1300 6424 10
1301 6655 10
1302 7733 10
1303 2503 10
1304 8125 10
1305 8001 10
1306 6003 10
1307 9055 10
1308 6453 10
1309 7731 10
1310 8181 10
1311 77 10
1312 9396 10
1313 9462 10
1314 180 10
1315 7333 10
1316 8263 10
1317 2451 10
1318 736 10
1319 8035 10
1320 147 10
1321 948 10
1322 426 10
1323 8627 10
1324 248 10
1325 184 10
1326 8390 10
1327 7538 10
1328 77 10
1329 8 10
1330 9462 10
1331 349 10
1332 2481 10
1333 829 10
1334 68 10
1335 7459 10
1336 123 10
1337 8819 10
1338 8 10
1339 6134 10
1340 6608 10
1341 8443 10
1342 5093 10
1343 5072 10
1344 100 10
1345 5462 10
1346 7871 10
1347 7505 10
1348 7107 10
1349 8562 10
1350 8377 10
1351 8726 10
1352 9654 10
1353 7449 10
1354 7181 10
1355 5291 10
1356 7983 10
1357 2084 10
1358 7079 10
1359 764 10
1360 9757 10
1361 6805 10
1362 179 10
1363 8731 10
1364 5747 10
1365 1109 10
1366 728 10
1367 6747 10
1368 6902 10
1369 8263 10
1370 2352 10
1371 9732 10
1372 5851 10
1373 6953 10
1374 872 10
1375 8492 10
1376 9273 10
1377 6855 10
1378 8096 10
1379 1012 10
1380 313 10
1381 2858 10
1382 9450 10
1383 6619 10
1384 8143 10
1385 6980 10
1386 6044 10
1387 5829 10
1388 8049 10
1389 8927 10
1390 6757 10
1391 6391 10
1392 2380 10
1393 9360 10
1394 8200 10
1395 5972 10
1396 8518 10
1397 701 10
1398 6011 10
1399 7376 10
1400 9097 10
1401 6455 10
1402 9380 10
1403 2319 10
1404 85 10
1405 8216 10
1406 8311 10
1407 9614 10
1408 8259 10
1409 5329 10
1410 7992 10
1411 2265 10
1412 5443 10
1413 6590 10
1414 2134 10
1415 8259 10
1416 8557 10
1417 8109 10
1418 6489 10
1419 9278 10
1420 2542 10
1421 7177 10
1422 117 10
1423 5891 10
1424 829 10
1425 8419 10
1426 7860 10
1427 2540 10
1428 6602 10
1429 8292 10
1430 9145 10
1431 9528 10
1432 5745 10
1433 6455 10
1434 7376 10
1435 7588 10
1436 2858 10
1437 8302 10
1438 2656 10
1439 8266 10
1440 2427 10
1441 6564 10
1442 6044 10
1443 955 10
1444 8259 10
1445 8206 10
1446 5334 10
1447 9478 10
1448 8349 10
1449 59 10
1450 684 10
1451 101 10
1452 5616 10
1453 2646 10
1454 309 10
1455 7204 10
1456 5019 10
1457 2544 10
1458 210 10
1459 7055 10
1460 2372 10
1461 5972 10
1462 5308 10
1463 101 10
1464 8399 10
1465 5695 10
1466 551 10
1467 5713 10
1468 204 10
1469 7077 10
1470 105 10
1471 8729 10
1472 968 10
1473 9348 10
1474 808 10
1475 948 10
1476 7025 10
1477 8562 10
1478 6252 10
1479 5965 10
1480 6811 10
1481 6873 10
1482 7057 10
1483 7643 10
1484 5533 10
1485 5423 10
1486 523 10
1487 6865 10
1488 6060 10
1489 6400 10
1490 6620 10
1491 986 10
1492 8031 10
1493 9145 10
1494 8480 10
1495 9318 10
1496 5945 10
1497 180 10
1498 6223 10
1499 6839 10
1500 2800 10
1501 2632 10
1502 545 10
1503 8999 10
1504 6402 10
1505 6937 10
1506 6252 10
1507 8816 10
1508 6602 10
1509 8396 10
1510 8577 10
1511 6825 10
1512 7168 10
1513 9297 10
1514 6811 10
1515 8193 10
1516 6548 10
1517 8143 10
1518 9215 10
1519 2091 10
1520 6474 10
1521 5159 10
1522 8904 10
1523 5183 10
1524 7022 10
1525 5343 10
1526 6898 10
1527 8450 10
1528 8724 10
1529 8724 10
1530 8257 10
1531 22 10
1532 6387 10
1533 7804 10
1534 6518 10
1535 5486 10
1536 5443 10
1537 873 10
1538 9429 10
1539 7253 10
1540 8299 10
1541 5632 10
1542 2810 10
1543 6462 10
1544 151 10
1545 6447 10
1546 23 10
1547 6556 10
1548 5907 10
1549 5137 10
1550 6455 10
1551 8286 10
1552 545 10
1553 6724 10
1554 5389 10
1555 9618 10
1556 5533 10
1557 8904 10
1558 399 10
1559 9511 10
1560 5403 10
1561 8140 10
1562 524 10
1563 9097 10
1564 8904 10
1565 2633 10
1566 8905 10
1567 5627 10
1568 8548 10
1569 2380 10
1570 2782 10
1571 418 10
1572 9060 10
1573 6865 10
1574 263 10
1575 9035 10
1576 2380 10
1577 9030 10
1578 9471 10
1579 8517 10
1580 2625 10
1581 5301 10
1582 929 10
1583 8208 10
1584 7830 10
1585 8037 10
1586 8432 10
1587 7051 10
1588 7597 10
1589 9578 10
1590 5874 10
1591 5899 10
1592 245 10
1593 182 10
1594 6207 10
1595 76 10
1596 5641 10
1597 6632 10
1598 5124 10
1599 5084 10
1600 6827 10
1601 229 10
1602 8974 10
1603 5436 10
1604 7068 10
1605 6564 10
1606 9613 10
1607 7264 10
1608 5347 10
1609 2501 10
1610 2714 10
1611 92 10
1612 7836 10
1613 7792 10
1614 7046 10
1615 6553 10
1616 5853 10
1617 2310 10
1618 5966 10
1619 5087 10
1620 764 10
1621 171 10
1622 389 10
1623 2476 10
1624 9378 10
1625 7969 10
1626 8637 10
1627 8183 10
1628 6026 10
1629 2410 10
1630 6923 10
1631 172 10
1632 9146 10
1633 723 10
1634 2647 10
1635 9240 10
1636 5988 10
1637 9582 10
1638 8399 10
1639 7823 10
1640 8238 10
1641 8530 10
1642 7905 10
1643 7808 10
1644 9117 10
1645 7333 10
1646 2124 10
1647 9132 10
1648 7874 10
1649 147 10
1650 1985 10
1651 6371 10
1652 9393 10
1653 2288 10
1654 5576 10
1655 504 10
1656 5260 10
1657 9584 10
1658 313 10
1659 8697 10
1660 6453 10
1661 2646 10
1662 7888 10
1663 5909 10
1664 9297 10
1665 6434 10
1666 109 10
1667 5123 10
1668 652 10
1669 2800 10
1670 5737 10
1671 9442 10
1672 6747 10
1673 2782 10
1674 2503 10
1675 6378 10
1676 2451 10
1677 7360 10
1678 736 10
1679 8010 10
1680 6680 10
1681 5176 10
1682 8101 10
1683 278 10
1684 5533 10
1685 9284 10
1686 8524 10
1687 8999 10
1688 7459 10
1689 5101 10
1690 9416 10
1691 8281 10
1692 141 10
1693 6688 10
1694 8505 10
1695 9165 10
1696 2164 10
1697 5962 10
1698 9132 10
1699 2542 10
1700 6518 10
1701 7963 10
1702 736 10
1703 4994 10
1704 23 10
1705 6773 10
1706 9504 10
1707 8281 10
1708 8216 10
1709 2313 10
1710 8419 10
1711 12 10
1712 163 10
1713 652 10
1714 6091 10
1715 5934 10
1716 2738 10
1717 7010 10
1718 7329 10
1719 8110 10
1720 523 10
1721 5208 10
1722 8198 10
1723 265 10
1724 7832 10
1725 776 10
1726 7449 10
1727 6521 10
1728 128 10
1729 778 10
1730 2414 10
1731 7836 10
1732 6402 10
1733 2626 10
1734 6546 10
1735 7593 10
1736 67 10
1737 9172 10
1738 7141 10
1739 7017 10
1740 8305 10
1741 8238 10
1742 8023 10
1743 9544 10
1744 8214 10
1745 150 10
1746 6872 10
1747 6458 10
1748 6620 10
1749 361 10
1750 2609 10
1751 242 10
1752 14 10
1753 9132 10
1754 2099 10
1755 85 10
1756 8125 10
1757 5445 10
1758 8925 10
1759 9560 10
1760 8762 10
1761 8957 10
1762 7823 10
1763 2416 10
1764 5577 10
1765 6623 10
1766 2358 10
1767 5059 10
1768 151 10
1769 701 10
1770 8923 10
1771 74 10
1772 8896 10
1773 170 10
1774 8517 10
1775 9172 10
1776 646 10
1777 5249 10
1778 6602 10
1779 8366 10
1780 9279 10
1781 8515 10
1782 8176 10
1783 8568 10
1784 2943 10
1785 5343 10
1786 170 10
1787 2776 10
1788 9097 10
1789 9235 10
1790 19 10
1791 8270 10
1792 511 10
1793 5423 10
1794 9448 10
1795 5723 10
1796 6786 10
1797 2540 10
1798 646 10
1799 6841 10
1800 8049 10
1801 7128 10
1802 89 10
1803 9313 10
1804 5323 10
1805 9376 10
1806 9657 10
1807 65 10
1808 5544 10
1809 2547 10
1810 8181 10
1811 7871 10
1812 5260 10
1813 8354 10
1814 6677 10
1815 9018 10
1816 5496 10
1817 9402 10
1818 6109 10
1819 9670 10
1820 6788 10
1821 5496 10
1822 6012 10
1823 929 10
1824 2164 10
1825 128 10
1826 6477 10
1827 6882 10
1828 5572 10
1829 6232 10
1830 6538 10
1831 6453 10
1832 6704 10
1833 107 10
1834 8023 10
1835 131 10
1836 71 10
1837 8281 10
1838 5318 10
1839 504 10
1840 8266 10
1841 8418 10
1842 9284 10
1843 7643 10
1844 7522 10
1845 5966 10
1846 8468 10
1847 4965 10
1848 6855 10
1849 8816 10
1850 8988 10
1851 204 10
1852 7202 10
1853 7994 10
1854 5129 10
1855 6459 10
1856 5749 10
1857 8353 10
1858 9279 10
1859 7196 10
1860 92 10
1861 5384 10
1862 635 10
1863 8906 10
1864 5249 10
1865 8223 10
1866 8480 10
1867 6473 10
1868 7836 10
1869 7021 10
1870 659 10
1871 9675 10
1872 7561 10
1873 2625 10
1874 7051 10
1875 5595 10
1876 7136 10
1877 8107 10
1878 5199 10
1879 628 10
1880 5208 10
1881 130 10
1882 2125 10
1883 6714 10
1884 5318 10
1885 6924 10
1886 8459 10
1887 6256 10
1888 749 10
1889 5930 10
1890 8518 10
1891 8429 10
1892 7183 10
1893 68 10
1894 6873 10
1895 376 10
1896 7477 10
1897 179 10
1898 652 10
1899 764 10
1900 8250 10
1901 2429 10
1902 138 10
1903 5498 10
1904 74 10
1905 8574 10
1906 6562 10
1907 6517 10
1908 426 10
1909 9299 10
1910 131 10
1911 61 10
1912 8590 10
1913 2398 10
1914 8969 10
1915 7488 10
1916 6089 10
1917 2084 10
1918 8418 10
1919 5874 10
1920 8577 10
1921 208 10
1922 665 10
1923 7714 10
1924 2943 10
1925 7024 10
1926 2353 10
1927 8407 10
1928 2283 10
1929 242 10
1930 7329 10
1931 8022 10
1932 385 10
1933 6888 10
1934 6397 10
1935 8125 10
1936 9347 10
1937 243 10
1938 6 10
1939 7024 10
1940 9055 10
1941 6857 10
1942 5203 10
1943 5847 10
1944 5927 10
1945 145 10
1946 484 10
1947 9682 10
1948 6108 10
1949 9349 10
1950 5012 10
1951 6232 10
1952 6307 10
1953 309 10
1954 8162 10
1955 9632 10
1956 581 10
1957 6279 10
1958 8425 10
1959 7161 10
1960 204 10
1961 8467 10
1962 8173 10
1963 6259 10
1964 489 10
1965 8420 10
1966 7104 10
1967 9361 10
1968 5934 10
1969 9370 10
1970 8133 10
1971 723 10
1972 967 10
1973 9613 10
1974 8925 10
1975 9361 10
1976 6825 10
1977 5616 10
1978 5320 10
1979 6488 10
1980 5656 10
1981 5403 10
1982 9257 10
1983 172 10
1984 7968 10
1985 8530 10
1986 6565 10
1987 184 10
1988 7012 10
1989 8753 10
1990 1109 10
1991 9663 10
1992 489 10
1993 5125 10
1994 5659 10
1995 2891 10
1996 6682 10
1997 7830 10
1998 9442 10
1999 9313 10
2000 8380 10
2001 8731 10
2002 9320 10
2003 6114 10
2004 19 10
2005 6089 10
2006 6564 10
2007 5261 10
2008 5807 10
2009 6623 10
2010 7431 10
2011 5606 10
2012 2734 10
2013 635 10
2014 5403 10
2015 2344 10
2016 5577 10
2017 8564 10
2018 8373 10
2019 7084 10
2020 648 10
2021 7485 10
2022 635 10
2023 6300 10
2024 57 10
2025 5503 10
2026 6097 10
2027 179 10
2028 9396 10
2029 5595 10
2030 263 10
2031 6662 10
2032 6888 10
2033 5684 10
2034 59 10
2035 9442 10
2036 6665 10
2037 600 10
2038 6894 10
2039 491 10
2040 2858 10
2041 6782 10
2042 8249 10
2043 123 10
2044 5616 10
2045 553 10
2046 6902 10
2047 7141 10
2048 2398 10
2049 248 10
2050 5970 10
2051 5196 10
2052 5603 10
2053 6572 10
2054 5801 10
2055 6079 10
2056 5758 10
2057 195 10
2058 8279 10
2059 171 10
2060 5737 10
2061 252 10
2062 5695 10
2063 47 10
2064 599 10
2065 6076 10
2066 5916 10
2067 5378 10
2068 389 10
2069 164 10
2070 8550 10
2071 8184 10
2072 8022 10
2073 131 10
2074 9584 10
2075 6894 10
2076 5093 10
2077 8155 10
2078 5988 10
2079 5334 10
2080 56 10
2081 6900 10
2082 5899 10
2083 68 10
2084 8442 10
2085 9655 10
2086 8439 10
2087 5228 10
2088 8790 10
2089 5436 10
2090 6109 10
2091 9042 10
2092 6625 10
2093 7099 10
2094 6834 10
2095 6137 10
2096 6503 10
2097 8999 10
2098 829 10
2099 5360 10
2100 8548 10
2101 8390 10
2102 7830 10
2103 6188 10
2104 8455 10
2105 9278 10
2106 5613 10
2107 2220 10
2108 6552 10
2109 151 10
2110 7381 10
2111 7010 10
2112 7333 10
2113 8742 10
2114 8203 10
2115 141 10
2116 8110 10
2117 1999 10
2118 5874 10
2119 8147 10
2120 2501 10
2121 243 10
2122 2810 10
2123 6538 10
2124 182 10
2125 6012 10
2126 5783 10
2127 8387 10
2128 8635 10
2129 7462 10
2130 8133 10
2131 9235 10
2132 2738 10
2133 5613 10
2134 9632 10
2135 8271 10
2136 5001 10
2137 7133 10
2138 7498 10
2139 521 10
2140 348 10
2141 319 10
2142 6463 10
2143 8505 10
2144 515 10
2145 5916 10
2146 18 10
2147 8302 10
2148 5880 10
2149 8235 10
2150 6274 10
2151 6608 10
2152 7376 10
2153 6858 10
2154 6724 10
2155 102 10
2156 4895 10
2157 8292 10
2158 8431 10
2159 7882 10
2160 7809 10
2161 309 10
2162 7136 10
2163 6688 10
2164 8010 10
2165 9350 10
2166 6957 10
2167 5308 10
2168 8627 10
2169 2459 10
2170 6443 10
2171 9705 10
2172 6835 10
2173 5659 10
2174 5199 10
2175 8816 10
2176 968 10
2177 776 10
2178 7891 10
2179 6839 10
2180 7216 10
2181 236 10
2182 5208 10
2183 532 10
2184 6076 10
2185 2279 10
2186 7963 10
2187 9018 10
2188 7161 10
2189 7455 10
2190 7769 10
2191 557 10
2192 7588 10
2193 2197 10
2194 9516 10
2195 244 10
2196 9350 10
2197 8631 10
2198 9571 10
2199 557 10
2200 9613 10
2201 5134 10
2202 8762 10
2203 147 10
2204 6882 10
2205 6803 10
2206 8660 10
2207 5442 10
2208 2244 10
2209 6489 10
2210 89 10
2211 2358 10
2212 56 10
2213 9618 10
2214 8162 10
2215 552 10
2216 7983 10
2217 684 10
2218 6636 10
2219 6679 10
2220 6067 10
2221 8078 10
2222 5758 10
2223 7394 10
2224 9471 10
2225 8602 10
2226 255 10
2227 6387 10
2228 8628 10
2229 6 10
2230 5988 10
2231 784 10
2232 629 10
2233 5573 10
2234 2099 10
2235 7282 10
2236 77 10
2237 6557 10
2238 5059 10
2239 7025 10
2240 5851 10
2241 599 10
2242 8957 10
2243 2372 10
2244 180 10
2245 6827 10
2246 9370 10
2247 5695 10
2248 6003 10
2249 5965 10
2250 1977 10
2251 8313 10
2252 9634 10
2253 11 10
2254 6788 10
2255 8645 10
2256 2427 10
2257 9158 10
2258 6835 10
2259 7295 10
2260 236 10
2261 5962 10
2262 8440 10
2263 320 10
2264 511 10
2265 9749 10
2266 5462 10
2267 154 10
2268 2339 10
2269 7295 10
2270 6053 10
2271 8311 10
2272 6026 10
2273 6924 10
2274 8402 10
2275 6434 10
2276 7704 10
2277 7224 10
2278 7324 10
2279 5972 10
2280 5954 10
2281 5970 10
2282 7246 10
2283 6308 10
2284 6616 10
2285 5641 10
2286 39 10
2287 5713 10
2288 5301 10
2289 95 10
2290 8635 10
2291 5930 10
2292 5123 10
2293 141 10
2294 6902 10
2295 8578 10
2296 6587 10
2297 6682 10
2298 6872 10
2299 8182 10
2300 5389 10
2301 8257 10
2302 9018 10
2303 2368 10
2304 8271 10
2305 7216 10
2306 6576 10
2307 57 10
2308 9624 10
2309 8218 10
2310 5462 10
2311 7271 10
2312 8203 10
2313 7204 10
2314 8790 10
2315 7886 10
2316 25 10
2317 7522 10
2318 8577 10
2319 6291 10
2320 5773 10
2321 5408 10
2322 6300 10
2323 2073 10
2324 102 10
2325 5899 10
2326 6616 10
2327 6713 10
2328 9354 10
2329 6147 10
2330 6843 10
2331 6619 10
2332 8944 10
2333 6371 10
2334 9222 10
2335 6114 10
2336 242 10
2337 552 10
2338 6854 10
2339 7024 10
2340 2611 10
2341 7246 10
2342 2134 10
2343 349 10
2344 6067 10
2345 8311 10
2346 6060 10
2347 9471 10
2348 6515 10
2349 9448 10
2350 5445 10
2351 504 10
2352 6776 10
2353 7750 10
2354 5834 10
2355 869 10
2356 8206 10
2357 6271 10
2358 8373 10
2359 5423 10
2360 6147 10
2361 5697 10
2362 7196 10
2363 8120 10
2364 7588 10
2365 909 10
2366 5201 10
2367 9042 10
2368 5260 10
2369 6572 10
2370 8414 10
2371 5510 10
2372 9416 10
2373 9448 10
2374 5384 10
2375 2457 10
2376 6538 10
2377 9767 10
2378 28 10
2379 9142 10
2380 2396 10
2381 5408 10
2382 8372 10
2383 36 10
2384 7968 10
2385 6338 10
2386 9462 10
2387 8838 10
2388 9578 10
2389 138 10
2390 8096 10
2391 749 10
2392 6981 10
2393 8439 10
2394 805 10
2395 6308 10
2396 6521 10
2397 61 10
2398 6665 10
2399 9310 10
2400 7505 10
2401 6957 10
2402 8562 10
2403 123 10
2404 6632 10
2405 9514 10
2406 8106 10
2407 2313 10
2408 5954 10
2409 7021 10
2410 5537 10
2411 8026 10
2412 8077 10
2413 8799 10
2414 8183 10
2415 8183 10
2416 245 10
2417 6957 10
2418 7264 10
2419 7488 10
2420 6491 10
2421 5658 10
2422 6259 10
2423 5120 10
2424 7136 10
2425 5447 10
2426 5851 10
2427 247 10
2428 6307 10
2429 2073 10
2430 6562 10
2431 8506 10
2432 6532 10
2433 6680 10
2434 5970 10
2435 6134 10
2436 5360 10
2437 5353 10
2438 8578 10
2439 8168 10
2440 255 10
2441 2405 10
2442 25 10
2443 5568 10
2444 6770 10
2445 9674 10
2446 2484 10
2447 95 10
2448 9645 10
2449 369 10
2450 7021 10
2451 6108 10
2452 6923 10
2453 5881 10
2454 28 10
2455 8034 10
2456 5907 10
2457 9411 10
2458 8550 10
2459 85 10
2460 9604 10
2461 7224 10
2462 5572 10
2463 5829 10
2464 314 10
2465 7234 10
2466 5059 10
2467 8929 10
2468 8026 10
2469 128 10
2470 8420 10
2471 5965 10
2472 2611 10
2473 6146 10
2474 8314 10
2475 2073 10
2476 8896 10
2477 8906 10
2478 711 10
2479 8254 10
2480 2039 10
2481 8410 10
2482 6089 10
2483 1109 10
2484 9432 10
2485 5853 10
2486 5323 10
2487 6038 10
2488 9380 10
2489 9117 10
2490 2372 10
2491 5716 10
2492 8362 10
2493 8010 10
2494 8628 10
2495 257 10
2496 665 10
2497 248 10
2498 8660 10
2499 117 10
2500 399 10
2501 8896 10
2502 313 10
2503 6397 10
2504 9614 10
2505 739 10
2506 5001 10
2507 152 10
2508 8235 10
2509 39 10
2510 5303 10
2511 6981 10
2512 8929 10
2513 7591 10
2514 6053 10
2515 9582 10
2516 9030 10
2517 9037 10
2518 389 10
2519 6514 10
2520 7593 10
2521 6071 10
2522 7189 10
2523 6548 10
2524 247 10
2525 7431 10
2526 9535 10
2527 7992 10
2528 8905 10
2529 489 10
2530 6704 10
2531 133 10
2532 9516 10
2533 6447 10
2534 8548 10
2535 6843 10
2536 2352 10
2537 7104 10
2538 8314 10
2539 6279 10
2540 7750 10
2541 5560 10
2542 5514 10
2543 6406 10
2544 8109 10
2545 8139 10
2546 8929 10
2547 7905 10
2548 5333 10
2549 5573 10
2550 8697 10
2551 8419 10
2552 9370 10
2553 6633 10
2554 2714 10
2555 8395 10
2556 5420 10
2557 5807 10
2558 6772 10
2559 6098 10
2560 7969 10
2561 8686 10
2562 2288 10
2563 6232 10
2564 6917 10
2565 7084 10
2566 5442 10
2567 6435 10
2568 9200 10
2569 6898 10
2570 7234 10
2571 8279 10
2572 9313 10
2573 2405 10
2574 6547 10
2575 5576 10
2576 8155 10
2577 6587 10
2578 7874 10
2579 2540 10
2580 749 10
2581 5927 10
2582 8009 10
2583 7329 10
2584 6898 10
2585 9074 10
2586 5881 10
2587 7216 10
2588 5312 10
2589 5945 10
2590 6477 10
2591 6917 10
2592 20 10
2593 2646 10
2594 5742 10
2595 6730 10
2596 6865 10
2597 6713 10
2598 6697 10
2599 2471 10
2600 8631 10
2601 143 10
2602 2892 10
2603 6623 10
2604 5486 10
2605 5964 10
2606 8200 10
2607 2091 10
2608 776 10
2609 2302 10
2610 7888 10
2611 2173 10
2612 646 10
2613 2414 10
2614 8753 10
2615 7989 10
2616 8564 10
2617 5716 10
2618 8278 10
2619 8301 10
2620 9705 10
2621 9657 10
2622 5503 10
2623 968 10
2624 6291 10
2625 109 10
2626 6239 10
2627 5032 10
2628 7989 10
2629 8988 10
2630 32 10
2631 7046 10
2632 2714 10
2633 9645 10
2634 684 10
2635 8182 10
2636 8408 10
2637 5514 10
2638 8602 10
2639 2734 10
2640 8518 10
2641 5250 10
2642 6713 10
2643 7978 10
2644 8102 10
2645 778 10
2646 2800 10
2647 9146 10
2648 2309 10
2649 5514 10
2650 6827 10
2651 6929 10
2652 6697 10
2653 7051 10
2654 8314 10
2655 9208 10
2656 109 10
2657 6751 10
2658 9289 10
2659 2457 10
2660 418 10
2661 5459 10
2662 9432 10
2663 6091 10
2664 6682 10
2665 5713 10
2666 8302 10
2667 5116 10
2668 7181 10
2669 2265 10
2670 5808 10
2671 7381 10
2672 2368 10
2673 2313 10
2674 2471 10
2675 7508 10
2676 376 10
2677 362 10
2678 2016 10
2679 6488 10
2680 5933 10
2681 809 10
2682 2471 10
2683 7978 10
2684 6300 10
2685 515 10
2686 9663 10
2687 929 10
2688 9222 10
2689 6780 10
2690 6424 10
2691 6730 10
2692 8819 10
2693 5120 10
2694 7288 10
2695 5228 10
2696 9504 10
2697 6098 10
2698 5153 10
2699 6241 10
2700 9054 10
2701 6518 10
2702 6608 10
2703 8278 10
2704 9329 10
2705 5762 10
2706 7017 10
2707 5891 10
2708 6760 10
2709 9577 10
2710 2936 10
2711 6811 10
2712 8096 10
2713 7692 10
2714 4987 10
2715 5805 10
2716 6472 10
2717 223 10
2718 5072 10
2719 6806 10
2720 7590 10
2721 6981 10
2722 8734 10
2723 9458 10
2724 194 10
2725 8645 10
2726 5962 10
2727 8455 10
2728 6757 10
2729 9487 10
2730 9478 10
2731 2481 10
2732 2688 10
2733 9582 10
2734 4997 10
2735 2647 10
2736 28 10
2737 784 10
2738 7449 10
2739 8224 10
2740 8637 10
2741 8279 10
2742 6338 10
2743 440 10
2744 5658 10
2745 9411 10
2746 9089 10
2747 6097 10
2748 9732 10
2749 581 10
2750 6134 10
2751 6472 10
2752 6389 10
2753 278 10
2754 8224 10
2755 9165 10
2756 5261 10
2757 271 10
2758 6953 10
2759 9528 10
2760 5347 10
2761 9551 10
2762 8574 10
2763 6929 10
2764 8820 10
2765 2544 10
2766 7919 10
2767 6252 10
2768 5783 10
2769 8399 10
2770 5044 10
2771 9458 10
2772 5560 10
2773 2339 10
2774 6064 10
2775 2633 10
2776 255 10
2777 6521 10
2778 265 10
2779 5948 10
2780 6762 10
2781 6271 10
2782 6662 10
2783 6473 10
2784 449 10
2785 8407 10
2786 8280 10
2787 8645 10
2788 9727 10
2789 247 10
2790 7809 10
2791 6458 10
2792 12 10
2793 326 10
2794 5202 10
2795 6239 10
2796 8214 10
2797 9257 10
2798 7733 10
2799 6207 10
2800 342 10
2801 9436 10
2802 5323 10
2803 5895 10
2804 2125 10
2805 9773 10
2806 8906 10
2807 8205 10
2808 7983 10
2809 9795 10
2810 6625 10
2811 6576 10
2812 65 10
2813 6547 10
2814 7155 10
2815 5447 10
2816 5710 10
2817 6803 10
2818 8390 10
2819 5560 10
2820 2134 10
2821 8030 10
2822 6459 10
2823 9560 10
2824 6772 10
2825 882 10
2826 314 10
2827 5945 10
2828 8140 10
2829 24 10
2830 8790 10
2831 6834 10
2832 9142 10
2833 7616 10
2834 5126 10
2835 8205 10
2836 6389 10
2837 9297 10
2838 5742 10
2839 6083 10
2840 9310 10
2841 8923 10
2842 8621 10
2843 6834 10
2844 5064 10
2845 6841 10
2846 9299 10
2847 9380 10
2848 2436 10
2849 9150 10
2850 5933 10
2851 6873 10
2852 9516 10
2853 7769 10
2854 8820 10
2855 30 10
2856 6241 10
2857 418 10
2858 7769 10
2859 2501 10
2860 557 10
2861 6724 10
2862 8935 10
2863 6459 10
2864 4940 10
2865 6552 10
2866 7257 10
2867 22 10
2868 38 10
2869 7264 10
2870 8492 10
2871 7197 10
2872 8380 10
2873 9604 10
2874 9172 10
2875 2125 10
2876 6434 10
2877 869 10
2878 9755 10
2879 9354 10
2880 142 10
2881 14 10
2882 7949 10
2883 6491 10
2884 2833 10
2885 8270 10
2886 9767 10
2887 6146 10
2888 6 10
2889 9682 10
2890 2197 10
2891 8905 10
2892 105 10
2893 439 10
2894 5964 10
2895 2244 10
2896 6953 10
2897 6772 10
2898 6556 10
2899 2449 10
2900 809 10
2901 5847 10
2902 8545 10
2903 9299 10
2904 8271 10
2905 986 10
2906 362 10
2907 5807 10
2908 2943 10
2909 7288 10
2910 7155 10
2911 701 10
2912 6291 10
2913 6064 10
2914 7823 10
2915 6576 10
2916 6256 10
2917 5443 10
2918 2344 10
2919 6857 10
2920 6372 10
2921 5933 10
2922 9614 10
2923 100 10
2924 6517 10
2925 823 10
2926 9054 10
2927 5399 10
2928 7886 10
2929 5641 10
2930 5613 10
2931 100 10
2932 6714 10
2933 6274 10
2934 2503 10
2935 8729 10
2936 6241 10
2937 9142 10
2938 6391 10
2939 8925 10
2940 8459 10
2941 9240 10
2942 6855 10
2943 599 10
2944 9634 10
2945 6924 10
2946 5496 10
2947 6697 10
2948 8140 10
2949 56 10
2950 5606 10
2951 7271 10
2952 9424 10
2953 8515 10
2954 8742 10
2955 25 10
2956 2656 10
2957 8927 10
2958 8253 10
2959 8621 10
2960 581 10
2961 7189 10
2962 7165 10
2963 8429 10
2964 5909 10
2965 553 10
2966 117 10
2967 2368 10
2968 7561 10
2969 6679 10
2970 5737 10
2971 8120 10
2972 5693 10
2973 2197 10
2974 8253 10
2975 5312 10
2976 8957 10
2977 8442 10
2978 8680 10
2979 7750 10
2980 5129 10
2981 8168 10
2982 39 10
2983 5420 10
2984 2173 10
2985 8662 10
2986 2427 10
2987 5916 10
2988 8173 10
2989 6917 10
2990 9674 10
2991 6900 10
2992 5199 10
2993 8440 10
2994 6067 10
2995 7104 10
2996 9055 10
2997 5335 10
2998 145 10
2999 653 10
3000 8944 10
