10
1
200
1 3008 100 3182 100 3042 100 3261 100 3135 100 3044 22
2 4734 100 4800 100 4390 39
3 4444 100 4259 100 4435 31
4 4422 100 4367 100 4551 100 4602 88 4410 100 4567 100 4240 100 4543 100 4441 100 4586 100 3077 100 2909 100 3397 100 4461 100 2800 100 4459 100 2833 100 2861 100 3066 100 4467 100 4592 100 2939 100 2887 53
5 2741 100 2774 100 2767 100 2824 100 3131 100 3222 100 3125 100 2952 100 3256 100 2880 100 3139 100 2671 100 3021 100 2917 100 3031 100 3032 100 3262 100 3294 100 3179 6
6 4307 100 4304 100 4017 100 4183 32
7 3283 100 2749 100 3043 100 3048 100 2848 100 4226 100 4340 100 2903 100 4268 100 2764 100 3432 11
8 4243 100 4223 100 4241 16
9 4610 100 4668 32
10 4767 100 4488 100 4548 100 4388 100 4632 27
11 4594 100 4540 86
12 4608 100 4598 100 4468 100 4393 100 4389 100 4368 100 4624 100 4741 100 4784 100 4680 64
13 4395 100 2930 100 3106 100 3076 100 2808 100 2813 100 3127 100 2871 100 2878 100 3075 100 3142 100 2985 100 2974 100 3148 100 3014 100 3009 100 2959 100 2882 100 2854 100 2911 100 3046 100 4397 100 3132 100 2941 100 4595 100 2721 100 4599 100 2980 100 2940 100 4620 100 2905 100 4477 100 4614 44
14 4463 100 4312 100 3588 92
15 4473 100 4518 100 4769 100 4528 100 4426 100 4602 12
16 1171 100 1107 100 1297 100 1364 100 1186 100 1282 100 1245 100 1221 100 1041 100 1193 43
17 4583 100 4788 68
18 4481 100 4474 100 4091 100 4396 100 3926 100 4429 100 3529 100 3598 100 4568 100 4267 100 2825 100 4531 11
19 4042 100 4144 62
20 2982 100 2859 100 3140 100 2873 100 2852 100 3231 100 2960 100 3085 100 2830 100 2997 100 3120 100 2936 100 2924 100 2853 100 3124 100 3071 100 2975 100 2935 100 2932 100 3016 45
21 4450 19
22 4292 100 4372 100 4431 100 4522 100 4513 100 4273 100 4381 100 4686 100 4534 100 4330 100 4507 100 4313 23
23 4449 100 4499 100 4423 100 4585 100 4439 100 4475 100 4401 35
24 4516 100 4625 100 4553 100 4536 100 4557 100 4641 100 4454 100 4479 100 4519 100 4577 100 4665 100 4697 100 4574 100 4525 100 4508 100 4600 100 4618 100 4503 100 4338 100 4572 100 4483 100 4609 100 4527 100 4537 100 4305 100 4576 100 4635 100 4465 100 4639 100 4512 100 4711 100 4570 100 4374 100 4335 100 4593 100 4679 100 3177 100 3111 100 2867 66
25 3576 100 3023 100 3105 100 3279 100 3338 100 3200 100 3018 100 2994 100 3691 100 2857 100 4051 100 2855 100 3248 100 3158 100 2729 100 2780 76
26 2753 100 2886 100 3056 99 2999 100 3118 100 3059 100 2913 100 2797 100 3133 100 2892 100 2902 100 3082 100 3080 100 2895 100 3084 100 2890 100 2737 100 2953 100 2872 100 2862 100 3058 100 2699 100 2914 100 3027 100 2977 100 2719 94
27 1342 100 995 100 1163 100 1075 100 365 100 1326 100 1271 100 1115 100 1330 100 1287 100 1025 100 1294 100
28 2879 100 2762 100 2790 61
29 4714 100 4703 35
30 2971 100 3178 100 3334 100 3208 100 2868 100 2934 100 3094 100 2754 100 2802 100 2885 100 2915 100 3239 58
31 395 100 339 100 459 100 397 100 544 100 340 60
32 4700 100 4751 100 4666 100 4634 100 4659 100 4587 100 4605 100 4678 100 4597 100 4626 100 4584 100 4346 100 4482 100 4564 25
33 4419 100 4552 100 4550 100 4430 100 4326 100 3017 100 3024 100 4453 100 4377 100 4417 100 4580 100 3039 100 3154 100 3213 100 4451 100 4293 100 4294 100 4440 100 4562 100 3258 100 4539 100 2991 100 4228 100 2894 100 3153 100 3056 1
34 3163 100 4433 100 4371 100 4460 100 4298 100 4533 100 4325 100 4418 100 3281 100 4478 100 4352 100 3169 100 3648 100 4339 100 4421 100 4535 100 4487 100 3636 100 3237 84
35 2841 100 3181 100 4354 100 3112 100 4227 100 4476 17
36 4642 100 4296 100 4458 100 4660 100 4282 100 4320 100 4445 100 4547 100 4432 100 4480 100 4302 100 4612 100 4364 81
37 4691 100 4794 100 4717 100 4705 100 4725 100 4651 100 4629 100 4776 100 4777 100 4752 100 4677 59
38 2973 100 2954 100 3003 100 2943 100 2876 100 2955 100 2881 100 2874 100 2970 100 2956 100 3103 100 3104 100 2983 100 3078 100 3030 100 2962 100 2964 100 2883 100 2910 100 2891 100 3070 100 3164 100 2993 100 3020 100 2966 100 2858 100 3170 100 2787 100 2947 66
39 2921 100 3204 100 2869 100 3123 100 2942 100 3160 100 3341 100 3251 100 2816 100 2933 100 3098 100 3136 100 3347 100 2948 100 3074 100 3146 41
40 3223 100 3193 100 3196 100 3203 100 3156 100 3250 100 3167 100 3116 100 2978 100 3265 100 3214 100 3197 100 3518 100 3290 100 2814 100 3220 100 4270 100 2828 100 2992 100 2995 100 2823 100 3198 100 2795 100 2740 100 3491 100 4309 100 3117 100 3091 100 3191 100 4152 100 3089 100 3225 38
41 3234 10
42 3342 10
43 3276 10
44 3063 10
45 4150 10
46 4355 10
47 1094 10
48 4308 10
49 2938 10
50 4194 10
51 1327 10
52 4699 10
53 1215 10
54 4452 10
55 3621 10
56 2847 10
57 15 10
58 4063 10
59 1247 10
60 4334 10
61 4761 10
62 3891 10
63 4529 10
64 4511 10
65 4009 10
66 4350 10
67 196 10
68 4200 10
69 4406 10
70 2715 10
71 4797 10
72 2732 10
73 3848 10
74 2512 10
75 1201 10
76 3403 10
77 3867 10
78 3194 10
79 4310 10
80 3050 10
81 144 10
82 2725 10
83 4198 10
84 4175 10
85 3159 10
86 4828 10
87 3604 10
88 3511 10
89 3672 10
90 2735 10
91 265 10
92 168 10
93 4579 10
94 2926 10
95 3162 10
96 3310 10
97 3215 10
98 2781 10
99 3001 10
100 2972 10
101 2540 10
102 2986 10
103 1231 10
104 1420 10
105 2791 10
106 3343 10
107 2672 10
108 4070 10
109 3277 10
110 3696 10
111 4542 10
112 17 10
113 4812 10
114 4380 10
115 4358 10
116 4563 10
117 2864 10
118 4255 10
119 4573 10
120 4347 10
121 3109 10
122 111 10
123 1004 10
124 3226 10
125 2765 10
126 4399 10
127 4122 10
128 4120 10
129 3309 10
130 4323 10
131 3548 10
132 220 10
133 4456 10
134 4589 10
135 3549 10
136 3121 10
137 5 10
138 1462 10
139 4332 10
140 3954 10
141 4469 10
142 3318 10
143 2900 10
144 3037 10
145 2958 10
146 3044 10
147 3183 10
148 3430 10
149 2849 10
150 4314 10
151 3273 10
152 4351 10
153 4284 10
154 179 10
155 1003 10
156 4212 10
157 86 10
158 2807 10
159 214 10
160 4398 10
161 4365 10
162 21 10
163 2820 10
164 3245 10
165 3505 10
166 4778 10
167 1044 10
168 65 10
169 2998 10
170 4161 10
171 3626 10
172 2843 10
173 251 10
174 4342 10
175 4408 10
176 3145 10
177 4087 10
178 4378 10
179 4315 10
180 4775 10
181 1147 10
182 2555 10
183 1273 10
184 76 10
185 4436 10
186 1154 10
187 2576 10
188 3143 10
189 4222 10
190 1187 10
191 58 10
192 4746 10
193 42 10
194 4772 10
195 132 10
196 3747 10
197 3101 10
198 30 10
199 45 10
200 20 10
2
200
1 4184 100 4333 100 4254 100 4360 100 4218 100 4225 32
2 3050 100 3206 100 2847 100 3003 100 3276 100 2843 100 2864 100 3011 100 3159 100 2791 100 3253 100 2695 100 3282 100 3233 100 3162 41
3 4828 100 4812 100 4871 100 4797 100 4740 100 4672 100 4687 100 4731 100 3102 100 3623 100
4 4000 100 4137 100 4280 100 4399 95
5 3908 100 4120 100 4255 100 4213 100 3954 100 3985 100 4315 100 4048 100 4198 11
6 4895 57
7 4310 100 3398 100 3549 100 3211 100 3226 100 4308 100 4365 100 3392 100 3523 100 4009 100 3465 100 4436 100 3234 100 4314 100 3215 100 3620 100 4380 100 3052 60
8 3097 100 3461 100 3696 100 4100 100 4555 91 3095 100 3373 100 4578 100 3004 100 4241 100 4647 31
9 4663 100 4689 100 4530 100 4438 100 4420 100 4386 100 4264 100 4544 100 4684 100 4379 100 4701 100 4571 100 4318 100 4500 100 4362 100 4383 100 4531 100 4295 100 4489 100 4369 100 4361 100 3911 100 4442 100 2987 62
10 4236 100 2773 32
11 2965 100 3101 100 3109 100 3134 100 3572 100 3733 100 3681 100 3067 100 3659 100 2945 100 2765 100 2926 100 3044 100 3180 100 3343 100 2998 74
12 3934 100 2724 100 3128 100 2979 100 2792 100 3366 34
13 4136 100 2723 100 4049 100 4207 100 4189 100 4167 100 3249 100 3274 100 4329 100 2840 100 2827 100 3374 100 4138 100 3060 100 3238 100 4238 100 3311 98
14 2973 100 4833 100 4613 100 4506 100 2920 100 3179 100 3352 100 3190 100 3187 100 2988 100 3690 100 2946 100 3069 100 4457 100 3130 100 4336 100 4443 100 3289 100 3151 100 3184 100 3240 100 3346 100 3165 100 4631 100 3380 100 2931 100 3057 100 3409 100 4650 100 4606 100 4172 100 4258 100 4187 100 4555 9
15 4622 100 4486 100 4545 100 4394 100 4560 89
16 2 100 0 27
17 2951 100 2811 100 3016 100 2863 100 3001 100 2807 100 2984 23
18 4464 100 4104 100 3557 100 4271 100 4278 100 3002 100 3029 100 4034 100 4205 100 2957 100 4206 100 3019 100 3292 100 4242 100 2954 100 2722 100 4018 100 4132 100 4175 100 4251 100 4466 100 2958 100 3390 100 4081 100 2732 100 3855 100 2781 100 4129 100 4150 100 3310 100 4456 100 2938 19
19 3205 100 4311 100 3171 100 4322 100 4357 100 4343 100 3284 100 3217 100 3401 100 2850 100 3119 100 3209 100 4300 100 4286 100 4283 100 4413 100 3107 100 2772 100 3243 100 4349 100 3210 100 4128 100 4281 100 3028 100 3054 100 4083 100 3982 100 4277 100 4324 100 3971 100 4148 100 3088 100 3808 100 4031 100 3474 100 4209 30
20 3966 100 4197 100 3354 43
21 4188 100 4219 100 4427 100 4387 100 2839 100 3244 100 3432 100 4163 100 3061 100 4321 100 4492 100 4182 100 4327 100 3022 100 3235 100 2906 100 3285 100 4363 100 3157 100 4204 100 2798 100 3129 17
22 2904 100 2908 100 3776 100 4066 100 3288 100 3747 100 3941 100 3230 100 3665 100 3927 97
23 4803 100 4873 100 4805 100 4802 100 4819 100 4564 100 4683 100 4491 100 4538 100 4505 100 4485 100 4673 100 4865 100 4501 100 3063 100 3113 100 3268 100 3506 100 3121 100 4247 100 4704 44
24 4603 100 4582 100 4342 100 4276 100 4511 100 4462 100 4143 100 4351 100 3621 100 4089 100 4115 100 2771 41
25 4044 100 4074 100 4319 100 2849 100 3277 100 3867 100 4087 100 4472 100 3714 100 2986 100 3892 100 3143 100 3309 100 4317 42
26 4775 100 4667 100 4747 100 4589 100 4773 100 4746 100 4772 100 4661 100 4573 100 4579 100 4698 100 4692 100 4005 100 4063 100 4358 100 4730 100 4406 100 4554 61
27 4504 100 4119 64
28 3271 100 3423 100 3099 100 4164 100 2801 100 3406 100 4019 100 3331 100 3348 100 4134 100 3402 100 3928 100 3571 100 3115 100 3172 100 3126 100 3267 100 3328 100 3387 100 3860 100 3218 100 2766 100 3367 100 3192 100 3394 100 3034 100 3006 40
29 4811 100 4517 100 4262 34
30 3100 100 3891 100 3199 100 3245 100 3411 100 2972 100 3344 100 3403 100 3254 100 2759 100 3881 100 3812 100 3055 100 3511 100 3505 100 3273 100 2715 62
31 4350 100 4409 100 4323 100 4398 100 4448 100 4378 100 4469 100 4347 100 4542 100 4337 100 4408 100 4541 100 4334 100 4161 100 4299 100 4070 100 3939 100 4194 100 3890 100 4549 100 4284 100 4529 51
32 4778 59
33 3227 100 3041 100 2923 100 3272 100 3316 76
34 2820 100 3672 100 3740 100 4404 100 4699 100 3848 100 3548 100 4212 100 4285 100 4332 100 3137 100 3580 51
35 3444 100 3427 100 4636 100 3093 100 4370 100 3920 100 3353 100 4181 100 2692 12
36 4234 100 4142 100 4260 100 4355 27
37 3194 100 3750 100 2680 100 2735 100 2865 100 3145 100 3322 100 3604 100 3266 100 2829 100 2835 100 3037 100 3166 100 2927 23
38 3884 100 3973 94
39 4761 100 4617 100 4093 100 4200 100 4222 100 4166 100 4149 100 4403 100 4452 100 4272 100 4168 100 4249 100 4123 100 4563 100 4402 100 4122 24
40 3479 100 3355 100 3662 100 3327 100 3342 100 3533 100 3340 100 3396 100 3468 100 3563 100 3362 100 3412 100 3645 100 3430 100 2785 100 2900 100 3068 100 3318 100 3260 100 2739 100 3183 100 3472 100 3626 85
41 2775 10
42 3152 10
43 4425 10
44 1423 10
45 2531 10
46 3188 10
47 3501 10
48 4109 10
49 3349 10
50 114 10
51 4359 10
52 1406 10
53 3753 10
54 256 10
55 1412 10
56 51 10
57 3436 10
58 3141 10
59 2580 10
60 189 10
61 3304 10
62 3451 10
63 1005 10
64 3252 10
65 2617 10
66 1190 10
67 1136 10
68 1168 10
69 58 10
70 3492 10
71 4199 10
72 45 10
73 4121 10
74 4416 10
75 3365 10
76 3176 10
77 2761 10
78 2706 10
79 1099 10
80 3356 10
81 3323 10
82 2698 10
83 2693 10
84 3713 10
85 3464 10
86 2543 10
87 4373 10
88 4110 10
89 4779 10
90 85 10
91 4382 10
92 1348 10
93 4105 10
94 2626 10
95 1151 10
96 2803 10
97 3286 10
98 4694 10
99 2554 10
100 3418 10
101 2569 10
102 265 10
103 65 10
104 3802 10
105 4080 10
106 3670 10
107 3079 10
108 3326 10
109 3424 10
110 2666 10
111 4269 10
112 4575 10
113 31 10
114 168 10
115 3293 10
116 4274 10
117 2641 10
118 2711 10
119 3376 10
120 3400 10
121 4706 10
122 3559 10
123 251 10
124 2511 10
125 2937 10
126 1179 10
127 196 10
128 315 10
129 4656 10
130 4263 10
131 2916 10
132 3489 10
133 3997 10
134 3026 10
135 3306 10
136 3377 10
137 2928 10
138 144 10
139 3202 10
140 2725 10
141 1280 10
142 4832 10
143 4174 10
144 4476 10
145 3832 10
146 3320 10
147 4795 10
148 4297 10
149 4348 10
150 2838 10
151 2832 10
152 4057 10
153 2947 10
154 1426 10
155 2746 10
156 4728 10
157 3189 10
158 1389 10
159 3874 10
160 1234 10
161 1172 10
162 2672 10
163 3350 10
164 108 10
165 4210 10
166 4721 10
167 176 10
168 3301 10
169 3664 10
170 2625 10
171 220 10
172 15 10
173 4630 10
174 2768 10
175 2943 10
176 237 10
177 3956 10
178 3433 10
179 3514 10
180 2690 10
181 2901 10
182 1068 10
183 2955 10
184 3743 10
185 1195 10
186 1057 10
187 3450 10
188 76 10
189 1170 10
190 4707 10
191 2876 10
192 4516 10
193 3149 10
194 3904 10
195 1357 10
196 2845 10
197 2634 10
198 3038 10
199 4648 10
200 4743 10
3
200
1 3516 100 3443 100 3601 100 3339 100 3470 100 3463 21
2 3275 100 3299 100 4047 100 3736 100 4341 100 3990 100 4217 100 3568 100 4208 100 3195 100 3668 99
3 4493 100 4085 100 4297 100 4008 36
4 4064 100 4176 100 4014 100 4041 100 3899 100 4035 100 2708 100 2947 100 3255 100 4185 100 3174 100 2925 48
5 2928 100 4221 100 4795 92
6 4818 100 4842 100 3358 100 3185 100 4863 100 4313 100 3083 100 3607 100 4434 100 4215 100 4766 100 3960 100 3269 100 2918 100 3618 100 3295 100 3312 100 2783 100 2770 100 2893 100 3015 100 3357 100 3657 100 4211 100 3528 100 3994 100 4830 100 3938 100 4643 100 2760 100 4581 19
7 4810 100 4813 100 4825 100 4785 100 4757 100 4835 100 4781 100 4834 100 4750 100 4113 100 4106 100 4722 7
8 3040 100 3918 100 4046 100 2696 100 3565 100 3737 100 3872 100 2602 15
9 4328 100 3104 100 2743 100 4024 100 3207 100 2866 100 3386 100 4316 89
10 4771 100 2981 100 4588 100 4356 100 4424 100 4331 100 4117 100 3337 100 3388 100 3484 100 4244 100 4792 100 3025 100 3475 100 4078 100 3584 100 3375 100 2898 36
11 4447 100 4455 85
12 4495 100 3464 100 3246 100 4080 100 3065 100 3455 100 4156 14
13 4763 100 4808 100 4820 100 4256 100 2949 100 4110 100 4502 15
14 4497 100 4615 100 4195 100 4557 62
15 3546 100 2784 100 3700 100 2888 100 3086 100 3321 100 3540 100 3303 100 2956 100 3325 100 3278 100 3314 12
16 3436 100 4263 40
17 4646 93
18 2686 100 3090 100 3894 100 3931 100 4020 100 2601 100 4032 100 3554 100 3467 100 4476 100 2725 72
19 4232 100 4233 100 4345 59
20 2876 100 2955 100 2806 100 2846 100 3531 100 2896 100 3857 100 3122 100 3081 100 3384 100 3524 100 3221 92
21 4621 100 4245 100 4590 100 4173 100 4291 100 4007 100 4146 100 4623 100 4231 100 4180 100 4235 100 4375 100 4186 100 4099 100 4155 100 4250 100 4056 100 4384 12
22 3424 10
23 4896 100 4108 100 4006 100 4633 100 4718 100 4628 100 3974 24
24 2738 100 3825 100 3799 100 3103 100 3543 100 3544 100 3660 6
25 3697 100 3144 100 4196 100 4062 100 3586 100 3924 100 4082 100 3351 100 4022 100 2604 100 3013 100 3582 8
26 4858 100 4765 100 3078 14
27 3845 100 3421 100 2983 100 3108 100 3399 100 3263 100 3634 100 2768 15
28 4733 100 4693 100 4726 100 4682 100 3956 100 4405 100 3425 10
29 2751 100 2769 100 2689 100 2884 100 2716 100 3537 100 3555 100 2912 100 3466 100 3483 100 3216 100 3819 100 3935 100 3869 100 3385 100 3092 100 2747 100 3280 100 3767 100 2815 100 3147 100 3507 100 2856 100 3495 100 3161 100 3493 100 3600 100 3553 100 3612 20
30 4874 100 4845 9
31 4274 2
32 4158 100 4230 100 4229 100 4198 100 4516 100 4131 100 4012 100 4101 100 2943 100 4536 100 4084 100 4153 100 2727 100 3298 100 3129 100 2950 100 4344 100 2970 100 3456 100 4301 100 3232 100 3219 100 3138 6
33 3489 100 3442 100 4109 23
34 1434 100 1200 100 1226 100 1023 100 1259 100 1383 100 1130 100 1089 100 1243 100 1517 100 990 31
35 4685 100 4662 100 4737 100 4720 100 3389 100 3482 100 3640 100 3992 100 4303 100 3593 100 3780 100 3859 100 2989 100 3755 100 3012 100 3236 100 3689 100 3064 100 3308 100 2870 100 3372 100 4515 100 3291 100 3330 100 4183 100 3201 100 3863 100 4446 100 3381 28
36 4114 100 4160 100 4753 100 4141 100 4401 100 4061 100 4177 100 4786 100 4745 100 4135 100 4591 100 4450 100 4202 100 4139 100 4239 100 4614 100 4625 100 4854 100 4288 100 4790 100 4546 100 2812 100 3414 100 3428 100 3840 100 3921 100 3674 100 4067 34
37 3488 100 3452 100 3574 100 3300 100 3469 100 3391 100 3333 100 3404 100 3329 100 3259 100 3496 100 3324 100 3315 100 3460 100 3369 100 3417 100 3613 100 3815 100 3319 100 3687 100 3893 100 3446 38
38 4203 2
39 4157 100 4079 100 4596 100 2817 100 2969 100 3053 100 3242 100 4799 100 4257 100 4553 100 3447 100 3943 100 2834 100 2881 100 3345 100 4391 100 4632 100 3727 100 4147 100 4178 100 3305 100 3587 100 3173 100 3368 100 4708 100 2899 100 3155 100 4668 100 3847 100 3317 100 3302 100 3072 100 3382 100 4029 100 2793 100 2874 100 3247 100 3609 100 4816 100 3637 90
40 4199 100 3176 100 3225 75
41 3306 10
42 205 10
43 3079 10
44 1049 10
45 3377 10
46 4220 10
47 3365 10
48 4846 10
49 4382 10
50 3997 10
51 3320 10
52 4373 10
53 3989 10
54 3904 10
55 3007 10
56 30 10
57 4524 10
58 3229 10
59 4043 10
60 2581 10
61 141 10
62 2672 10
63 27 10
64 2619 10
65 4098 10
66 3514 10
67 3188 10
68 3664 10
69 4275 10
70 4844 10
71 2625 10
72 23 10
73 4721 10
74 4126 10
75 3189 10
76 4804 10
77 2703 10
78 3846 10
79 231 10
80 2916 10
81 2642 10
82 3832 10
83 4102 10
84 2618 10
85 4728 10
86 3062 10
87 2608 10
88 83 10
89 2962 10
90 3356 10
91 2634 10
92 327 10
93 56 10
94 550 10
95 4174 10
96 3313 10
97 3301 10
98 4822 10
99 2579 10
100 1016 10
101 3035 10
102 3684 10
103 4498 10
104 50 10
105 2756 10
106 3713 10
107 3030 10
108 4880 10
109 86 10
110 3296 10
111 206 10
112 2752 10
113 4706 10
114 4934 10
115 3087 10
116 4359 10
117 2641 10
118 89 10
119 154 10
120 226 10
121 3792 10
122 3861 10
123 32 10
124 2709 10
125 2697 10
126 2685 10
127 74 10
128 473 10
129 168 10
130 4001 10
131 378 10
132 3152 10
133 3670 10
134 3383 10
135 3451 10
136 4416 10
137 2901 10
138 1165 10
139 3304 10
140 4290 10
141 4425 10
142 2929 10
143 2838 10
144 2789 10
145 21 10
146 4559 10
147 69 10
148 4652 10
149 107 10
150 144 10
151 3038 10
152 3212 10
153 2693 10
154 3350 10
155 4921 10
156 2968 10
157 2535 10
158 4306 10
159 3420 10
160 111 10
161 138 10
162 17 10
163 132 10
164 3738 10
165 7 10
166 4656 10
167 3349 10
168 4641 10
169 3202 10
170 3501 10
171 2706 10
172 68 10
173 3950 10
174 2698 10
175 143 10
176 4105 10
177 2938 10
178 4694 10
179 3504 10
180 2711 10
181 3450 10
182 475 10
183 4159 10
184 3688 10
185 2803 10
186 4287 10
187 4210 10
188 3141 10
189 3492 10
190 2796 10
191 3376 10
192 115 10
193 3326 10
194 3874 10
195 2692 10
196 3293 10
197 3359 10
198 4348 10
199 82 10
200 3433 10
4
200
1 3478 100 2963 100 2778 100 3164 100 3732 100 2713 100 3578 100 3049 100 2674 100 2794 100 2822 100 3660 100 2687 100 3671 100 3542 100 3570 100 2836 48
2 4817 100 4519 100 4566 100 4577 100 4688 100 4703 100 4897 100 4756 100 4787 100 4151 100 4709 100 4888 100 4253 12
3 2631 100 2652 100 2718 100 2638 100 2584 100 2665 100 2636 28
4 4600 100 4069 92
5 4922 100 4924 100 4919 100 4899 100 4824 100 4237 100 4479 29
6 4957 100 4951 100 4697 100 4695 100 4916 100 3888 100 4864 100 3959 100 4841 100 4068 100 4914 100 4190 100 3768 100 4366 100 4059 100 4722 100 4783 100 4112 100 4907 100 4574 100 4770 100 4484 100 2763 40
7 4509 100 3591 100 4052 100 2966 61
8 3829 100 3413 100 3644 100 3010 100 3849 100 4179 100 3677 100 4224 100 4353 100 4203 100 4026 100 3525 100 4073 15
9 4898 100 3772 100 4508 95
10 4392 100 3168 100 2587 100 4118 100 3332 100 2922 100 3047 100 3407 100 2734 100 3631 76
11 4875 100 4832 95 3419 100 3765 100 3836 100 3422 100 2617 100 2592 100 4094 100 4798 61
12 2962 100 3186 100 2993 100 3257 100 3020 100 3114 40
13 2745 100 3361 100 2877 100 3532 100 2775 100 2761 100 3683 75
14 125 100 128 100 117 100 137 100 124 100 114 100 122 100 116 100 118 100 119 100 179 100 140 100 191 100 182 100 3744 100 4521 100 3988 100 2688 100 4670 100 154 100 3096 100 3810 100 4412 100 3036 100 3987 100 4021 100 2666 36
15 4779 100 3802 100 4764 100 3745 100 4607 100 4653 100 3743 100 4713 100 4676 100 4145 100 4274 100 3862 100 4762 100 3946 100 4814 100 4289 100 4759 100 4125 100 4855 7
16 4154 25
17 3499 100 3363 100 3378 27
18 85 100 91 50
19 2883 100 2656 100 2910 100 2650 100 2867 100 2694 100 2731 100 2842 100 2690 100 2845 100 2805 100 2799 100 2967 100 2844 100 2976 100 2891 100 2776 13
20 4838 100 4648 100 4832 5
21 3560 100 3972 100 4037 100 4201 100 4437 100 4569 100 3639 100 3834 100 3582 100 3589 11
22 4971 100 4910 100 4933 100 3948 100 4809 100 4002 100 3512 100 3649 100 4758 100 3500 100 3558 100 4601 89
23 4057 100 4385 100 4116 100 3976 100 4435 100 4036 48
24 2757 100 2627 100 3804 100 4133 100 2632 100 3110 100 3594 100 3030 100 4216 8
25 4806 100 4827 100 3757 100 4122 100 4789 25
26 4967 33
27 2644 100 2707 100 2837 100 2730 100 3224 100 3287 100 2990 100 3364 43
28 4862 100 4121 100 4526 100 4130 100 4630 100 4165 100 4454 100 4878 100 4269 100 3753 100 3951 100 4072 100 4414 100 4611 100 3986 100 3999 100 4090 100 4743 100 4791 100 3559 62
29 3730 100 3853 100 3415 60
30 3818 18
31 20 100 10 100 15 100 16 100 25 100 31 100 42 100 11 100 17 100 28 100 13 100 12 28
32 4556 100 4619 100 4665 100 4645 27
33 3335 100 3323 100 3400 100 3418 100 3228 100 3434 100 3286 100 3264 100 3252 100 3471 100 3486 100 3426 100 2832 100 2937 100 2746 100 2964 96
34 4171 100 3552 100 3395 100 3520 100 4627 100 4893 100 3907 100 3476 100 3575 100 4400 100 4076 100 4490 100 3680 100 3793 100 4411 100 4525 48
35 3371 100 3599 100 3608 100 4004 100 4265 100 3439 100 3596 76
36 4054 100 4096 100 4071 100 4252 100 4261 100 3410 100 3445 100 2748 100 3508 100 3661 100 3070 100 3535 100 3577 100 3615 21
37 476 100 1331 100 1386 100 1268 100 951 100 1436 100 1358 100 1123 64
38 4901 100 4707 100 4575 88
39 4015 100 4641 100 4016 100 3914 100 3408 100 4735 100 4471 100 3370 8
40 4140 100 3962 100 4055 100 3307 100 3026 100 3149 100 3917 100 3806 100 3779 100 3763 100 3805 100 3138 100 3462 8
41 4077 10
42 4169 10
43 3567 10
44 3827 10
45 2809 10
46 4503 10
47 2938 10
48 147 10
49 3150 10
50 2640 10
51 66 10
52 2578 10
53 630 10
54 4840 10
55 312 10
56 2818 10
57 2984 10
58 2944 10
59 4849 10
60 3788 10
61 3902 10
62 2742 10
63 948 10
64 2819 10
65 3336 10
66 2677 10
67 4095 10
68 3968 10
69 4638 10
70 4225 10
71 1288 10
72 568 10
73 194 10
74 2641 10
75 323 10
76 2996 10
77 910 10
78 4170 10
79 1278 10
80 2897 10
81 1433 10
82 3480 10
83 105 10
84 3898 10
85 3617 10
86 23 10
87 4266 10
88 3759 10
89 4845 10
90 95 10
91 3146 10
92 2651 10
93 3809 10
94 4494 10
95 40 10
96 18 10
97 3175 10
98 2672 10
99 3534 10
100 3435 10
101 45 10
102 2860 10
103 3490 10
104 280 10
105 4053 10
106 344 10
107 4558 10
108 183 10
109 243 10
110 2821 10
111 2658 10
112 271 10
113 2750 10
114 3909 10
115 3539 10
116 134 10
117 4618 10
118 2736 10
119 248 10
120 4384 10
121 3365 10
122 3710 10
123 3996 10
124 1153 10
125 4644 10
126 4852 10
127 3762 10
128 3141 10
129 3711 10
130 1254 10
131 2927 10
132 2525 10
133 3686 10
134 214 10
135 3630 10
136 4768 10
137 1474 10
138 4111 10
139 4355 10
140 3814 10
141 3000 10
142 3731 10
143 2678 10
144 2711 10
145 4193 10
146 3981 10
147 4829 10
148 4214 10
149 3379 10
150 1462 10
151 4103 10
152 3487 10
153 4837 10
154 3656 10
155 3448 10
156 3912 10
157 4246 10
158 3189 10
159 4092 10
160 4658 10
161 177 10
162 1206 10
163 3045 10
164 3718 10
165 3202 10
166 4887 10
167 4279 10
168 3416 10
169 4637 10
170 2470 10
171 160 10
172 3515 10
173 7 10
174 4428 10
175 2693 10
176 367 10
177 3784 10
178 3170 10
179 4390 10
180 4075 10
181 3038 10
182 2603 10
183 2626 10
184 2622 10
185 4011 10
186 2518 10
187 3033 10
188 3895 10
189 3078 10
190 2700 10
191 2858 10
192 1336 10
193 359 10
194 3658 10
195 2889 10
196 1184 10
197 2787 10
198 3270 10
199 4674 10
200 180 10
5
200
1 4953 100 4952 79
2 3969 100 3530 100 2982 100 3241 100 2728 100 2887 100 3673 100 4124 100 3473 100 4003 100 3716 100 2668 100 2562 100 2595 48
3 2633 100 2605 100 2697 100 2576 29
4 3879 19
5 3079 100 2685 100 2619 100 3062 100 2663 100 2675 100 2968 100 2634 100 2550 100 2598 100 2907 100 2786 100 2618 35
6 2692 100 3296 100 3794 100 2698 100 2654 100 3007 100 3212 100 2625 100 3293 100 3481 100 2655 100 3301 100 3313 100 3684 100 2637 100 2916 100 3376 100 3405 100 3713 100 3785 100
7 189 100 184 100 188 100 207 100 220 100 196 100 176 100 292 100 261 100 210 100 206 100 2649 100 2659 100 2662 100 2752 100 3536 100 251 100 2712 100 3538 100 4561 100 287 100 2789 100 237 100 3497 100 2756 100 4065 100 2568 100 3606 14
8 2570 100 2580 100 3562 100 2582 100 2787 100 3632 100 3842 37
9 4654 84
10 4886 100 4891 100 4889 100 4855 100 4917 100 4880 100 4796 100 4846 100 4851 12
11 3811 100 2579 100 2581 100 4655 100 2577 100 2606 100 4716 100 4823 100 2875 100 3870 100 2782 52
12 4844 100 3873 100 3887 100 3792 100 3801 100 3462 100 3878 100 3989 100 3449 100 3509 100 3929 100 3950 100 3709 100 3420 100 3980 100 4483 100 3457 100 3777 50
13 3922 100 3832 100 3913 100 3979 100 4338 100 3904 100 4192 88
14 4945 9
15 3431 100 2608 100 2873 100 3146 100 3526 100 3975 94
16 4749 100 4702 39
17 3459 100 2684 100 2549 100 2702 100 3239 100 2960 100 3612 14
18 4050 100 4038 100 3752 100 3958 40
19 3942 100 2768 100 2555 100 3510 100 3952 100 2682 100 2859 100 3140 100 3885 100 3663 100 3370 100 4156 100 3910 100 2645 100 2602 100 4028 100 3947 100 4576 97
20 3494 100 3349 100 3424 100 3360 100 3433 100 3492 100 3440 100 3306 100 3477 100 3450 100 3314 100 3514 100 4086 100 3304 100 4023 100 3838 100 3377 100 3664 100 3425 100 3350 100 3633 100 4027 100 3320 100 3643 100 3603 100 3874 100 3356 100 3501 100 3653 100 3997 100 3451 100 2607 100 2703 100 3326 100 3521 100 2838 100 3188 52
21 3843 100 2852 100 3566 100 3723 100 2546 100 3231 21
22 4635 100 4503 100 4465 26
23 3965 100 4253 46
24 4943 100 4860 100 4618 100 4826 100 4915 100 4537 100 4836 100 4988 100 4520 100 4920 100 4640 100 4581 100 2614 100 4305 100 4407 100 4881 100 4719 100 2629 64
25 3297 100 3964 100 3978 100 3602 100 4159 100 4652 100 3627 100 2726 100 4098 100 4306 100 3688 100 4043 100 4275 100 4290 100 2831 100 2929 100 3786 100 3937 100 3152 100 3764 100 3790 100 4523 100 3738 100 4559 100 4001 100 3846 100 4126 100 3998 100 2706 100 3383 100 3504 59
26 2709 100 2796 100 2642 100 2720 100 2901 100 2574 100 2635 100 3035 10
27 4822 100 4209 100 4248 100 4804 100 4514 100 4376 94
28 4760 100 4748 100 4793 100 4696 100 4721 100 4382 100 4373 100 4174 100 4210 100 3967 100 4040 100 4496 100 4524 100 4498 100 2803 100 3359 100 4127 100 4572 100 2566 100 4220 100 2744 100 3670 100 3861 100 4102 100 3229 100 3889 100 4287 63
29 4738 90
30 4681 100 4510 100 4609 77
31 4934 100 4970 100 4928 100 4921 100 4866 100 4966 100 4884 100 4729 100 4727 100 4912 100 4856 100 4955 100 4754 100 4801 30
32 4162 100 4527 100 3868 100 3901 100 3547 100 3726 100 3087 100 3721 100 4532 100 3078 100 3454 64
33 4742 100 3005 100 2611 100 3695 100 4390 80
34 2673 100 2810 100 3773 100 2858 100 3561 100 3628 100 3841 100 3393 100 4107 16
35 4732 100 4657 100 4706 100 4416 100 4565 100 4694 100 4425 100 4728 100 4105 100 4739 100 4191 100 4656 100 4348 100 4359 35
36 4859 80
37 4972 34
38 4939 100 4932 40
39 3590 100 3995 100 4216 100 4923 100 4946 100 4030 100 4669 79
40 2590 100 4807 100 2521 100 3485 100 4502 100 2670 100 3170 100 3858 100 3676 100 3754 48
41 2672 10
42 135 10
43 265 10
44 4680 10
45 4013 10
46 3630 10
47 2561 10
48 1026 10
49 2701 10
50 3731 10
51 2554 10
52 4991 10
53 3517 10
54 458 10
55 1215 10
56 430 10
57 205 10
58 1154 10
59 3 10
60 3629 10
61 1192 10
62 2830 10
63 72 10
64 3953 10
65 50 10
66 1341 10
67 4616 10
68 115 10
69 2758 10
70 246 10
71 213 10
72 4512 10
73 3993 10
74 3616 10
75 4088 10
76 141 10
77 3051 10
78 1132 10
79 4095 10
80 21 10
81 2628 10
82 76 10
83 106 10
84 3996 10
85 3120 10
86 4415 10
87 2776 10
88 108 10
89 3270 10
90 1201 10
91 65 10
92 111 10
93 4384 10
94 1415 10
95 4649 10
96 4973 10
97 2938 10
98 2936 10
99 2927 10
100 3622 10
101 1420 10
102 2560 10
103 83 10
104 2961 10
105 3647 10
106 2667 10
107 2919 10
108 4479 10
109 226 10
110 73 10
111 3150 10
112 4060 10
113 144 10
114 3658 10
115 96 10
116 3515 10
117 2691 10
118 2613 10
119 82 10
120 4033 10
121 1064 10
122 228 10
123 3770 10
124 150 10
125 46 10
126 164 10
127 2563 10
128 1126 10
129 1110 10
130 4677 10
131 4724 10
132 3895 10
133 4225 10
134 3835 10
135 2924 10
136 4639 10
137 58 10
138 953 10
139 2819 10
140 282 10
141 3800 10
142 3617 10
143 178 10
144 255 10
145 1010 10
146 283 10
147 3932 10
148 3833 10
149 4092 10
150 1292 10
151 281 10
152 3955 10
153 3624 10
154 4039 10
155 291 10
156 3085 10
157 2465 10
158 3487 10
159 2548 10
160 4111 10
161 3583 10
162 231 10
163 70 10
164 3694 10
165 3778 10
166 513 10
167 51 10
168 1204 10
169 2714 10
170 2626 10
171 1003 10
172 3686 10
173 3749 10
174 404 10
175 4782 10
176 286 10
177 3711 10
178 4355 10
179 2996 10
180 2997 10
181 146 10
182 2429 10
183 256 10
184 172 10
185 155 10
186 221 10
187 1399 10
188 3771 10
189 4911 10
190 3746 10
191 84 10
192 1135 10
193 2501 10
194 2571 10
195 39 10
196 3503 10
197 3703 10
198 3441 10
199 3175 10
200 2513 10
6
200
1 4974 57
2 3073 100 2533 100 2540 100 2599 100 2514 100 2710 100 2973 100 2640 100 2551 100 2700 100 3071 100 2520 100 2480 100 2569 100 2553 100 2897 100 2612 100 3045 100 2610 100 2717 100 3000 68
3 2488 100 4473 100 2475 100 3698 100 2483 100 2771 100 2974 100 3807 95 2583 100 2648 5
4 2821 100 2471 100 2597 100 2736 100 2578 100 2853 100 2661 100 2742 100 2564 100 2693 100 2860 100 2639 100 2502 100 2677 23
5 2374 100 3148 100 3650 100 3818 100 3983 100 3014 100 3615 100 2790 100 2455 95
6 4940 100 4894 53
7 4849 100 4848 100 4845 100 4829 100 4852 100 4847 100 4840 100 4837 100 4768 100 4780 100 4872 100 3527 100 3968 100 4374 100 3541 100 3625 100 4712 1
8 2733 100 4821 100 2596 100 4679 100 4931 100 4869 100 2531 100 4815 100 2830 100 2646 100 3437 100 2543 100 4850 100 4671 100 2997 100 3120 100 3817 100 3963 100 4839 33
9 3106 100 3035 97 3076 100 4355 100 4680 100 4225 100 3830 100 4704 100 3513 100 3127 34
10 4958 100 4962 100 3851 100 4109 100 4927 100 4262 100 4712 99 4593 100 4949 100 2804 100 3789 100 2935 100 2542 100 2788 100 2683 100 2932 100 3712 100 3828 100 2620 100 3666 100 3824 100 3949 100 4948 100 4861 100 4831 100 2704 100 4853 100 3619 100 3974 100 3803 100 4675 100 3760 93
11 2420 71
12 1466 100 986 100 1141 100 1377 100 1073 100 766 100 1035 100 1137 100 1308 100 2653 100 2681 100 1187 100 2672 100 1273 100 2985 98
13 3775 70
14 4969 15
15 238 100 2669 100 2497 100 2573 100 2711 100 2641 100 2705 100 2889 100 2678 100 2750 100 271 100 2773 100 2658 100 2651 100 2503 100 241 100 2616 100 2558 100 2603 100 2818 100 243 100 2491 100 2522 100 2809 100 2622 100 248 97
16 4918 100 4868 100 4857 100 4942 46
17 4144 87
18 3642 100 3085 100 3654 100 3705 100 3781 100 3177 100 3595 100 3903 81
19 4639 100 4479 100 4512 100 3796 100 3550 100 3707 100 3679 100 3957 49
20 4736 100 4926 100 4925 75
21 3896 100 3905 95
22 4977 100 4984 100 4982 100 4979 100 4947 100 4980 100 4677 100 4870 100 4851 100 4715 100 4690 100 4885 84
23 4992 7
24 2938 100 3381 100 2871 100 2460 100 2878 100 2927 100 3075 100 2473 100 2518 100 3142 100 2525 16
25 3597 100 3701 100 3438 100 3366 100 3458 100 3729 100 3717 100 3162 100 2851 100 2975 100 3035 3
26 3573 100 3704 100 4904 100 4317 55
27 4959 100 4902 100 4945 100 4900 100 3735 100 3769 80
28 4711 100 4674 100 4664 100 4470 100 4604 100 4053 100 4774 100 4103 100 3877 14
29 3900 100 3579 100 3748 100 3692 100 4067 51
30 2519 100 4025 100 2630 100 3111 100 3667 100 3871 100 3915 100 3708 100 3897 100 3678 100 2936 100 3886 100 3795 100 4395 100 2924 100 2826 100 2779 100 2594 100 2930 100 2660 100 3856 45
31 4744 100 4518 30
32 1320 100 1435 100 1372 100 1247 100 1327 100 3722 100 2454 100 2495 100 2515 100 2333 42
33 4905 100 4936 100 4890 100 4938 100 4887 100 4913 100 4937 100 4941 100 4906 100 4909 100 4335 100 4558 100 4266 100 4010 100 3783 100 3984 100 4710 100 4882 100 3865 100 3991 15
34 3898 100 3784 100 4075 100 4169 100 3189 100 3675 100 3902 100 3970 100 3909 100 3981 100 3463 100 3614 100 3202 100 3923 100 4045 100 3702 100 4073 100 4279 100 3141 100 4097 100 3033 100 4170 100 3539 100 3912 100 4214 100 3883 100 4077 38
35 1156 100 1095 100 1040 100 959 100 1004 29
36 3009 100 2959 100 3592 100 2621 100 3682 100 2419 100 2534 100 2509 86
37 2507 100 2532 100 1079 100 1307 100 2535 100 1231 100 2808 100 1133 100 2777 100 2623 100 2813 100 503 100 1044 100 2437 100 2512 100 1094 78
38 3758 100 3718 100 3852 100 3809 100 3567 100 3734 100 3788 100 3534 100 3453 100 3822 100 4246 100 3379 100 3762 100 4011 100 3498 100 3435 100 4058 100 3961 100 3490 100 3759 100 4193 100 3416 100 3502 100 3807 5
39 1214 10
40 4658 100 4644 100 4637 100 4647 100 4638 100 4494 100 3589 100 2984 100 3545 100 3710 100 3930 100 3827 100 3006 100 3336 100 2944 100 3038 100 3124 100 3365 100 3814 100 3448 100 3480 100 3429 100 3656 100 4428 100 4570 49
41 285 10
42 255 10
43 4649 10
44 3833 10
45 300 10
46 4788 10
47 2776 10
48 1497 10
49 639 10
50 3617 10
51 1234 10
52 2554 10
53 3519 10
54 391 10
55 27 10
56 1423 10
57 3955 10
58 2667 10
59 1068 10
60 3800 10
61 3270 10
62 136 10
63 1168 10
64 1328 10
65 1257 10
66 306 10
67 98 10
68 514 10
69 2643 10
70 275 10
71 4616 10
72 29 10
73 78 10
74 1147 10
75 624 10
76 7 10
77 3706 10
78 177 10
79 19 10
80 2613 10
81 1217 10
82 1172 10
83 732 10
84 266 10
85 1426 10
86 1389 10
87 2919 10
88 211 10
89 347 10
90 1470 10
91 1057 10
92 45 10
93 1205 10
94 132 10
95 4769 10
96 332 10
97 138 10
98 1142 10
99 197 10
100 219 10
101 2882 10
102 3132 10
103 4013 10
104 1479 10
105 2996 10
106 278 10
107 3515 10
108 180 10
109 4879 10
110 214 10
111 2565 10
112 223 10
113 1038 10
114 1170 10
115 195 10
116 49 10
117 107 10
118 3606 10
119 965 10
120 3487 10
121 3583 10
122 63 10
123 1190 10
124 603 10
125 3503 10
126 4990 10
127 2911 10
128 358 10
129 3797 10
130 4528 10
131 161 10
132 955 10
133 1348 10
134 4426 10
135 86 10
136 1289 10
137 3581 10
138 307 10
139 618 10
140 30 10
141 1146 10
142 1309 10
143 2470 10
144 4092 10
145 256 10
146 1104 10
147 319 10
148 2854 10
149 3569 10
150 89 10
151 1151 10
152 56 10
153 3694 10
154 3051 10
155 1065 10
156 1406 10
157 143 10
158 2626 10
159 2539 10
160 112 10
161 3231 10
162 346 10
163 548 10
164 151 10
165 1076 10
166 1280 10
167 3175 10
168 1157 10
169 79 10
170 1412 10
171 4954 10
172 2647 10
173 2511 10
174 4755 10
175 1195 10
176 509 10
177 2819 10
178 5 10
179 32 10
180 149 10
181 457 10
182 3895 10
183 9 10
184 377 10
185 858 10
186 3046 10
187 1098 10
188 4557 10
189 1058 10
190 1138 10
191 4384 10
192 1179 10
193 4843 10
194 4397 10
195 168 10
196 280 10
197 1155 10
198 171 10
199 209 10
200 1357 10
7
200
1 2528 100 2557 100 3017 62
2 3933 100 3839 100 3739 100 3685 91
3 1240 100 1129 100 1346 100 1102 100 1131 100 1354 100 1285 100 1286 100 1253 100 1105 100 1067 100 1449 100 1310 100 1345 100 1012 21
4 2508 100 3669 100 3977 100 2414 100 2498 100 2441 100 3820 100 2370 100 3816 100 3720 68
5 1304 100 1263 100 1318 100 1295 100 1031 43
6 875 100 2941 100 2448 100 2721 100 1317 100 2530 100 2701 100 2472 100 3150 100 2628 100 1143 100 2980 100 2954 100 3446 100 4060 100 2547 100 3641 100 3940 100 2940 100 3616 100 3749 100 3605 100 2961 100 4529 100 890 100 1198 100 3629 100 2575 100 4620 100 3647 100 2548 100 2563 100 2905 100 2691 100 1005 41
7 3042 100 2529 100 3844 100 2755 100 2424 100 3261 100 3936 100 2399 100 3378 100 4666 100 2479 100 2451 26
8 1197 100 1207 100 1441 100 1422 100 2457 100 1007 100 2609 100 3003 100 1467 100 1061 90
9 1526 100 3008 100 2439 100 2501 100 3237 100 2434 100 1407 100 3441 100 2346 100 2898 100 2560 100 2266 100 3182 100 1419 100 2436 100 2585 100 2588 79
10 4634 100 4552 27
11 4930 10
12 4883 100 4867 100 4525 63
13 3944 100 3715 100 2591 100 3831 100 2648 100 2664 100 3945 54
14 126 100 131 100 130 100 142 100 163 100 166 100 145 100 144 58
15 2571 100 2758 100 2714 100 2526 100 3624 100 2513 100 3703 100 3612 100 2600 100 2679 100 2561 46
16 3522 100 2589 100 2586 100 2567 100 3135 4
17 4911 100 4908 100 3658 100 4782 100 3686 100 3731 100 3630 100 3953 100 3823 100 3711 100 3746 100 4111 100 3996 100 4095 100 3993 100 3875 60
18 4992 100 4991 100 883 100 870 100 962 98
19 4107 80
20 1178 100 988 100 1136 100 1219 100 1062 100 1252 100 1099 32
21 4965 100 4876 100 4465 100 4477 100 4964 100 4039 100 4903 100 3354 100 3798 100 4033 100 3770 100 3835 100 3932 100 3517 35
22 3837 8
23 4602 100 4595 100 4415 100 4599 100 4723 100 4724 56
24 4990 100 4968 40
25 4935 100 4453 59
26 982 100 918 34
27 3039 65
28 4659 100 4550 64
29 4626 100 4377 100 4417 98
30 4597 55
31 4987 100 4985 79
32 4580 73
33 4973 100 4983 100 4975 100 4960 90
34 4986 37
35 3024 100 2482 100 3585 100 2466 85
36 95 100 105 100 99 100 102 100 106 100 108 100 111 100 109 100 121 100 100 100 97 100 115 100 103 100 107 100 134 100 96 100 132 38
37 4088 100 3778 100 3771 100 3622 100 4700 100 3611 100 4419 100 4751 100 3882 100 3751 34
38 3866 28
39 4645 100 4587 100 4430 100 4605 100 4678 100 4326 100 4789 59
40 1359 100 1465 100 1463 100 1499 100 1501 100 3646 6
41 2403 10
42 158 10
43 4426 10
44 249 10
45 596 10
46 1139 10
47 334 10
48 3258 10
49 3741 10
50 357 10
51 522 10
52 194 10
53 283 10
54 3651 10
55 980 10
56 333 10
57 273 10
58 521 10
59 64 10
60 1254 10
61 2347 10
62 2478 10
63 2467 10
64 1154 10
65 23 10
66 1049 10
67 2435 10
68 2447 10
69 263 10
70 329 10
71 660 10
72 1474 10
73 160 10
74 2536 10
75 1500 10
76 2559 10
77 1189 10
78 516 10
79 910 10
80 551 10
81 909 10
82 448 10
83 598 10
84 34 10
85 619 10
86 389 10
87 74 10
88 52 10
89 4294 10
90 359 10
91 4528 10
92 315 10
93 1288 10
94 958 10
95 2854 10
96 485 10
97 1060 10
98 612 10
99 593 10
100 473 10
101 3564 10
102 399 10
103 1228 10
104 3864 10
105 820 10
106 906 10
107 4769 10
108 1161 10
109 1411 10
110 1165 10
111 726 10
112 167 10
113 291 10
114 47 10
115 4976 10
116 169 10
117 2492 10
118 205 10
119 327 10
120 794 10
121 4440 10
122 933 10
123 1016 10
124 1462 10
125 573 10
126 2676 10
127 706 10
128 2911 10
129 3756 10
130 94 10
131 2427 10
132 433 10
133 1201 10
134 4293 10
135 1373 10
136 1096 10
137 971 10
138 1181 10
139 378 10
140 3638 10
141 4539 10
142 844 10
143 282 10
144 1184 10
145 265 10
146 506 10
147 281 10
148 923 10
149 2504 10
150 4950 10
151 869 10
152 852 10
153 3919 10
154 540 10
155 2494 10
156 957 10
157 2882 10
158 930 10
159 3610 10
160 1080 10
161 2465 10
162 475 10
163 344 10
164 566 10
165 2527 10
166 2615 10
167 284 10
168 174 10
169 427 10
170 231 10
171 3135 10
172 1112 10
173 141 10
174 80 10
175 829 10
176 451 10
177 3154 10
178 69 10
179 4562 10
180 192 10
181 691 10
182 3728 10
183 2657 10
184 807 10
185 112 10
186 272 10
187 147 10
188 550 10
189 4154 10
190 425 10
191 3231 10
192 77 10
193 630 10
194 183 10
195 2461 10
196 68 10
197 3213 10
198 127 10
199 4451 10
200 4557 10
8
200
1 4533 100 4649 100 4616 100 4625 19
2 4989 100 4981 100 4993 100 4954 15
3 4843 100 4755 25
4 2666 100 2500 100 2510 100 2422 100 2541 100 2895 100 2966 100 3515 100 2819 83
5 2462 100 2216 100 2523 100 2340 100 2409 100 2537 18
6 1087 24
7 138 100 143 100 150 100 135 100 155 100 146 100 168 100 157 100 187 100 151 100 175 61
8 1270 30
9 4978 100 4963 100 4929 100 4584 100 4397 100 2753 100 3826 100 3655 100 3906 100 4346 100 4482 100 2886 100 3774 100 4788 100 4961 100 4778 100 3163 100 3791 100 4449 100 4008 71
10 1490 100 1533 100 2999 100 2469 100 2376 100 2626 100 2544 100 2987 100 2433 100 2265 100 2431 100 2474 100 2552 100 3118 100 3059 100 3719 100 2636 100 2780 57
11 1516 100 1394 100 1555 100 1405 100 1494 100 1387 100 1412 100 1423 100 1389 28
12 289 100 277 100 286 100 312 100 280 100 302 100 295 100 299 100 308 100 278 100 285 100 316 100 380 100 533 100 453 100 793 100 404 100 899 100 458 100 904 100 513 100 838 100 430 100 600 100 887 100 337 100 336 83
13 4557 100 3635 100 4608 100 3854 100 4460 100 4298 100 3991 100 3895 100 3876 100 3617 87
14 4741 22
15 3503 100 2511 100 2667 100 2443 100 2565 89
16 4325 100 4418 59
17 4540 41
18 1082 100 855 99
19 4956 15
20 2200 100 1152 100 1336 100 1135 100 1208 100 1215 100 2247 100 1420 100 1126 100 1300 95
21 4499 100 4423 100 4967 100 3925 100 3787 100 3821 100 4263 100 4585 100 4384 100 4439 100 4475 100 3133 100 4433 100 4371 100 4877 56
22 321 100 350 100 403 100 383 100 367 100 413 100 411 100 2991 100 4228 100 3879 100 2894 100 606 100 323 100 1153 100 1433 100 3556 100 1206 100 1520 100 3046 100 1250 100 1355 100 1397 100 1486 100 948 100 1128 100 3551 100 1278 100 2352 100 3725 100 1176 100 1210 100 2232 100 479 100 3132 100 568 100 3153 100 929 100 3580 100 549 100 3056 41
23 65 100 53 100 58 100 66 26
24 4892 51
25 1192 100 884 100 1064 100 1009 100 953 100 622 100 717 100 1132 100 1174 100 1445 100 1349 100 1341 100 1361 100 1340 100 1392 100 609 100 907 100 886 100 1296 100 917 100 1536 100 889 100 781 100 1203 100 916 100 1284 100 1028 100 914 100 1147 31
26 3742 100 4092 100 3833 100 3955 100 3800 15
27 4769 78
28 2456 100 3694 100 2477 100 3154 77
29 4451 94
30 4879 57
31 2892 100 2902 100 3082 100 3080 100 3175 100 2996 100 3487 100 3270 56
32 2022 100 2167 5
33 4478 35
34 3213 100 3583 2
35 2405 100 2390 100 2556 100 2624 100 973 100 1124 100 1504 100 1351 100 2429 100 1293 100 1003 100 2464 100 2486 100 1344 100 1415 100 2366 100 1553 100 1110 100 1001 100 1399 100 3877 100 2545 100 2386 100 1010 100 1292 100 1204 100 1026 100 2203 14
36 2913 100 2442 100 2797 100 2180 100 2554 100 2776 100 2719 100 2505 100 2572 100 2375 100 2401 100 2450 4
37 456 100 426 100 386 100 444 100 543 100 428 100 377 100 358 100 330 100 347 100 414 100 1325 100 373 100 391 53
38 75 100 71 100 70 100 73 100 72 100 76 100 78 100 69 100 83 100 82 100 88 100 74 100 81 100 86 100 77 100 84 100 79 100 90 100 89 100 93 100 98 100 87 100 80 100 94 100 186 88
39 4944 100 4930 15
40 3084 100 2517 100 2890 100 2715 100 3606 100 3652 100 2476 100 3231 33
41 1179 10
42 633 10
43 1428 10
44 464 10
45 1456 10
46 120 10
47 1166 10
48 992 10
49 136 10
50 8 10
51 300 10
52 639 10
53 700 10
54 1138 10
55 44 10
56 110 10
57 1027 10
58 4013 10
59 748 10
60 920 10
61 1352 10
62 4294 10
63 1070 10
64 3281 10
65 815 10
66 1315 10
67 818 10
68 4293 10
69 1376 10
70 319 10
71 1077 10
72 101 10
73 955 10
74 181 10
75 149 10
76 1217 10
77 4352 10
78 246 10
79 965 10
80 1076 10
81 1050 10
82 1348 10
83 1539 10
84 2643 10
85 178 10
86 3916 10
87 1426 10
88 293 10
89 936 10
90 1400 10
91 51 10
92 694 10
93 839 10
94 266 10
95 264 10
96 1125 10
97 375 10
98 1098 10
99 618 10
100 500 10
101 514 10
102 827 10
103 2613 10
104 996 10
105 1144 10
106 332 10
107 1220 10
108 2576 10
109 474 10
110 1167 10
111 218 10
112 1168 10
113 993 10
114 415 10
115 614 10
116 296 10
117 1595 10
118 317 10
119 1479 10
120 710 10
121 1309 10
122 1038 10
123 1470 10
124 35 10
125 1306 10
126 1214 10
127 1172 10
128 41 10
129 934 10
130 1057 10
131 1150 10
132 424 10
133 548 10
134 780 10
135 4528 10
136 509 10
137 63 10
138 1068 10
139 782 10
140 650 10
141 1406 10
142 1081 10
143 3051 10
144 1190 10
145 2953 10
146 92 10
147 364 10
148 501 10
149 164 10
150 1074 10
151 455 10
152 532 10
153 1151 10
154 161 10
155 1280 10
156 1058 10
157 62 10
158 346 10
159 1090 10
160 438 10
161 2919 10
162 796 10
163 931 10
164 1357 10
165 1379 10
166 1312 10
167 1043 10
168 1565 10
169 2737 10
170 587 10
171 275 10
172 1134 10
173 2470 10
174 569 10
175 760 10
176 260 10
177 172 10
178 61 10
179 221 10
180 226 10
181 40 10
182 680 10
183 139 10
184 1234 10
185 57 10
186 148 10
187 24 10
188 1195 10
189 1059 10
190 678 10
191 362 10
192 795 10
193 1314 10
194 556 10
195 1021 10
196 262 10
197 3169 10
198 1091 10
199 1170 10
200 1431 10
9
200
1 3850 46
2 3204 100 3123 100 3114 48
3 4552 87
4 1577 100 2795 100 2207 100 2395 100 1568 100 1602 100 1641 100 2740 100 2359 100 2326 100 2233 100 2490 100 2286 100 2876 100 2955 100 3117 100 2153 100 3091 51
5 4304 100 4017 100 3741 100 3756 17
6 4539 100 4468 100 2874 100 2487 100 3203 100 2245 100 2499 100 4359 100 3156 100 3052 100 2404 100 3250 100 3167 100 4393 100 2481 100 3116 100 3583 100 2978 100 4554 100 2417 100 4389 100 4368 100 3265 100 4516 38
7 3610 100 3638 100 3198 94 3364 100 3699 29
8 1571 100 1525 100 1478 100 1472 100 1474 100 1500 100 1640 98
9 2445 100 2754 100 2802 100 2465 100 2044 100 2427 100 2167 100 2615 6
10 153 100 141 100 147 100 127 100 133 100 152 100 158 100 123 100 129 100 156 100 169 100 192 100 136 100 200 100 139 100 149 100 172 100 205 100 231 100 226 100 256 100 250 100 209 100 219 100 235 100 245 100 268 78
11 4481 100 4340 100 4268 73
12 2527 100 2492 100 2903 100 2764 100 2921 100 3104 33
13 2447 100 2504 100 2178 100 2494 79
14 2330 100 2435 100 2618 100 2304 100 2467 100 2347 100 2749 100 2170 79
15 1356 100 1563 100 1503 100 1550 100 1236 100 1450 100 1471 100 1446 100 1313 100 1103 100 1283 100 3214 100 2338 100 1858 100 1334 100 3693 100 1374 100 2943 100 3197 100 2342 100 1274 100 1608 100 2516 100 3761 100 3518 100 1367 100 1409 100 3290 100 2349 29
16 2083 100 2296 20
17 1522 100 1437 100 1462 100 1487 46
18 974 100 2276 100 1257 100 3581 100 1108 100 2361 100 3519 100 3706 100 3223 100 1104 100 1382 100 1227 100 2329 100 2440 100 2914 100 2485 100 1634 100 3027 100 1244 100 2977 100 3193 100 3196 100 1381 100 2402 100 2496 100 970 100 2453 87
19 1414 100 1216 100 1199 100 1235 58
20 4994 100 4426 100 3648 100 4339 100 4421 100 4535 100 4440 100 4364 100 4562 100 4487 100 3724 100 3636 100 3646 100 4553 100 3135 100 3797 100 3258 100 4598 100 3569 100 3880 32
21 3864 100 3281 100 2953 100 4352 100 2559 100 2939 100 3169 100 3651 100 2493 100 3283 100 3728 100 2406 18
22 3837 100 3782 100 4551 100 3491 100 4309 100 4410 100 3813 100 4152 100 4536 100 4567 57
23 2450 100 2814 100 3220 100 2379 100 2525 100 2828 100 2992 100 2995 100 2182 100 2677 100 2365 100 2823 100 3198 6
24 2055 48
25 1229 100 1366 100 1442 100 1272 100 1410 100 1117 100 1385 100 1149 100 1511 100 1249 100 1492 100 1535 100 1194 100 1224 100 1196 100 1534 100 1165 65
26 2204 100 2335 100 2536 100 2676 100 2657 100 2763 100 2461 100 2737 100 2800 100 4294 100 2398 100 2478 100 2833 100 3919 100 2861 100 3066 92
27 162 100 213 100 171 100 195 100 202 100 197 100 180 100 165 100 177 100 229 100 214 100 160 100 190 100 167 100 183 100 222 100 173 100 233 100 174 100 203 100 228 100 201 100 208 100 199 100 224 100 216 100 211 100 204 100 194 100 198 100 161 100 164 99
28 354 100 1169 100 732 100 1202 100 836 100 1142 100 1328 100 1160 100 941 100 1083 100 1497 100 484 100 490 100 374 100 1146 100 1185 100 457 100 1065 100 1155 100 1205 100 1157 100 1599 100 1256 100 1140 100 703 100 1368 100 2881 100 2524 100 2593 100 897 100 2468 100 709 100 1289 100 1452 100 2539 100 648 18
29 2357 100 1956 100 2458 100 2171 100 2320 100 2407 100 2387 100 2351 100 2371 100 2072 100 2328 100 2240 100 2438 100 2463 50
30 4950 100 4895 100 4307 100 4570 100 4488 46
31 4610 100 4624 100 4422 100 4691 100 4270 100 4717 100 4154 100 4367 24
32 2925 100 2885 100 2915 100 2956 100 4441 100 4586 100 3077 100 4528 100 2909 100 3564 100 3397 100 4461 100 4293 100 4459 66
33 3043 100 4388 100 3103 100 3048 100 2848 100 4226 100 4119 90
34 4784 100 4794 100 4705 100 4725 100 4651 100 4629 100 4776 100 4240 100 4543 100 2506 100 4801 100 2452 100 4777 100 3127 100 4518 100 2868 100 4752 100 2934 100 3094 100 3766 100 4767 100 2199 19
35 2403 100 1638 100 1877 41
36 4997 100 4996 57
37 2538 100 2872 100 2882 100 2854 100 2381 100 2862 100 2647 100 2911 100 3058 100 2364 100 2699 100 2430 65
38 3191 100 3089 100 2971 100 3178 100 3334 100 2970 100 2998 100 3208 54
39 4467 100 4592 86
40 1610 100 1649 100 1666 100 1618 100 1683 100 1621 100 4548 100 2392 100 2290 42
41 1096 10
42 847 10
43 5 10
44 924 10
45 26 10
46 858 10
47 55 10
48 46 10
49 439 10
50 902 10
51 112 10
52 785 10
53 980 10
54 550 10
55 728 10
56 399 10
57 603 10
58 1100 10
59 104 10
60 402 10
61 1113 10
62 4969 10
63 644 10
64 1019 10
65 866 10
66 932 10
67 1408 10
68 1054 10
69 255 10
70 624 10
71 253 10
72 60 10
73 355 10
74 871 10
75 305 10
76 634 10
77 306 10
78 930 10
79 812 10
80 842 10
81 181 10
82 551 10
83 881 10
84 273 10
85 1024 10
86 1045 10
87 844 10
88 434 10
89 384 10
90 971 10
91 247 10
92 598 10
93 852 10
94 846 10
95 33 10
96 1016 10
97 985 10
98 463 10
99 1370 10
100 906 10
101 797 10
102 1017 10
103 342 10
104 333 10
105 958 10
106 538 10
107 491 10
108 775 10
109 39 10
110 281 10
111 288 10
112 236 10
113 1288 10
114 820 10
115 1161 10
116 1018 10
117 1184 10
118 225 10
119 389 10
120 223 10
121 716 10
122 778 10
123 1055 10
124 246 10
125 239 10
126 558 10
127 860 10
128 178 10
129 425 10
130 1343 10
131 1266 10
132 540 10
133 21 10
134 307 10
135 1139 10
136 1201 10
137 242 10
138 1164 10
139 359 10
140 519 10
141 1228 10
142 113 10
143 475 10
144 101 10
145 770 10
146 1183 10
147 758 10
148 1154 10
149 726 10
150 274 10
151 3 10
152 784 10
153 148 10
154 110 10
155 641 10
156 1051 10
157 1451 10
158 762 10
159 607 10
160 218 10
161 1305 10
162 1080 10
163 1429 10
164 923 10
165 227 10
166 1049 10
167 378 10
168 991 10
169 853 10
170 1042 10
171 471 10
172 283 10
173 840 10
174 315 10
175 552 10
176 221 10
177 787 10
178 1011 10
179 433 10
180 997 10
181 1000 10
182 894 10
183 961 10
184 1020 10
185 856 10
186 660 10
187 620 10
188 56 10
189 272 10
190 922 10
191 18 10
192 589 10
193 249 10
194 869 10
195 814 10
196 516 10
197 1056 10
198 967 10
199 462 10
200 265 10
10
200
1 2316 100 2383 72
2 4954 73
3 4631 58
4 4702 100 4741 82
5 4506 100 4525 100 4457 78
6 3105 100 3225 100 2615 100 3200 100 3018 100 2891 22
7 572 100 802 100 619 100 867 100 577 100 829 100 807 100 522 100 521 100 706 100 573 100 693 100 876 100 900 100 561 100 612 100 630 100 910 100 545 100 947 100 764 100 872 100 779 100 596 100 863 100 933 100 957 100 854 100 950 100 554 100 1254 100 909 100 629 100 1430 65
8 4531 100 4600 100 4516 28
9 2197 100 2287 100 2220 100 2139 100 2253 40
10 4330 100 4507 100 4642 100 4577 100 4296 100 4243 17
11 4998 100 4995 100 4976 100 4932 100 4972 100 4660 100 4641 100 4444 100 4259 100 4969 100 4665 100 4463 100 4312 68
12 2023 100 2106 100 2005 100 2489 100 2391 100 2154 100 2576 100 2242 100 2384 100 2397 100 2291 100 2377 100 2421 100 2341 100 2484 100 2394 100 2131 61
13 3316 100 3289 100 3346 100 3380 5
14 4443 97
15 4930 56
16 2211 100 2115 100 2169 100 2186 100 2426 100 2282 10
17 1239 100 1447 100 987 100 1114 100 1411 39
18 4042 100 3916 100 3576 100 4223 100 3691 100 4051 100 4227 100 3958 100 3626 4
19 4625 100 4594 100 4568 100 4583 100 4714 100 4564 100 4431 100 4522 100 4513 100 4273 100 4381 100 4686 100 4519 100 4534 78
20 4839 91
21 3262 100 3294 100 3279 100 3338 100 3248 100 3432 32
22 2816 100 2933 100 3098 100 3136 100 2948 100 3074 100 2964 100 2825 100 2919 100 2741 100 2774 100 3051 52
23 4218 100 4336 22
24 4184 100 4254 100 4253 1
25 3251 100 4429 100 3529 100 3598 100 4036 100 3347 100 4267 100 4292 100 4013 100 4454 100 3222 100 3256 100 4372 46
26 837 100 1120 100 821 100 1060 100 1101 100 954 100 1039 100 1072 100 1085 100 969 100 848 100 1265 100 1084 100 1373 51
27 691 100 794 100 725 100 744 100 671 98
28 566 100 593 52
29 3021 100 2910 100 2917 100 3031 100 3032 100 3023 38
30 3842 100 3559 100 3626 96 3352 100 3690 72
31 2470 100 2613 100 2767 100 2824 100 3131 100 2415 100 2410 100 2412 100 3125 100 2952 100 2444 100 2880 100 3139 100 3044 100 2643 100 2322 87
32 4833 100 4613 35
33 4345 100 4077 100 4367 67
34 4401 100 4333 100 4360 94
35 2209 100 2382 100 2369 34
36 4800 100 4614 100 4741 4
37 4458 100 4282 100 4320 100 4445 100 4609 100 4547 100 4432 100 4480 100 4302 100 4612 56
38 4734 100 4354 100 4697 100 4508 100 4574 100 3800 100 3926 90 4560 86
39 4474 100 2362 100 2869 100 2251 100 4091 100 2299 100 4396 100 2289 100 2425 100 2344 100 2983 100 2428 100 3016 100 3588 100 2942 100 3160 100 2302 100 2432 100 2273 100 2327 100 2308 100 3341 100 2210 100 3926 10
40 1985 100 1986 100 2036 100 2006 100 2367 100 2416 100 2883 100 2671 100 2306 100 2354 34
41 1251 10
42 159 10
43 1540 10
44 48 10
45 252 10
46 92 10
47 297 10
48 327 10
49 1014 10
50 695 10
51 583 10
52 1311 10
53 259 10
54 1444 10
55 977 10
56 826 10
57 487 10
58 1172 10
59 1586 10
60 485 10
61 1275 10
62 542 10
63 232 10
64 825 10
65 349 10
66 50 10
67 343 10
68 451 10
69 1664 10
70 1053 10
71 113 10
72 387 10
73 329 10
74 193 10
75 104 10
76 1234 10
77 1037 10
78 64 10
79 1181 10
80 314 10
81 903 10
82 45 10
83 110 10
84 926 10
85 473 10
86 1212 10
87 1489 10
88 318 10
89 1267 10
90 1225 10
91 120 10
92 294 10
93 896 10
94 37 10
95 260 10
96 683 10
97 864 10
98 262 10
99 937 10
100 547 10
101 1720 10
102 1395 10
103 921 10
104 1719 10
105 966 10
106 1701 10
107 1302 10
108 1476 10
109 388 10
110 576 10
111 1303 10
112 334 10
113 1572 10
114 460 10
115 4 10
116 284 10
117 1808 10
118 1655 10
119 38 10
120 68 10
121 324 10
122 1112 10
123 390 10
124 344 10
125 580 10
126 1002 10
127 1248 10
128 1605 10
129 112 10
130 1454 10
131 1189 10
132 841 10
133 1672 10
134 1242 10
135 999 10
136 1591 10
137 1179 10
138 267 10
139 338 10
140 396 10
141 407 10
142 915 10
143 419 10
144 448 10
145 1582 10
146 1642 10
147 1145 10
148 729 10
149 1549 10
150 291 10
151 555 10
152 1514 10
153 59 10
154 1543 10
155 1246 10
156 1578 10
157 664 10
158 401 10
159 537 10
160 234 10
161 263 10
162 1170 10
163 215 10
164 698 10
165 1175 10
166 357 10
167 1820 10
168 1464 10
169 52 10
170 1276 10
171 494 10
172 400 10
173 49 10
174 170 10
175 506 10
176 1424 10
177 898 10
178 1353 10
179 534 10
180 843 10
181 212 10
182 488 10
183 530 10
184 1455 10
185 1432 10
186 427 10
187 616 10
188 942 10
189 1495 10
190 290 10
191 244 10
192 282 10
193 998 10
194 798 10
195 1319 10
196 254 10
197 938 10
198 1173 10
199 649 10
200 472 10
