100
1 305 50 292 47
2 796 50 804 50 860 40
3 489 50 297 50 307 34
4 722 50 738 11
5 8 50 17 32
6 623 50 650 50 655 50 653 50 667 50 672 50 657 50 643 5
7 753 8
8 682 50 661 50 676 50 673 50 681 50 652 50 733 50 670 50 690 50 712 50 635 38
9 699 50 709 50 703 50 705 27
10 992 5
11 729 7
12 640 50 621 29
13 588 50 586 50 594 50 578 50 580 4
14 981 23
15 805 50 820 4
16 680 50 708 26
17 278 50 293 50 248 50 322 50 244 50 282 18
18 700 50 694 50 713 50 728 50 707 31
19 697 50 674 50 693 50 706 50 679 50 688 50 666 50 633 50 708 17
20 825 50 816 50 824 16
21 649 10
22 684 10
23 691 10
24 696 10
25 725 10
26 647 10
27 597 10
28 223 10
29 737 10
30 751 10
31 723 10
32 741 10
33 64 10
34 727 10
35 555 10
36 759 10
37 720 10
38 721 10
39 719 10
40 323 10
41 610 10
42 671 10
43 63 10
44 309 10
45 642 10
46 724 10
47 607 10
48 55 10
49 607 10
50 506 10
51 289 10
52 251 10
53 711 10
54 86 10
55 758 10
56 717 10
57 698 10
58 685 10
59 75 10
60 686 10
61 3 10
62 145 10
63 764 10
64 664 10
65 12 10
66 747 10
67 643 10
68 739 10
69 654 10
70 103 10
71 331 10
72 5 10
73 89 10
74 646 10
75 48 10
76 762 10
77 339 10
78 760 10
79 714 10
80 731 10
81 678 10
82 99 10
83 554 10
84 752 10
85 34 10
86 675 10
87 531 10
88 730 10
89 491 10
90 711 10
91 718 10
92 257 10
93 625 10
94 715 10
95 695 10
96 630 10
97 503 10
98 763 10
99 664 10
100 14 10
