3000
1 8862 61 9021 600 9413 600 9123 600 9237 600 8648 600 9177 600 8667 600 5625 373 5960 600 6049 600 6152 142
2 7299 381
3 9454 600 9422 600 6484 314 8409 282
4 8529 255
5 8535 300 8544 600 6935 263 8020 197
6 9630 360 9385 600 9332 600 9500 600 9556 522
7 8751 40 8486 258 9137 66
8 9085 243 9294 158
9 6112 600 6204 600 6073 600 6206 600 6273 600 6280 600 5876 65 6265 600 6153 600 6244 600 5894 600 5659 600 5759 600 5946 362
10 8653 557 8646 600 8709 600 9412 600 9371 222
11 8011 14
12 9133 174
13 5699 378 5820 600 5705 600 5917 600 5720 600 5994 600 6551 188 5755 219
14 9669 433 7237 437 9490 274
15 6783 440
16 8611 397
17 8616 128
18 6222 357 8277 600 6262 600 7811 600 8322 544
19 6051 173 5796 600 5927 600 6127 600 6023 600 6032 600 6107 600 5849 360
20 9231 600 6640 481
21 9583 18
22 5145 600 5138 600 5094 17 5151 38
23 5810 600 5775 600 6212 600 5836 600 6366 600 6887 600 5550 600 5792 600 6233 242
24 8306 405
25 9144 415
26 6469 168 6360 600 6365 600 6445 600 6444 600 5826 212
27 6499 470 7260 147
28 8717 275
29 6250 559 5958 600 8617 600 9327 600 6176 140
30 8788 87 8706 600 9155 600 8559 9
31 6014 447 6227 600 5787 600 5957 600 6184 42
32 5793 124 6479 600 6301 600 6302 600 5643 600 6010 600 5601 600 6322 600 5782 600 6292 600 5943 600 5858 600 5987 600 6081 29
33 8894 600 8625 600 8560 200
34 6593 600 6729 335
35 5850 132 6202 600 6498 600 5746 600 5674 600 6189 600 5753 427
36 9044 88
37 9622 254
38 7917 511
39 9564 336
40 6311 373 8682 600 5285 495 5589 600 8760 600 6418 600 8960 14
41 7111 104 9319 600 5605 600 8656 600 6099 600 7346 381 9671 600 6345 600 8268 600 8417 600 9365 600 7149 198
42 6560 409 5450 367
43 8931 279 8779 600 9437 199
44 6492 600 6752 600 6113 362 6537 600 7728 419 5940 600 6467 600 6800 284
45 9755 125
46 8796 582
47 5730 600 6142 600 6549 600 7058 600 6627 600 7450 11 8587 160
48 8888 338
49 6431 380 5669 600 6285 600 6543 600 6194 600 6570 600 6180 600 6631 600 8195 600 8344 1
50 6900 96 7160 600 8498 600 6036 59
51 9490 326 6948 600 7767 14 7833 186
52 6817 161 7866 600 6732 525
53 8769 343 8598 14
54 8705 600 9020 292
55 7876 328
56 7941 459
57 7777 600 6525 66 5505 600 5931 600 6278 466
58 9236 50
59 8821 600 8771 600 8792 600 6228 197 6358 600 6554 600 5591 600 6431 220
60 9369 600 5466 600 8570 438 7787 331
61 6734 375 6775 600 6054 106
62 2090 245 2621 600 2650 600 2366 600 2840 94
63 6707 90
64 8707 600 8703 600 5681 562 6186 600 8868 600 5815 600 5630 125
65 8785 600 8979 554
66 5634 139 5584 282
67 9580 388
68 9453 232
69 5294 103
70 2221 14 2556 600 5152 600 5146 600 5175 600 2336 600 2576 600 5179 320
71 8437 171
72 9262 22 9152 600 9431 600 9345 451
73 7020 436 8071 532
74 9928 105
75 9672 92
76 8479 600 8493 600 8571 404
77 6869 261 7072 600 8411 600 5449 600 6544 166
78 5473 232
79 6720 544 6727 600 8150 600 6436 600 5818 600 6106 600 6605 600 6506 531
80 6458 524 6973 533 6754 38
81 8400 600 5755 381 6481 600 6182 600 6416 600 8665 600 5923 600 6260 600
82 9746 81
83 8842 286 8272 600 9553 342
84 6278 134 6596 47 6377 600 5860 600 5902 600 6414 600 7850 600 6422 600 5570 489
85 6670 507 7476 600 8353 600 8769 257
86 7735 590
87 8348 597 8373 600 6509 600 6648 519
88 7609 600 8586 600 8361 600 8639 600 8949 179
89 8283 600 8686 112
90 9465 9
91 2567 600 2371 600 2172 600 2090 355
92 6245 235 6745 600 6906 600
93 9659 154 9602 69
94 6452 133 6861 600 5561 22
95 9236 31
96 9233 293
97 8855 600 8609 600 8780 600 8597 600 8861 600 8865 600 9312 443 9115 600 8908 84
98 9796 8
99 9002 346 9357 600 8793 600 6205 600 7020 164
100 9497 484
101 9092 243 8965 600 8403 220 8441 600 8061 71
102 6715 600 6163 174 5698 600 5848 600 6407 600 7115 544
103 8851 315 8722 600 8405 567 8704 600 8730 600 9185 376 8276 600 8436 600 9128 471
104 6769 180
105 8984 551 8693 600 9230 203
106 6703 184
107 5728 600 8383 253 5665 600 6504 600 6357 600 6574 29
108 9651 498 8409 318 9073 483
109 9105 123 8971 152
110 6765 13
111 9485 411
112 321 600 349 15
113 9746 101
114 4265 146 4365 241
115 8061 529 8567 600 8190 600 8721 600 7971 600 8145 600 8727 600 8541 62
116 6622 308 6545 600 6977 600 6533 600 6600 600 6857 600 6519 600 6819 220
117 7621 600 7955 153
118 8288 600 8058 172
119 9870 44
120 8923 102 9084 600 9203 600 9191 600 5672 307 8920 600 9015 600 6074 600 6225 528 6085 600 6213 600 8818 600 8986 600 5971 600 8892 325
121 6441 579 6266 600 5527 600 5571 600 6540 600 8343 66 5621 40
122 6624 345 6245 365
123 9113 339
124 5668 63 6124 600 6458 76
125 2151 105 2474 600 2299 600 2452 241
126 9187 600 9007 600 9004 600 9280 600 8757 24
127 5367 331 5549 600 6893 600 7350 600 5391 600 6678 600 6731 142
128 5363 600 6166 600 6885 449
129 5525 600 5651 600 5478 600 6046 600 6446 285
130 6381 83 9553 258 6645 600 6247 600 7236 600 5678 600 5976 600 8103 600 8264 600 7502 270
131 8772 600 8677 600 8422 600 6596 553
132 5671 5 6969 451
133 9281 595 8909 600 9045 600 8070 600 9272 600 9381 600 8997 600 8477 600 8554 600 9428 600 5664 203 5540 455 5864 128
134 8025 600 6778 471
135 8508 600 9499 600 8748 600 7153 488
136 6750 475
137 8066 188 8426 600 5668 537
138 6800 316 5646 600 6567 600 6183 600 6306 600 6094 600 5575 600 6240 600 6629 404
139 7137 600 8500 409
140 9581 405 8881 600 8598 586 9081 600 5410 455 8289 600 8878 600 6187 600 7862 600 9430 55
141 8344 599 5548 600 6321 600 5520 576
142 6430 70 5828 333 6272 600 5780 600 5729 600 6150 600 5924 600 6238 600 5788 600 6415 600 5553 600 6051 427
143 9829 26
144 9726 64
145 7159 279 7847 600 8784 426
146 8346 209 9020 308 8687 293
147 5485 600 6026 272 6080 600 6148 420
148 6516 600 6750 125
149 9185 224
150 9612 337 9128 129 8761 583
151 7502 330 6359 600 7053 600 6448 480
152 8882 600 6390 600 7458 600 8158 401
153 8193 600 8194 600 8529 30
154 5821 52 5975 600 8853 600 5922 600 8711 600 9323 600 9291 600 8596 578
155 8766 600 9005 301 8701 600 9060 600 9226 600 8955 600 9245 600 8747 600 9091 600 9105 477
156 6731 458 9372 174 7499 600 6380 600 8391 600 9010 600 5967 152
157 8192 152
158 7265 597
159 5692 600 5918 600 5947 600 5778 600 5979 600 5828 267
160 6454 600 6710 600 6332 597
161 9418 600 6160 108 8461 600 6412 600 8743 282
162 9330 133
163 8674 600 8664 197
164 5294 151
165 9248 600 9564 264 9477 600 5520 24 7400 600 6721 600 6210 600 8632 600 9321 600 6294 600 7309 600 6541 600 5850 468
166 9701 237
167 8892 275 9217 600 9387 600 9253 600 9193 600 9196 600 9283 600 8817 600 9047 600 9343 600 9101 493
168 9397 593 8898 600 8798 600 9483 600 8658 124
169 9211 600 8450 578
170 8136 600 8918 600 6784 600 8615 582
171 9372 426
172 9617 424
173 9053 600 8231 600 6484 286
174 5223 600 5279 600 5234 598
175 9599 65
176 6779 600 5712 600 6755 600 6375 555
177 9120 84
178 9031 600 5921 132 6764 600 8438 600 6859 600 8449 600 6970 600 8455 600 7824 600 8428 600 8684 107
179 2599 600 2529 600 2610 406
180 6303 600 6313 600 5714 600 5311 398
181 6090 298 8603 202 8620 600 6323 600 8978 600 6580 600 9375 600 7148 600 8758 600 8975 600 6336 208
182 5826 388 5732 600 5731 600 6588 600 9036 189 9417 600 8895 600 8537 600 5981 600 6014 153
183 5765 63
184 9574 600 6511 600 6716 600 7018 600 7635 600 8687 307 5680 600 9267 600 6257 600 9088 600 5452 600 8551 505
185 6195 600 6026 328
186 6943 328 6452 467
187 6816 467 7052 600 7358 600 6429 600 6585 600 5367 269
188 9455 467 9265 137
189 8424 600 8585 519
190 5645 600 5539 600 6281 176 7550 600 6577 600 5771 569
191 8985 584 6501 600 6726 600 6128 9
192 6036 541 7512 600 7890 600 7903 493
193 9180 155 8233 600 9137 534 8931 321
194 9518 600 9049 395 9622 24
195 8549 600 8964 259
196 9585 600 9409 290
197 6754 562 8126 202 5545 416
198 9472 600 8454 600 8533 346
199 9139 286
200 5586 412 7227 600 8066 412
201 8058 428 6132 2
202 5685 121 6496 600 6037 600 6510 600 5725 600 5939 600 5664 397
203 8658 476 8690 600 9026 600 8778 600 6235 343 6411 595
204 9071 212
205 9970 30
206 8752 600 9509 600 8852 453
207 9485 189 9693 150
208 9456 470
209 7582 600 8323 266
210 8749 350 8972 385 9183 353
211 9079 198
212 9440 600 9379 8
213 7903 107 7434 600 8219 600 9288 600 6869 339
214 8924 73 8897 600 9092 357
215 9064 83
216 6544 434 6738 600 7240 600 7876 272 8565 181
217 8284 600 7346 219
218 5416 600 5644 600 5650 600 5587 600 5623 493
219 8458 331
220 9846 112
221 8113 126
222 9265 463 9285 600 9314 600 9324 600 8541 538 8661 600 8813 74
223 8064 600 9099 600 8124 11
224 6081 571 5920 600 6028 600 6568 600 6539 600 6006 600 6040 491
225 9672 230
226 9120 11
227 9421 370
228 5570 111 5822 600 6198 600 5886 600 6423 600 6351 600 6319 600 6111 600 6368 600 7005 184 6664 600 6881 82
229 7633 600 6375 45 5532 600 7075 108
230 6439 600 6018 600 6305 600 7585 600 6057 600 5663 600 5870 600 5685 479
231 6761 280 6621 600 7084 600 8642 211 6701 42
232 9464 600 7909 238 6045 600 6870 600 5798 600 7237 163
233 9064 18
234 7788 579 6254 600 6816 133
235 5915 393 7159 321
236 8761 17 6927 215 7013 600 7343 600 8012 600 7311 600 5980 600 6641 117
237 8783 324 9429 600 8699 600 9001 600 9083 600 9457 600 8992 600 8822 600 8671 600 8869 600 8583 600 9298 600 8891 600 9118 326
238 9062 455 9131 600 9046 600 8924 527
239 8258 600 8575 600 8405 33
240 6237 310 6349 600 6058 600 6311 227
241 6513 281
242 8500 191 5559 600 5586 188
243 8511 93
244 8148 143 8447 600 7242 168
245 6372 600 9586 290
246 5621 560 8781 600 8856 600 7744 486 8685 600 6160 492
247 9669 167
248 9556 78 9437 62
249 6512 309 6139 600 5596 600 6005 600 6258 600 5738 600 6566 600 6526 600 6087 600 6022 600 6426 445
250 6451 600 6649 600 7316 600 8472 600 8404 600 5884 156 6417 600 5937 600 6756 600 7671 600 8442 287
251 9693 328
252 6282 600 5865 600 5681 38
253 8717 26
254 5833 225 5984 600 5781 600 5932 600 5776 600 5869 600 5884 444
255 9755 103
256 8777 580
257 9541 600 8813 526 8851 285
258 9750 189
259 2699 205 2684 497
260 8514 600 9183 247 8952 600 8765 600 9421 230 9198 600 8523 600 8239 600 9178 600 6881 518 6438 600 8495 600 5424 600 6386 410
261 8413 235
262 8412 600 8614 600 8331 600 8486 342
263 6838 600 6637 600 6594 516
264 8937 26
265 6040 109 5602 600 5642 600 9058 527 5837 600 6121 600 8641 600 8840 600 6505 600 8870 600 8903 600 6246 600 8653 43
266 8519 600 8668 600 8679 105
267 9512 291
268 5099 600 5094 583
269 9334 52 8875 404 8521 600 9036 411
270 6640 119 7943 600 7123 208
271 8960 586 9501 600 9750 411 8832 600 6530 470 6842 600 8348 3
272 7883 596 6729 265 9406 329
273 8919 600 9133 315
274 7320 306
275 6151 600 6126 600 6437 600 6512 291
276 5468 600 5622 600 6024 600 5482 472
277 7998 591
278 8592 159
279 9602 373
280 8937 154
281 8122 261 8383 347
282 9676 600 9102 228 8871 600 8803 600 9466 600 8786 600 9506 600 8847 600 8746 600 9138 510
283 770 600 778 8
284 2407 9
285 9524 600 9268 140
286 9266 600 9230 11
287 9488 472
288 8979 46 8991 600 6396 111 6569 600 6208 600 8456 600 6595 468
289 8126 398
290 9789 311
291 9345 149 8830 457 8859 600 8938 600 6185 342 9016 600 8801 600 8737 600 9526 600 6242 600 8886 600 5670 149
292 5631 600 5803 600 5682 600 6290 600 7833 313
293 6310 352 6172 600 6065 600 6027 600 6055 600 5482 128 5453 600 6315 600 6168 115
294 7415 317 6591 600 8556 600 7474 600 7849 600 8464 523
295 8375 72
296 8563 600 8829 542
297 7087 441
298 9801 27
299 5545 184 5667 371
300 6251 58 8489 600 8540 600 9533 600 8358 600 8800 600 5752 600 6250 41
301 5671 595
302 5286 273
303 9491 325
304 9738 68
305 6286 600 7175 380
306 9156 571
307 6589 600 6778 129 9011 462
308 6652 55 7556 600 6685 600 8393 600 6984 600 9002 254
309 8998 52 7392 600 8260 600 8713 600 8890 600 7293 600 7865 150
310 8533 254 8343 534
311 8995 16 8947 600 9151 600 8928 600 8824 600 8880 600 8976 600 9220 600 9017 600 9157 600 9182 600 8923 498
312 2840 506 2641 600 2699 395
313 5819 600 5655 600 6344 600 6158 600 6324 600 8664 403 6340 600 8571 196 5888 600 8836 600 5696 600 5990 600 6483 600 5679 310
314 6369 600 6348 390
315 8559 591 8939 600 7917 89 6982 600 8763 600 8913 600 8941 600 8736 600 8164 600 8608 600 8732 554
316 8902 408 8958 600 9038 600 8953 600 9114 600 8922 197
317 8829 58 8846 600 8994 600 9119 564
318 8968 511 9028 600 8917 600 9033 600 9206 600 9255 600 9078 600 5774 426 9075 448
319 9118 274 9103 600 8983 32
320 6373 600 6571 342
321 8255 312 8129 404
322 6707 101
323 5556 600 5521 600 5506 600 5558 600 5590 600 5492 600 5574 600 5454 600 5540 145
324 5584 318 7320 294 6499 130
325 5967 448 7837 600 5324 600 5487 600 5493 600 6327 600 8622 361
326 6426 155 5938 600 6298 600 5996 600 6159 600 7134 294 5925 600 6326 600 5856 600 5733 600 6110 600 6469 432
327 6176 460 9409 310 8605 600 6831 600 8555 600 6281 424
328 9482 600 9312 157
329 9368 9
330 6787 600 8327 600 6947 600 6935 337
331 2359 41 2588 600 2276 481
332 167 600 164 36
333 6386 190 9153 600 9160 600 8309 600 8612 600 9232 600 6043 600 6650 600 8352 117
334 8397 600 8315 600 8149 600 6712 349 7543 600 6829 600 6004 127 8386 600 8471 143
335 6296 600 6353 600 6225 72
336 6595 132 7496 600 6192 600 6561 323
337 9546 204
338 6603 219 7059 379
339 6399 600 8381 600 8122 339
340 8757 576 8962 600 9062 145
341 5015 600 2883 392
342 9371 378 9252 600 5679 290 5998 600 6261 600 6211 600 9304 600 6385 600 8606 600 8716 52
343 6004 473
344 5700 600 6163 426
345 8587 440 8990 600 8998 548
346 5600 600 6334 397 5649 600 6297 600 5993 600 6529 600 6063 472
347 8020 403 6646 600 7266 600 8686 107
348 9546 191
349 6152 458 6078 600 5908 600 5935 600 6334 203
350 8942 600 9050 600 9048 600 9228 600 9251 600 9468 600 8845 290 8835 600 9169 600 8977 600 8797 600 8862 539
351 7787 269 9256 243 7450 589
352 8546 230 9294 442 8885 600 7175 220 6480 600 6691 600 8451 25
353 6641 483 6735 600 7711 600 6284 600 6337 95
354 8770 600 6883 52 6243 600 8672 600 7810 600 8600 35
355 8603 398
356 6781 600 6599 600 7199 600 5309 511 6456 600 5433 600 6712 251
357 5771 31 6289 600 9648 600 5615 600 5515 600 6684 600 7583 600 6129 600 8346 391
358 8129 196 8546 370
359 8557 91 8678 600 8733 600 8950 443
360 9256 357
361 6270 600 7034 600 8115 600 8552 600 8984 49
362 8594 530 8756 600 8875 196
363 8329 461
364 7149 402 8966 600 6432 600 6945 600 8715 555
365 8437 185
366 9022 600 8119 559 8570 162
367 5862 600 5479 600 6128 52
368 6951 600 7299 219 8458 269 9098 124
369 4265 454
370 7735 10 8413 365 5473 234
371 8720 562
372 8113 289
373 5942 600 5883 600 5607 600 5936 600 5845 600 5882 600 5799 428
374 8071 68 8148 457
375 2260 176 2359 559
376 9790 88
377 8131 78 8593 600 8796 18 8867 600 9163 600 9619 600 6732 75 9233 76
378 8124 589 8592 441 8566 600 8589 444
379 8784 174 6836 600 9049 205
380 8581 160 7941 141 9207 600 9221 323
381 9659 446
382 6411 5 6156 600 6651 600 6215 600 6392 600 6016 600 7065 600 6525 534
383 8451 575 8985 16
384 9583 21
385 5529 373 5694 600 5309 89
386 5630 475 5911 600 5951 600 5876 535
387 8511 507 8666 162
388 9638 443 9452 600 9519 600 9510 600 9415 600 9171 335 9274 600 9269 398
389 9563 600 9077 271
390 268 178
391 6169 1 5704 600 5377 600 6658 600 6845 600 6497 600 7908 600 6317 600 6381 517
392 6135 600 7178 600 6460 539
393 8908 516 9052 600 8745 600 9112 600 9009 600 9449 600 8849 600 9100 600 8739 600 9189 600 9262 578
394 5849 240 5855 600 5955 600 5635 600 5893 600 6287 600 6343 600 6234 600 6115 578
395 5286 327 6703 114
396 8794 585 9507 600 8714 600 9179 600 9008 600 6506 69 8503 600 9479 600 9167 600 7452 600 5832 600 6550 600 9311 9
397 9229 468 9212 600 8794 15
398 6810 54 8805 600 6502 600 6876 600 8415 600 6914 600 8323 334 6723 600 7765 600 9300 600 6441 21
399 4991 600 5006 600 4974 305
400 8290 133
401 8720 38 7451 600 7988 600 8673 600 5919 54
402 8622 239 6388 600 7292 600 8119 41
403 6673 367 6263 600 6363 600 5610 600 8462 600 5614 600 6609 600 8448 600 8509 600 8330 600 6030 600 6235 257
404 6558 600 7414 600 6840 600 7406 600 7490 600 5662 241
405 9246 98 9617 141
406 9586 91
407 9601 600 9628 600 8980 120 9307 600 9397 7
408 8922 403 8741 600 8876 600 8845 310
409 6288 600 6709 133 8040 600 7744 114
410 8588 600 8860 512
411 8600 565 8222 600 8691 600 6233 358 7070 600 7563 600 8482 600 6228 403
412 9539 600 8596 22 9392 600 9287 600 8877 600 8788 513
413 6184 558 5982 600 6133 600 7026 600 6171 600 6342 600 6096 600 7153 112 5768 600 9149 600 6209 600 9148 600 8585 81 8650 600 5699 222
414 8611 124
415 9113 261 9071 63
416 9246 502
417 9630 240
418 6606 600 6725 600 6927 385
419 8679 495 8695 600 8655 600 8510 600 8403 380
420 6648 81 9301 600 9534 600 6698 600 7788 21
421 6765 29
422 6574 571 6717 600 6900 504
423 6384 600 6330 600 5648 600 6231 434
424 6819 380 6961 600 6666 600 7379 600 6507 600 6734 225
425 98 174 216 600 162 600 70 600 91 600 136 600 200 600 90 45
426 5906 600 5986 600 5885 600 6154 600 5974 600 5835 600 6155 600 6200 600 5841 520
427 6571 258 8888 254
428 8666 127
429 9260 469
430 8983 568 9025 600 9087 405
431 9315 497
432 6219 449 6626 600 7242 331
433 8807 297 6332 3 6683 600 8623 600 8755 600 6478 600 6613 600 6007 600 6583 600 5921 468
434 9461 600 5626 600 6320 600 6248 600 5481 600 5500 600 6701 233
435 6393 119 6430 530
436 7349 600 6131 600 6528 600 6673 233
437 415 600 392 600 412 600 482 600 478 600 2221 586
438 5896 219 6938 600 5633 600 8255 288
439 8640 600 8241 600 8252 600 8355 600 7352 80
440 5961 355 6708 600 8669 520 9295 600 8573 600 8581 440
441 6409 600 6346 119 5276 600 5968 600 6054 222
442 8615 18 7265 3 8899 600 7817 600 8303 600 9241 600 6222 243
443 6972 600 7087 119
444 6190 600 5756 600 6219 151
445 9330 379
446 9384 600 9012 600 8322 56 7008 113
447 5660 600 5831 516 6116 600 5793 476
448 9738 81
449 9512 276
450 7094 158
451 9581 195
452 9548 69
453 9970 11
454 9085 357
455 9643 600 8589 156 8933 600 8240 600 8131 522
456 9567 193 7008 487 6145 600 6179 600 8138 600 8535 300
457 5753 173 5583 600 6277 600 5806 600 6295 600 6419 600 5992 265
458 6063 128 6130 600 5717 600 5763 600 6329 600 5912 600 6477 600 5900 600 5786 600 6181 600 6398 600 6269 600 6253 431
459 9119 36 8708 600 8842 314
460 6337 505 6318 600 6464 600 6573 600 6396 489
461 7260 69
462 9154 26
463 9796 25
464 5765 77
465 9638 157
466 9079 376
467 8158 199 8696 600 6299 600 6660 600 6220 600 9545 600 6267 600 8525 600 7966 600 8698 600 9102 372
468 8732 46 9502 600 6168 485 8915 600 6394 600 9024 600 9188 600 8774 600 8841 600 6331 600 8887 600 6090 302
469 9101 107 8833 600 9005 299
470 9488 128 9576 600 9322 600 9034 600 9382 600 9281 5
471 9109 109 9306 600 5724 600 8981 600 9166 600 6401 600 8527 600 8980 480
472 7135 600 7323 600 6670 93
473 8754 600 8828 600 8968 89
474 8565 419 9333 393 6420 600 6652 545
475 7767 586
476 5667 229 7054 600 7372 600 9139 314 6943 272
477 6534 600 6164 178 6237 290
478 668 600 639 75
479 9928 69
480 5992 335 6635 600 6578 600 6470 600 5410 145
481 5946 238 6041 600 5617 600 5745 600 5861 600 6255 600 5629 600 6165 600 5639 600 6178 600 6393 481
482 8883 600 8830 143
483 9701 363 8681 329 5662 359 5813 600 5991 600 6082 600 7125 600 9106 600 5592 600 5348 600 7111 496
484 2383 600 2610 194 2335 600 2388 204
485 5513 600 5417 600 6095 600 5985 600 6167 600 6346 481
486 9789 128
487 5890 600 5351 600 5654 600 5926 600 5769 600 6998 600 6103 600 6325 600 6669 600 6229 600 6310 248
488 2452 359 2260 424
489 9156 29 9125 600 9173 600 8950 157 8560 400 8831 600 8809 600 8804 600 8874 600 8526 600 8834 600 8742 600 8657 600 9126 600 9171 265
490 8604 358
491 8716 548 6125 600 8776 600 5743 600 6136 600 8916 600 6008 600 6364 600 8934 600 5652 600 8557 509
492 5901 600 5379 322 5519 600 5683 600 5686 600 5594 267
493 9221 277 6174 600 6909 600 7909 362
494 99 600 86 600 156 600 103 600 98 426
495 7542 400 7300 600 6828 446
496 5594 333 5325 600 5368 600 5285 105
497 6446 315 5802 600 5547 600 5823 600 6406 600 6457 600 5529 227
498 5311 202 5412 600 6581 289 6674 600 5597 600 6162 600 6736 600 6177 600 5840 567
499 9531 196 9645 60
500 8329 139 8616 87
501 8715 45 6495 600 8912 600 6490 600 6584 600 6700 600 8230 231
502 9453 86
503 7998 9 8629 600 5561 578 6560 191
504 9548 531 9352 600 9366 600 9455 133
505 9075 152 9051 600 9000 600 9204 122
506 9531 404
507 9315 103 9200 600 9095 600 8684 493 8951 600 5852 600 6413 600 6524 600 6718 600 7652 600 6866 70
508 8170 203 7716 600 7728 181
509 9439 600 8663 600 8826 600 8850 600 9645 540 8866 600 6561 277 8427 600 9567 407
510 5628 600 5868 600 7285 600 8948 600 6304 600 7339 600 8759 600 5666 600 6720 56
511 9077 329 8782 600 9011 46
512 8484 600 8497 600 7526 120 7134 306
513 9726 536 9642 600 7059 221
514 8227 600 8396 123
515 7599 600 8642 389
516 5340 600 6448 120 6642 600 6793 600 6370 600 6615 600 5637 600 6883 548
517 6132 571
518 9333 207
519 8293 600 6769 420 5839 600 7918 600 5961 245
520 5450 233 6138 375 8306 195 6624 255
521 6143 600 6019 600 9204 478 6056 600 8767 600 8810 600 5831 84
522 9065 600 7955 447 8594 70
523 5983 600 6808 600 7883 4
524 5670 451 5715 600 6433 600 6471 600 5772 600 5726 600 6093 600 6347 600 6442 600 5892 600 5854 600 5774 174
525 9580 212 9260 131 9408 600 9076 600 8345 85 8610 600 5840 33 6410 600 6618 600 9250 600 6810 546
526 8485 274 9282 600 9346 600 9425 600 6482 600 7415 283
527 5352 600 5989 600 5973 600 6113 238
528 9180 445
529 8595 600 7945 600 8229 600 8345 515
530 8604 242 8192 105
531 8872 595 9202 600 9277 600 8902 192
532 9430 545 8949 421 8681 271
533 9497 116 9612 263
534 8551 95 9089 600 8807 303
535 9406 271 7602 460
536 7123 392 6603 381
537 7075 492 7337 600 7352 242
538 7526 480
539 9138 90 8442 313 9029 600 5844 600 5719 600 6949 600 5623 107 9399 600 7751 600 8039 600 6175 600 6251 542
540 7844 600 7005 416
541 7602 140 8290 467 5915 207
542 6629 196 6523 600 6376 600 5437 600 6597 600 6622 292
543 8964 341 8027 105
544 2276 119 2287 600 2153 184
545 6148 180 5953 600 6846 600 6352 600 6530 130
546 58 600 73 600 122 600 84 600 46 600 97 600 93 600 47 19
547 6047 600 6449 600 5919 41
548 9491 275 8469 600 8749 250
549 9987 14
550 8230 369 8450 22 6476 600 6699 600 6581 311
551 6783 114
552 6253 169 6066 600 5878 600 6025 600 6333 600 6461 600 5929 600 6092 600 5827 600 6185 258
553 8926 600 9144 185 9044 275
554 8027 495 6973 67
555 9154 27
556 8777 20 9094 600 8995 584
557 2153 146
558 9264 11
559 8167 600 8267 600 8375 528 8751 560
560 8889 600 6828 67
561 5859 427 5816 600 6157 600 6201 600 5830 600 6061 600 6339 600 6361 600 6350 600 5625 227
562 7896 600 7115 56 7247 600 7921 600 6742 600 6817 439
563 9073 117 9116 600 8669 80
564 6115 22 5873 600 5913 600 6035 600 5751 600 5767 600 5999 600 5859 173
565 6362 600 6283 600 9087 195 9351 600 9129 600 6367 600 9058 73
566 8464 77 6144 600 6579 600 8488 600 6494 600 6643 600 8499 600 5833 375
567 7094 197
568 6866 530 5959 600 5491 600 6427 600 6607 600 6000 600 6169 599
569 8352 483 8967 600 8351 600 8808 600 6231 166 5448 600 8613 600 9359 600 6598 600 9229 132
570 9269 202 9334 548
571 6119 600 6138 225
572 2388 396 2528 600 2439 600 2151 495
573 7865 450 7717 600 6559 211
574 9268 429
575 5864 472 5977 600 5741 600 5734 600 6460 61 5821 548
576 9098 271
577 6997 600 7370 600 8396 477 8536 600 5896 381
578 6098 600 5523 600 8076 600 8316 600 5440 600 6522 36
579 6336 392 9225 600 9339 600 7016 600 8398 600 8879 600 5799 172 8787 600 9214 600 9043 600 9109 491
580 8852 147 8971 448 8815 600 9066 600 9390 600 8872 5
581 8470 390 8485 326
582 5687 600 6694 600 7542 200
583 9651 102
584 282 600 6969 149 5234 2 5634 461
585 6885 151 6520 600 5542 600 5809 600 5952 600 6559 214
586 6404 600 6161 600 6293 600 6164 422
587 8940 600 8471 457 8911 600 6675 600 6586 600 8170 397
588 6513 137
589 9790 103
590 7383 600 6348 27
591 9311 591 9134 600 9270 600 6601 600 8470 210
592 9599 52
593 5841 80 6101 600 6122 600 6141 600 6039 600 6021 600 6034 600 6191 600 5811 600 5889 600 5721 600 5672 293
594 6983 600 7497 600 6551 412
595 9991 1
596 6594 84 8185 600 6709 467
597 8860 88 9379 592 8728 600 8783 276
598 9456 130 9096 600 8972 215
599 8743 318 6522 564 9061 600 5516 600 6031 600 6224 600 5871 600 6761 320
600 5543 600 5585 600 5512 600 5379 278
601 7643 10
602 6633 10
603 210 10
604 6109 10
605 5217 10
606 8257 10
607 8607 10
608 8155 10
609 5205 10
610 8205 10
611 7871 10
612 9634 10
613 5462 10
614 5677 10
615 5436 10
616 8372 10
617 440 10
618 9416 10
619 9310 10
620 2540 10
621 5857 10
622 222 10
623 5846 10
624 7394 10
625 432 10
626 223 10
627 2069 10
628 8281 10
629 8430 10
630 5196 10
631 8680 10
632 5713 10
633 171 10
634 7051 10
635 9424 10
636 9310 10
637 257 10
638 909 10
639 5716 10
640 8390 10
641 7882 10
642 2310 10
643 6862 10
644 5887 10
645 7006 10
646 7449 10
647 8712 10
648 6858 10
649 132 10
650 4965 10
651 7264 10
652 7809 10
653 105 10
654 9145 10
655 7025 10
656 6011 10
657 6341 10
658 6447 10
659 8214 10
660 6491 10
661 7808 10
662 8390 10
663 5599 10
664 2368 10
665 2481 10
666 5899 10
667 551 10
668 8982 10
669 6338 10
670 7871 10
671 9042 10
672 2283 10
673 7360 10
674 5056 10
675 6421 10
676 7877 10
677 9243 10
678 604 10
679 5748 10
680 5032 10
681 9347 10
682 20 10
683 2626 10
684 5956 10
685 8263 10
686 8399 10
687 8496 10
688 8959 10
689 8173 10
690 6474 10
691 2884 10
692 8096 10
693 9732 10
694 5329 10
695 9243 10
696 170 10
697 7498 10
698 9278 10
699 2407 10
700 8257 10
701 8683 10
702 6825 10
703 8414 10
704 2471 10
705 7104 10
706 5567 10
707 32 10
708 2457 10
709 9124 10
710 7155 10
711 8133 10
712 728 10
713 7183 10
714 6485 10
715 5194 10
716 9348 10
717 6091 10
718 83 10
719 9471 10
720 6462 10
721 2540 10
722 5718 10
723 8198 10
724 7003 10
725 143 10
726 6662 10
727 149 10
728 5436 10
729 9240 10
730 342 10
731 8253 10
732 959 10
733 8062 10
734 8325 10
735 9354 10
736 59 10
737 8645 10
738 6806 10
739 5948 10
740 182 10
741 67 10
742 68 10
743 7000 10
744 2436 10
745 7792 10
746 5791 10
747 7860 10
748 5727 10
749 8522 10
750 8037 10
751 9146 10
752 5930 10
753 6491 10
754 245 10
755 9487 10
756 6079 10
757 8524 10
758 9402 10
759 8505 10
760 7224 10
761 8910 10
762 6503 10
763 7669 10
764 39 10
765 2656 10
766 5447 10
767 9235 10
768 7204 10
769 8628 10
770 8621 10
771 5329 10
772 6517 10
773 8371 10
774 9127 10
775 245 10
776 8299 10
777 8416 10
778 8026 10
779 6013 10
780 5072 10
781 6188 10
782 8362 10
783 5829 10
784 163 10
785 2358 10
786 7381 10
787 7785 10
788 5123 10
789 7225 10
790 7161 10
791 243 10
792 9624 10
793 5001 10
794 6928 10
795 8062 10
796 6625 10
797 8010 10
798 66 10
799 628 10
800 6739 10
801 8266 10
802 809 10
803 5965 10
804 8562 10
805 8010 10
806 7246 10
807 5084 10
808 8468 10
809 38 10
810 7197 10
811 653 10
812 6387 10
813 8429 10
814 7246 10
815 511 10
816 5933 10
817 9706 10
818 2429 10
819 5353 10
820 2364 10
821 7197 10
822 5476 10
823 5360 10
824 6733 10
825 6459 10
826 5970 10
827 2073 10
828 7360 10
829 6493 10
830 7704 10
831 6967 10
832 6620 10
833 6751 10
834 4987 10
835 6771 10
836 7077 10
837 6657 10
838 5808 10
839 204 10
840 5378 10
841 8302 10
842 8139 10
843 7891 10
844 5486 10
845 9398 10
846 5176 10
847 7104 10
848 7968 10
849 6780 10
850 9613 10
851 8 10
852 6592 10
853 736 10
854 9150 10
855 6704 10
856 9318 10
857 8077 10
858 7669 10
859 18 10
860 6084 10
861 8431 10
862 8318 10
863 280 10
864 278 10
865 9584 10
866 5829 10
867 5875 10
868 7431 10
869 6064 10
870 236 10
871 5972 10
872 929 10
873 6249 10
874 5891 10
875 8096 10
876 8360 10
877 2405 10
878 5956 10
879 5874 10
880 882 10
881 9165 10
882 8492 10
883 7264 10
884 7141 10
885 7957 10
886 9487 10
887 796 10
888 7750 10
889 8249 10
890 7836 10
891 9329 10
892 6576 10
893 7605 10
894 5408 10
895 7202 10
896 5582 10
897 648 10
898 8408 10
899 6259 10
900 8078 10
901 5783 10
902 5378 10
903 5179 10
904 8356 10
905 8988 10
906 7191 10
907 8473 10
908 6001 10
909 1977 10
910 2427 10
911 2372 10
912 8107 10
913 2646 10
914 553 10
915 5323 10
916 8896 10
917 77 10
918 9329 10
919 194 10
920 8702 10
921 5595 10
922 7992 10
923 8365 10
924 6108 10
925 57 10
926 142 10
927 9054 10
928 7024 10
929 8337 10
930 9578 10
931 5343 10
932 7295 10
933 8601 10
934 2016 10
935 26 10
936 8921 10
937 5442 10
938 313 10
939 8399 10
940 5194 10
941 214 10
942 5880 10
943 271 10
944 2542 10
945 8602 10
946 6697 10
947 8418 10
948 8014 10
949 5333 10
950 8203 10
951 5032 10
952 5192 10
953 5328 10
954 123 10
955 6514 10
956 8820 10
957 5962 10
958 141 10
959 2344 10
960 719 10
961 5618 10
962 9495 10
963 6468 10
964 5219 10
965 5722 10
966 5403 10
967 8 10
968 515 10
969 5498 10
970 6291 10
971 6923 10
972 7206 10
973 7077 10
974 7732 10
975 102 10
976 8564 10
977 2833 10
978 7203 10
979 6473 10
980 7498 10
981 8250 10
982 5067 10
983 6371 10
984 7686 10
985 18 10
986 5762 10
987 8238 10
988 659 10
989 475 10
990 5898 10
991 387 10
992 5228 10
993 7046 10
994 5616 10
995 6739 10
996 6459 10
997 6009 10
998 8140 10
999 8367 10
1000 9442 10
1001 36 10
1002 9132 10
1003 9019 10
1004 8837 10
1005 6872 10
1006 1012 10
1007 5183 10
1008 9208 10
1009 8416 10
1010 8395 10
1011 7797 10
1012 6468 10
1013 6371 10
1014 8644 10
1015 8734 10
1016 7561 10
1017 8037 10
1018 9056 10
1019 5451 10
1020 9604 10
1021 5749 10
1022 5576 10
1023 6312 10
1024 7884 10
1025 8031 10
1026 5739 10
1027 8731 10
1028 5233 10
1029 9495 10
1030 8200 10
1031 8311 10
1032 9254 10
1033 83 10
1034 6841 10
1035 7181 10
1036 7449 10
1037 2414 10
1038 7588 10
1039 9093 10
1040 6013 10
1041 9713 10
1042 6465 10
1043 7234 10
1044 2451 10
1045 8496 10
1046 4974 10
1047 9190 10
1048 6279 10
1049 6713 10
1050 74 10
1051 5895 10
1052 5159 10
1053 5909 10
1054 7257 10
1055 5503 10
1056 2542 10
1057 9037 10
1058 8021 10
1059 2125 10
1060 5170 10
1061 5903 10
1062 6902 10
1063 8262 10
1064 9117 10
1065 7455 10
1066 8819 10
1067 9289 10
1068 5203 10
1069 2429 10
1070 8301 10
1071 9441 10
1072 8726 10
1073 8022 10
1074 8724 10
1075 8628 10
1076 342 10
1077 242 10
1078 6827 10
1079 6400 10
1080 9442 10
1081 6853 10
1082 309 10
1083 6089 10
1084 8929 10
1085 184 10
1086 8637 10
1087 236 10
1088 2039 10
1089 829 10
1090 6762 10
1091 8440 10
1092 26 10
1093 701 10
1094 6515 10
1095 8221 10
1096 6264 10
1097 9297 10
1098 7060 10
1099 2547 10
1100 369 10
1101 6616 10
1102 7333 10
1103 5899 10
1104 6576 10
1105 2288 10
1106 8356 10
1107 145 10
1108 5044 10
1109 8140 10
1110 9373 10
1111 128 10
1112 7282 10
1113 2099 10
1114 6564 10
1115 7082 10
1116 6408 10
1117 81 10
1118 8401 10
1119 7010 10
1120 9284 10
1121 113 10
1122 50 10
1123 9150 10
1124 7012 10
1125 2039 10
1126 1968 10
1127 5853 10
1128 2353 10
1129 7808 10
1130 8325 10
1131 7376 10
1132 614 10
1133 9308 10
1134 8577 10
1135 466 10
1136 8380 10
1137 8379 10
1138 432 10
1139 133 10
1140 9279 10
1141 6547 10
1142 8515 10
1143 6443 10
1144 61 10
1145 5084 10
1146 9448 10
1147 2352 10
1148 23 10
1149 6693 10
1150 6853 10
1151 7561 10
1152 7488 10
1153 2226 10
1154 475 10
1155 8189 10
1156 1000 10
1157 8987 10
1158 7202 10
1159 4940 10
1160 8106 10
1161 2810 10
1162 2810 10
1163 9411 10
1164 6517 10
1165 8009 10
1166 6773 10
1167 6656 10
1168 7234 10
1169 872 10
1170 7714 10
1171 293 10
1172 8468 10
1173 89 10
1174 6572 10
1175 5933 10
1176 6894 10
1177 8270 10
1178 8564 10
1179 9056 10
1180 7919 10
1181 6075 10
1182 7704 10
1183 6625 10
1184 150 10
1185 7919 10
1186 7189 10
1187 9677 10
1188 9458 10
1189 5137 10
1190 7992 10
1191 9571 10
1192 7891 10
1193 2478 10
1194 5301 10
1195 5496 10
1196 8545 10
1197 6623 10
1198 252 10
1199 7845 10
1200 8035 10
1201 8369 10
1202 657 10
1203 81 10
1204 5576 10
1205 6038 10
1206 6730 10
1207 9632 10
1208 8365 10
1209 9054 10
1210 5573 10
1211 8134 10
1212 6488 10
1213 9378 10
1214 8439 10
1215 7477 10
1216 6805 10
1217 8218 10
1218 7732 10
1219 6714 10
1220 6679 10
1221 504 10
1222 8387 10
1223 8410 10
1224 5851 10
1225 8018 10
1226 5749 10
1227 523 10
1228 8311 10
1229 8463 10
1230 6232 10
1231 8130 10
1232 38 10
1233 5801 10
1234 8203 10
1235 466 10
1236 7593 10
1237 9654 10
1238 9528 10
1239 9670 10
1240 8408 10
1241 280 10
1242 6839 10
1243 5389 10
1244 515 10
1245 208 10
1246 6472 10
1247 7168 10
1248 2757 10
1249 449 10
1250 9338 10
1251 2302 10
1252 85 10
1253 8734 10
1254 8542 10
1255 5740 10
1256 2471 10
1257 7126 10
1258 2754 10
1259 9391 10
1260 9338 10
1261 6435 10
1262 9162 10
1263 5773 10
1264 8281 10
1265 8548 10
1266 2339 10
1267 8286 10
1268 8764 10
1269 7860 10
1270 9296 10
1271 5301 10
1272 4997 10
1273 7329 10
1274 2279 10
1275 8905 10
1276 2310 10
1277 5872 10
1278 6475 10
1279 8738 10
1280 7022 10
1281 8627 10
1282 6929 10
1283 5790 10
1284 8773 10
1285 6867 10
1286 8790 10
1287 5693 10
1288 6060 10
1289 7216 10
1290 5603 10
1291 8601 10
1292 6562 10
1293 2633 10
1294 8578 10
1295 7068 10
1296 195 10
1297 6967 10
1298 8031 10
1299 6402 10
1300 6428 10
1301 6692 10
1302 7799 10
1303 2265 10
1304 8176 10
1305 7905 10
1306 5874 10
1307 9104 10
1308 6463 10
1309 7877 10
1310 8216 10
1311 76 10
1312 9393 10
1313 9470 10
1314 151 10
1315 7329 10
1316 8206 10
1317 2714 10
1318 749 10
1319 7969 10
1320 147 10
1321 968 10
1322 458 10
1323 9705 10
1324 229 10
1325 195 10
1326 8380 10
1327 7488 10
1328 66 10
1329 19 10
1330 9462 10
1331 348 10
1332 2481 10
1333 829 10
1334 65 10
1335 7312 10
1336 123 10
1337 8590 10
1338 11 10
1339 6038 10
1340 6532 10
1341 9222 10
1342 5101 10
1343 5093 10
1344 107 10
1345 5459 10
1346 7874 10
1347 7431 10
1348 7288 10
1349 8542 10
1350 8518 10
1351 8896 10
1352 8432 10
1353 7588 10
1354 7133 10
1355 5250 10
1356 7968 10
1357 2782 10
1358 7025 10
1359 764 10
1360 8729 10
1361 6782 10
1362 210 10
1363 8548 10
1364 5747 10
1365 955 10
1366 728 10
1367 6760 10
1368 6974 10
1369 8278 10
1370 2459 10
1371 9618 10
1372 5790 10
1373 7021 10
1374 1109 10
1375 8463 10
1376 9618 10
1377 6957 10
1378 8151 10
1379 877 10
1380 5288 10
1381 2398 10
1382 8366 10
1383 6737 10
1384 8151 10
1385 6782 10
1386 6071 10
1387 5783 10
1388 8157 10
1389 8762 10
1390 6686 10
1391 6389 10
1392 2069 10
1393 9560 10
1394 8183 10
1395 5801 10
1396 8473 10
1397 776 10
1398 5907 10
1399 6917 10
1400 9215 10
1401 6383 10
1402 9489 10
1403 2449 10
1404 90 10
1405 8143 10
1406 8350 10
1407 9582 10
1408 8434 10
1409 5318 10
1410 8049 10
1411 2352 10
1412 5443 10
1413 6780 10
1414 2124 10
1415 8249 10
1416 8478 10
1417 8048 10
1418 7590 10
1419 9190 10
1420 2714 10
1421 6937 10
1422 132 10
1423 5930 10
1424 823 10
1425 8457 10
1426 7886 10
1427 2892 10
1428 6688 10
1429 8432 10
1430 9511 10
1431 9614 10
1432 5632 10
1433 6307 10
1434 7177 10
1435 7597 10
1436 2091 10
1437 8243 10
1438 2427 10
1439 8310 10
1440 2244 10
1441 6677 10
1442 5954 10
1443 873 10
1444 8266 10
1445 8207 10
1446 5328 10
1447 9258 10
1448 8314 10
1449 80 10
1450 684 10
1451 89 10
1452 5441 10
1453 2125 10
1454 349 10
1455 7224 10
1456 5019 10
1457 2265 10
1458 7640 10
1459 7136 10
1460 2501 10
1461 5988 10
1462 5291 10
1463 100 10
1464 8354 10
1465 5627 10
1466 559 10
1467 5727 10
1468 244 10
1469 6957 10
1470 105 10
1471 8235 10
1472 986 10
1473 9396 10
1474 808 10
1475 948 10
1476 7597 10
1477 8660 10
1478 6300 10
1479 6003 10
1480 6702 10
1481 6803 10
1482 7068 10
1483 7605 10
1484 5462 10
1485 5447 10
1486 552 10
1487 6773 10
1488 5945 10
1489 8034 10
1490 6590 10
1491 1185 10
1492 8023 10
1493 9132 10
1494 8446 10
1495 8402 10
1496 5853 10
1497 170 10
1498 6053 10
1499 6923 10
1500 2503 10
1501 3027 10
1502 551 10
1503 8814 10
1504 6424 10
1505 7459 10
1506 5988 10
1507 8550 10
1508 6553 10
1509 9145 10
1510 8478 10
1511 6902 10
1512 7183 10
1513 8369 10
1514 6786 10
1515 8517 10
1516 8034 10
1517 8157 10
1518 9208 10
1519 3027 10
1520 6474 10
1521 5123 10
1522 8906 10
1523 5183 10
1524 7128 10
1525 5399 10
1526 6918 10
1527 8419 10
1528 8522 10
1529 8576 10
1530 8401 10
1531 31 10
1532 6387 10
1533 7616 10
1534 6521 10
1535 5445 10
1536 5374 10
1537 869 10
1538 9035 10
1539 7271 10
1540 8235 10
1541 5761 10
1542 2309 10
1543 6532 10
1544 128 10
1545 8004 10
1546 22 10
1547 6552 10
1548 5972 10
1549 5126 10
1550 6453 10
1551 8318 10
1552 559 10
1553 6677 10
1554 5420 10
1555 9670 10
1556 5537 10
1557 8914 10
1558 439 10
1559 9391 10
1560 5403 10
1561 8147 10
1562 532 10
1563 8988 10
1564 8837 10
1565 2313 10
1566 9146 10
1567 5606 10
1568 8621 10
1569 2647 10
1570 2459 10
1571 426 10
1572 9055 10
1573 6865 10
1574 242 10
1575 8139 10
1576 2684 10
1577 8974 10
1578 9604 10
1579 8530 10
1580 2344 10
1581 5208 10
1582 968 10
1583 9117 10
1584 7731 10
1585 8009 10
1586 8683 10
1587 7324 10
1588 7804 10
1589 9347 10
1590 5880 10
1591 5907 10
1592 5739 10
1593 184 10
1594 6291 10
1595 76 10
1596 5638 10
1597 6562 10
1598 5129 10
1599 5095 10
1600 6692 10
1601 247 10
1602 8921 10
1603 5567 10
1604 6546 10
1605 6572 10
1606 9593 10
1607 7459 10
1608 5347 10
1609 2134 10
1610 2197 10
1611 130 10
1612 7823 10
1613 7792 10
1614 6888 10
1615 6757 10
1616 5762 10
1617 2632 10
1618 5740 10
1619 5095 10
1620 778 10
1621 179 10
1622 389 10
1623 2695 10
1624 9516 10
1625 8024 10
1626 8574 10
1627 8298 10
1628 6067 10
1629 1176 10
1630 7632 10
1631 186 10
1632 9713 10
1633 736 10
1634 2414 10
1635 9257 10
1636 6009 10
1637 9448 10
1638 8402 10
1639 8089 10
1640 8262 10
1641 8731 10
1642 7969 10
1643 7785 10
1644 8224 10
1645 7278 10
1646 2410 10
1647 9349 10
1648 7874 10
1649 151 10
1650 2688 10
1651 6355 10
1652 9498 10
1653 2484 10
1654 5657 10
1655 463 10
1656 5260 10
1657 9614 10
1658 326 10
1659 8999 10
1660 6443 10
1661 2226 10
1662 7769 10
1663 5867 10
1664 9273 10
1665 6378 10
1666 109 10
1667 5137 10
1668 665 10
1669 2501 10
1670 5658 10
1671 9458 10
1672 7128 10
1673 877 10
1674 2936 10
1675 7485 10
1676 2164 10
1677 7203 10
1678 719 10
1679 8018 10
1680 6713 10
1681 5170 10
1682 8377 10
1683 278 10
1684 5572 10
1685 9361 10
1686 8532 10
1687 8929 10
1688 7155 10
1689 5101 10
1690 9498 10
1691 8243 10
1692 142 10
1693 6898 10
1694 8421 10
1695 9097 10
1696 2353 10
1697 6146 10
1698 8259 10
1699 2380 10
1700 6391 10
1701 7983 10
1702 5019 10
1703 4997 10
1704 23 10
1705 7206 10
1706 9635 10
1707 8263 10
1708 8101 10
1709 2547 10
1710 8430 10
1711 12 10
1712 204 10
1713 652 10
1714 6044 10
1715 5905 10
1716 2207 10
1717 7003 10
1718 7253 10
1719 8130 10
1720 557 10
1721 5176 10
1722 8407 10
1723 293 10
1724 7949 10
1725 823 10
1726 7333 10
1727 6662 10
1728 107 10
1729 723 10
1730 2423 10
1731 7119 10
1732 6383 10
1733 1999 10
1734 6655 10
1735 7462 10
1736 80 10
1737 9164 10
1738 6485 10
1739 7057 10
1740 8279 10
1741 8200 10
1742 8207 10
1743 9158 10
1744 8366 10
1745 150 10
1746 6757 10
1747 6402 10
1748 6679 10
1749 369 10
1750 1984 10
1751 255 10
1752 14 10
1753 8410 10
1754 2486 10
1755 100 10
1756 8143 10
1757 5510 10
1758 8973 10
1759 8372 10
1760 8395 10
1761 8907 10
1762 7823 10
1763 2416 10
1764 5572 10
1765 6620 10
1766 2632 10
1767 5059 10
1768 164 10
1769 711 10
1770 8904 10
1771 141 10
1772 8864 10
1773 171 10
1774 9289 10
1775 9142 10
1776 648 10
1777 5249 10
1778 6610 10
1779 8637 10
1780 9164 10
1781 8724 10
1782 8189 10
1783 8814 10
1784 2319 10
1785 5347 10
1786 194 10
1787 873 10
1788 9172 10
1789 9030 10
1790 19 10
1791 8308 10
1792 511 10
1793 5397 10
1794 9378 10
1795 5710 10
1796 6835 10
1797 2943 10
1798 600 10
1799 6924 10
1800 8109 10
1801 6557 10
1802 92 10
1803 9489 10
1804 5374 10
1805 9436 10
1806 9462 10
1807 65 10
1808 5537 10
1809 2486 10
1810 8517 10
1811 8001 10
1812 5228 10
1813 8414 10
1814 6665 10
1815 9055 10
1816 5508 10
1817 9560 10
1818 6089 10
1819 9577 10
1820 6632 10
1821 5544 10
1822 5722 10
1823 929 10
1824 2609 10
1825 101 10
1826 6354 10
1827 6862 10
1828 5496 10
1829 6232 10
1830 6307 10
1831 6487 10
1832 6704 10
1833 102 10
1834 8011 10
1835 8120 10
1836 71 10
1837 8271 10
1838 5318 10
1839 489 10
1840 8349 10
1841 8439 10
1842 9364 10
1843 7505 10
1844 7291 10
1845 6188 10
1846 8419 10
1847 4965 10
1848 6788 10
1849 9158 10
1850 8969 10
1851 271 10
1852 7381 10
1853 7884 10
1854 5126 10
1855 6472 10
1856 5606 10
1857 8378 10
1858 9299 10
1859 7181 10
1860 92 10
1861 5334 10
1862 635 10
1863 8906 10
1864 5288 10
1865 8927 10
1866 8507 10
1867 6462 10
1868 7830 10
1869 7046 10
1870 653 10
1871 9674 10
1872 7522 10
1873 2423 10
1874 6953 10
1875 5616 10
1876 6835 10
1877 8305 10
1878 5201 10
1879 629 10
1880 5199 10
1881 8467 10
1882 1109 10
1883 6636 10
1884 5312 10
1885 6843 10
1886 8820 10
1887 6223 10
1888 796 10
1889 5934 10
1890 8292 10
1891 8492 10
1892 7845 10
1893 57 10
1894 6772 10
1895 376 10
1896 7692 10
1897 6696 10
1898 652 10
1899 701 10
1900 8155 10
1901 2302 10
1902 8107 10
1903 5477 10
1904 74 10
1905 8530 10
1906 6619 10
1907 6503 10
1908 426 10
1909 9349 10
1910 131 10
1911 71 10
1912 8762 10
1913 2436 10
1914 8969 10
1915 7257 10
1916 6079 10
1917 2776 10
1918 8434 10
1919 5903 10
1920 8590 10
1921 243 10
1922 659 10
1923 7508 10
1924 2073 10
1925 7047 10
1926 955 10
1927 8578 10
1928 2091 10
1929 248 10
1930 7326 10
1931 8022 10
1932 376 10
1933 7161 10
1934 6264 10
1935 8134 10
1936 9393 10
1937 6408 10
1938 6 10
1939 6834 10
1940 8957 10
1941 7006 10
1942 5203 10
1943 5867 10
1944 6268 10
1945 143 10
1946 484 10
1947 9657 10
1948 6108 10
1949 8935 10
1950 2368 10
1951 6239 10
1952 6434 10
1953 309 10
1954 8182 10
1955 9411 10
1956 584 10
1957 6275 10
1958 8467 10
1959 6604 10
1960 255 10
1961 9093 10
1962 8168 10
1963 6274 10
1964 489 10
1965 8354 10
1966 6724 10
1967 9380 10
1968 5966 10
1969 9308 10
1970 8109 10
1971 723 10
1972 1185 10
1973 9677 10
1974 8959 10
1975 9258 10
1976 6882 10
1977 5613 10
1978 5320 10
1979 6447 10
1980 5599 10
1981 5334 10
1982 9273 10
1983 168 10
1984 7957 10
1985 8481 10
1986 6535 10
1987 163 10
1988 7107 10
1989 8753 10
1990 2943 10
1991 9478 10
1992 463 10
1993 5116 10
1994 5718 10
1995 2396 10
1996 6814 10
1997 7888 10
1998 9361 10
1999 9364 10
2000 8299 10
2001 8680 10
2002 9360 10
2003 6259 10
2004 24 10
2005 6091 10
2006 6610 10
2007 5320 10
2008 5695 10
2009 6619 10
2010 6917 10
2011 5658 10
2012 1985 10
2013 600 10
2014 5397 10
2015 2457 10
2016 5573 10
2017 8480 10
2018 8407 10
2019 6980 10
2020 643 10
2021 7832 10
2022 646 10
2023 5962 10
2024 62 10
2025 5477 10
2026 5970 10
2027 179 10
2028 9396 10
2029 5695 10
2030 263 10
2031 6682 10
2032 6888 10
2033 5895 10
2034 62 10
2035 9222 10
2036 6937 10
2037 581 10
2038 6826 10
2039 491 10
2040 2833 10
2041 6806 10
2042 8253 10
2043 133 10
2044 5702 10
2045 521 10
2046 7271 10
2047 7055 10
2048 1984 10
2049 248 10
2050 6134 10
2051 5202 10
2052 5533 10
2053 6275 10
2054 5684 10
2055 6067 10
2056 5703 10
2057 7168 10
2058 8302 10
2059 172 10
2060 5747 10
2061 222 10
2062 5656 10
2063 59 10
2064 639 10
2065 6075 10
2066 5742 10
2067 5383 10
2068 399 10
2069 172 10
2070 8574 10
2071 8218 10
2072 7994 10
2073 109 10
2074 8712 10
2075 6855 10
2076 5093 10
2077 8182 10
2078 6003 10
2079 5333 10
2080 56 10
2081 6770 10
2082 5964 10
2083 61 10
2084 8490 10
2085 9511 10
2086 8360 10
2087 5208 10
2088 8532 10
2089 5451 10
2090 6137 10
2091 8973 10
2092 6654 10
2093 7196 10
2094 7591 10
2095 6071 10
2096 7107 10
2097 8957 10
2098 872 10
2099 5360 10
2100 8418 10
2101 9348 10
2102 7799 10
2103 6064 10
2104 8457 10
2105 9350 10
2106 5638 10
2107 2124 10
2108 6538 10
2109 208 10
2110 7312 10
2111 7024 10
2112 7186 10
2113 8823 10
2114 8206 10
2115 8431 10
2116 8110 10
2117 2319 10
2118 5560 10
2119 8217 10
2120 2380 10
2121 244 10
2122 2936 10
2123 6608 10
2124 180 10
2125 6097 10
2126 5807 10
2127 8364 10
2128 8660 10
2129 7479 10
2130 8125 10
2131 9235 10
2132 2358 10
2133 5595 10
2134 9660 10
2135 8310 10
2136 4994 10
2137 7394 10
2138 7832 10
2139 521 10
2140 326 10
2141 319 10
2142 6428 10
2143 8631 10
2144 523 10
2145 5879 10
2146 15 10
2147 8271 10
2148 5847 10
2149 9373 10
2150 6252 10
2151 6682 10
2152 7225 10
2153 6858 10
2154 6867 10
2155 152 10
2156 4895 10
2157 8697 10
2158 8198 10
2159 7882 10
2160 7989 10
2161 313 10
2162 7143 10
2163 6686 10
2164 7983 10
2165 9284 10
2166 6918 10
2167 5308 10
2168 8518 10
2169 2688 10
2170 6455 10
2171 9215 10
2172 6924 10
2173 5641 10
2174 5199 10
2175 8910 10
2176 1012 10
2177 776 10
2178 7888 10
2179 6873 10
2180 7186 10
2181 6636 10
2182 5205 10
2183 532 10
2184 6147 10
2185 2396 10
2186 7949 10
2187 8982 10
2188 7593 10
2189 6633 10
2190 7809 10
2191 561 10
2192 7165 10
2193 2220 10
2194 9644 10
2195 6548 10
2196 9571 10
2197 8631 10
2198 9767 10
2199 553 10
2200 9471 10
2201 5159 10
2202 8823 10
2203 147 10
2204 7632 10
2205 6929 10
2206 8702 10
2207 5443 10
2208 2405 10
2209 6553 10
2210 88 10
2211 2244 10
2212 68 10
2213 9254 10
2214 8181 10
2215 561 10
2216 7905 10
2217 711 10
2218 6805 10
2219 6488 10
2220 6062 10
2221 8078 10
2222 5641 10
2223 7538 10
2224 9296 10
2225 8602 10
2226 5791 10
2227 6421 10
2228 8729 10
2229 14 10
2230 6011 10
2231 805 10
2232 629 10
2233 5431 10
2234 2754 10
2235 7278 10
2236 77 10
2237 6693 10
2238 5059 10
2239 7021 10
2240 5758 10
2241 635 10
2242 8904 10
2243 2883 10
2244 182 10
2245 6680 10
2246 9516 10
2247 5632 10
2248 5857 10
2249 5898 10
2250 1985 10
2251 9376 10
2252 9370 10
2253 11 10
2254 6737 10
2255 8819 10
2256 2782 10
2257 9240 10
2258 6860 10
2259 7196 10
2260 6033 10
2261 6062 10
2262 8697 10
2263 314 10
2264 545 10
2265 9727 10
2266 5431 10
2267 9795 10
2268 2734 10
2269 7291 10
2270 6033 10
2271 8317 10
2272 5954 10
2273 6826 10
2274 8481 10
2275 6546 10
2276 7388 10
2277 7099 10
2278 6696 10
2279 5945 10
2280 5905 10
2281 6012 10
2282 7177 10
2283 6308 10
2284 6882 10
2285 5716 10
2286 67 10
2287 5613 10
2288 5261 10
2289 88 10
2290 8635 10
2291 5879 10
2292 5124 10
2293 138 10
2294 6714 10
2295 8515 10
2296 6564 10
2297 6834 10
2298 6730 10
2299 8278 10
2300 5389 10
2301 8726 10
2302 8816 10
2303 2309 10
2304 8286 10
2305 7010 10
2306 6747 10
2307 45 10
2308 9634 10
2309 9795 10
2310 5514 10
2311 7099 10
2312 8147 10
2313 7216 10
2314 8764 10
2315 8007 10
2316 24 10
2317 7505 10
2318 8580 10
2319 6249 10
2320 5723 10
2321 5459 10
2322 6391 10
2323 2484 10
2324 95 10
2325 6050 10
2326 6587 10
2327 6592 10
2328 9767 10
2329 6076 10
2330 6590 10
2331 6656 10
2332 8974 10
2333 6397 10
2334 9097 10
2335 6137 10
2336 263 10
2337 557 10
2338 7477 10
2339 6903 10
2340 2626 10
2341 7326 10
2342 2398 10
2343 348 10
2344 6060 10
2345 8545 10
2346 5916 10
2347 9528 10
2348 6632 10
2349 9441 10
2350 5408 10
2351 545 10
2352 6557 10
2353 7733 10
2354 5834 10
2355 869 10
2356 7986 10
2357 6012 10
2358 8440 10
2359 5423 10
2360 5995 10
2361 5723 10
2362 7055 10
2363 8120 10
2364 7643 10
2365 967 10
2366 5201 10
2367 9014 10
2368 5260 10
2369 6556 10
2370 8350 10
2371 5510 10
2372 9470 10
2373 9504 10
2374 5420 10
2375 2478 10
2376 6538 10
2377 9313 10
2378 30 10
2379 9072 10
2380 2892 10
2381 5441 10
2382 8250 10
2383 45 10
2384 7991 10
2385 6397 10
2386 9635 10
2387 8377 10
2388 9624 10
2389 138 10
2390 8125 10
2391 749 10
2392 7060 10
2393 8466 10
2394 805 10
2395 6239 10
2396 6770 10
2397 34 10
2398 6751 10
2399 9350 10
2400 7703 10
2401 6762 10
2402 8505 10
2403 154 10
2404 6825 10
2405 9523 10
2406 8305 10
2407 2858 10
2408 5966 10
2409 7324 10
2410 5697 10
2411 8035 10
2412 8077 10
2413 8935 10
2414 8168 10
2415 8181 10
2416 6514 10
2417 6953 10
2418 7295 10
2419 7057 10
2420 6552 10
2421 5603 10
2422 6271 10
2423 5120 10
2424 7126 10
2425 5498 10
2426 5887 10
2427 247 10
2428 6083 10
2429 2173 10
2430 6602 10
2431 8254 10
2432 6535 10
2433 6518 10
2434 5618 10
2435 5965 10
2436 5384 10
2437 5343 10
2438 8292 10
2439 8176 10
2440 214 10
2441 2416 10
2442 25 10
2443 5568 10
2444 6655 10
2445 9682 10
2446 2503 10
2447 95 10
2448 9278 10
2449 385 10
2450 7133 10
2451 6109 10
2452 7012 10
2453 5846 10
2454 28 10
2455 7119 10
2456 5808 10
2457 9341 10
2458 8635 10
2459 101 10
2460 9416 10
2461 6776 10
2462 5568 10
2463 5773 10
2464 314 10
2465 6811 10
2466 5072 10
2467 9037 10
2468 8026 10
2469 131 10
2470 8568 10
2471 5847 10
2472 2364 10
2473 6053 10
2474 8317 10
2475 2858 10
2476 8944 10
2477 8914 10
2478 739 10
2479 8420 10
2480 2734 10
2481 8568 10
2482 5904 10
2483 1000 10
2484 9018 10
2485 5693 10
2486 5312 10
2487 6050 10
2488 9474 10
2489 8987 10
2490 2099 10
2491 5737 10
2492 8173 10
2493 8021 10
2494 8999 10
2495 257 10
2496 665 10
2497 268 10
2498 8738 10
2499 117 10
2500 418 10
2501 8925 10
2502 320 10
2503 6378 10
2504 8254 10
2505 725 10
2506 5012 10
2507 152 10
2508 8216 10
2509 30 10
2510 5291 10
2511 6724 10
2512 8944 10
2513 7376 10
2514 6097 10
2515 9674 10
2516 9019 10
2517 9107 10
2518 389 10
2519 6565 10
2520 6493 10
2521 6256 10
2522 6980 10
2523 6565 10
2524 180 10
2525 7455 10
2526 9654 10
2527 7994 10
2528 8925 10
2529 491 10
2530 6890 10
2531 149 10
2532 9424 10
2533 6400 10
2534 8543 10
2535 6974 10
2536 2279 10
2537 7047 10
2538 8279 10
2539 6300 10
2540 6733 10
2541 5494 10
2542 5486 10
2543 6434 10
2544 7978 10
2545 8110 10
2546 8864 10
2547 7836 10
2548 5335 10
2549 5577 10
2550 8773 10
2551 8429 10
2552 9018 10
2553 7714 10
2554 2647 10
2555 8446 10
2556 5399 10
2557 5748 10
2558 6814 10
2559 6084 10
2560 7963 10
2561 8689 10
2562 2220 10
2563 6274 10
2564 6854 10
2565 7141 10
2566 5627 10
2567 7000 10
2568 9127 10
2569 6903 10
2570 7591 10
2571 8238 10
2572 9124 10
2573 2544 10
2574 6547 10
2575 5476 10
2576 8048 10
2577 6623 10
2578 7797 10
2579 2164 10
2580 808 10
2581 5875 10
2582 8001 10
2583 6843 10
2584 6786 10
2585 9108 10
2586 5742 10
2587 7189 10
2588 5261 10
2589 5881 10
2590 6312 10
2591 6898 10
2592 20 10
2593 2372 10
2594 5758 10
2595 6865 10
2596 6894 10
2597 6702 10
2598 6616 10
2599 1976 10
2600 8466 10
2601 130 10
2602 2410 10
2603 6556 10
2604 5544 10
2605 6044 10
2606 8133 10
2607 2776 10
2608 784 10
2609 2884 10
2610 7640 10
2611 2611 10
2612 646 10
2613 2646 10
2614 8811 10
2615 7963 10
2616 8420 10
2617 5702 10
2618 8301 10
2619 8314 10
2620 9582 10
2621 9727 10
2622 5442 10
2623 2476 10
2624 6341 10
2625 154 10
2626 6279 10
2627 4994 10
2628 7989 10
2629 9432 10
2630 32 10
2631 7022 10
2632 2625 10
2633 9478 10
2634 739 10
2635 8007 10
2636 8378 10
2637 5514 10
2638 8577 10
2639 2476 10
2640 8480 10
2641 5250 10
2642 6772 10
2643 7986 10
2644 8627 10
2645 764 10
2646 2173 10
2647 9172 10
2648 2339 10
2649 5423 10
2650 6803 10
2651 7508 10
2652 6796 10
2653 6839 10
2654 8364 10
2655 8362 10
2656 8106 10
2657 7485 10
2658 9165 10
2659 2084 10
2660 418 10
2661 5445 10
2662 9035 10
2663 6104 10
2664 6657 10
2665 5737 10
2666 8308 10
2667 5116 10
2668 6776 10
2669 4895 10
2670 5805 10
2671 6604 10
2672 1999 10
2673 2757 10
2674 2451 10
2675 7692 10
2676 399 10
2677 362 10
2678 2891 10
2679 6465 10
2680 5834 10
2681 809 10
2682 2738 10
2683 7978 10
2684 6252 10
2685 504 10
2686 9706 10
2687 948 10
2688 8089 10
2689 6760 10
2690 6207 10
2691 7288 10
2692 8689 10
2693 5124 10
2694 7051 10
2695 5217 10
2696 9465 10
2697 6147 10
2698 5120 10
2699 6076 10
2700 9074 10
2701 6587 10
2702 6608 10
2703 8367 10
2704 9297 10
2705 5851 10
2706 7165 10
2707 5891 10
2708 6697 10
2709 9632 10
2710 1976 10
2711 6688 10
2712 8030 10
2713 7479 10
2714 4987 10
2715 5805 10
2716 6455 10
2717 229 10
2718 5067 10
2719 7079 10
2720 7082 10
2721 6873 10
2722 8337 10
2723 9398 10
2724 186 10
2725 8644 10
2726 5995 10
2727 8379 10
2728 6747 10
2729 9584 10
2730 9504 10
2731 2313 10
2732 1968 10
2733 9593 10
2734 5012 10
2735 2084 10
2736 28 10
2737 784 10
2738 7522 10
2739 9360 10
2740 8562 10
2741 8298 10
2742 6355 10
2743 458 10
2744 5713 10
2745 9354 10
2746 8816 10
2747 6104 10
2748 9613 10
2749 581 10
2750 6134 10
2751 7538 10
2752 6308 10
2753 319 10
2754 8259 10
2755 9142 10
2756 5249 10
2757 265 10
2758 6863 10
2759 9577 10
2760 5384 10
2761 9705 10
2762 8580 10
2763 6981 10
2764 8753 10
2765 2800 10
2766 7733 10
2767 6256 10
2768 5657 10
2769 9402 10
2770 5044 10
2771 9657 10
2772 5560 10
2773 4940 10
2774 5916 10
2775 2611 10
2776 265 10
2777 6515 10
2778 252 10
2779 5948 10
2780 6827 10
2781 6268 10
2782 6654 10
2783 6473 10
2784 449 10
2785 8524 10
2786 8224 10
2787 8576 10
2788 9436 10
2789 223 10
2790 7750 10
2791 6463 10
2792 12 10
2793 333 10
2794 5202 10
2795 6100 10
2796 8162 10
2797 9663 10
2798 7731 10
2799 6241 10
2800 362 10
2801 9313 10
2802 5323 10
2803 5872 10
2804 2544 10
2805 9749 10
2806 8907 10
2807 8183 10
2808 7991 10
2809 9682 10
2810 6602 10
2811 6854 10
2812 56 10
2813 7017 10
2814 7191 10
2815 5503 10
2816 5710 10
2817 6811 10
2818 8387 10
2819 5582 10
2820 2625 10
2821 8023 10
2822 6475 10
2823 9732 10
2824 6518 10
2825 959 10
2826 320 10
2827 5909 10
2828 8459 10
2829 34 10
2830 8790 10
2831 6890 10
2832 9104 10
2833 7616 10
2834 5129 10
2835 8214 10
2836 6354 10
2837 9162 10
2838 5703 10
2839 6114 10
2840 9376 10
2841 8844 10
2842 8607 10
2843 6928 10
2844 5056 10
2845 7017 10
2846 9264 10
2847 9257 10
2848 2288 10
2849 9107 10
2850 6223 10
2851 7079 10
2852 9368 10
2853 7703 10
2854 9014 10
2855 31 10
2856 6241 10
2857 439 10
2858 7769 10
2859 2197 10
2860 552 10
2861 6863 10
2862 9578 10
2863 6453 10
2864 5001 10
2865 6521 10
2866 7253 10
2867 15 10
2868 39 10
2869 7462 10
2870 8490 10
2871 7590 10
2872 8550 10
2873 9432 10
2874 9072 10
2875 2695 10
2876 6424 10
2877 909 10
2878 9749 10
2879 9341 10
2880 8659 10
2881 22 10
2882 8024 10
2883 6487 10
2884 2207 10
2885 8221 10
2886 9644 10
2887 6146 10
2888 6 10
2889 9380 10
2890 2891 10
2891 8844 10
2892 8205 10
2893 440 10
2894 5881 10
2895 2609 10
2896 6981 10
2897 6796 10
2898 6489 10
2899 2016 10
2900 882 10
2901 5677 10
2902 8626 10
2903 9474 10
2904 8349 10
2905 986 10
2906 385 10
2907 5656 10
2908 2283 10
2909 7388 10
2910 7136 10
2911 684 10
2912 6207 10
2913 6001 10
2914 7830 10
2915 6680 10
2916 6114 10
2917 5494 10
2918 2800 10
2919 6841 10
2920 6338 10
2921 5964 10
2922 9299 10
2923 113 10
2924 6548 10
2925 967 10
2926 9108 10
2927 5383 10
2928 7886 10
2929 5761 10
2930 5577 10
2931 117 10
2932 6489 10
2933 6271 10
2934 2633 10
2935 8905 10
2936 6083 10
2937 9030 10
2938 6389 10
2939 8645 10
2940 9663 10
2941 9523 10
2942 6860 10
2943 599 10
2944 9660 10
2945 6771 10
2946 5533 10
2947 6788 10
2948 8049 10
2949 47 10
2950 5684 10
2951 7282 10
2952 9279 10
2953 8507 10
2954 8811 10
2955 25 10
2956 2738 10
2957 9318 10
2958 8270 10
2959 8543 10
2960 628 10
2961 6855 10
2962 7204 10
2963 8421 10
2964 5904 10
2965 599 10
2966 85 10
2967 2656 10
2968 7686 10
2969 6435 10
2970 5807 10
2971 8030 10
2972 5697 10
2973 1977 10
2974 8217 10
2975 5308 10
2976 9074 10
2977 8371 10
2978 8459 10
2979 7804 10
2980 5151 10
2981 8014 10
2982 36 10
2983 5353 10
2984 2449 10
2985 8927 10
2986 2134 10
2987 5934 10
2988 8162 10
2989 6872 10
2990 9370 10
2991 6665 10
2992 5196 10
2993 8626 10
2994 6100 10
2995 7143 10
2996 9042 10
2997 5335 10
2998 145 10
2999 725 10
3000 8101 10
