500
1 9094 200 8995 200 8947 200 9151 200 8928 200 8976 200 9220 200 9017 200 9157 200 9182 200 8923 200 9084 200 9203 200 9191 200 8920 200 9015 200 8818 200 8986 200 8892 200 9217 200 9387 200 9253 200 8707 200 9193 200 8703 200 9196 200 8868 200 9283 200 8817 200 9047 176
2 8967 108 8351 200 8808 73
3 6131 200 6528 200 6673 200 6263 200 6363 200 5610 200 5614 200 6609 200 9026 117 8509 79
4 9153 168 9160 87
5 9322 12 9044 200 9034 200 9382 200 9281 200 8909 200 9045 200 9272 148
6 9601 177 9628 200 9043 64 9109 200 9306 200 5724 200 8981 200 9166 200 6401 200 8527 200 8980 200 9307 200 9397 200 7349 200 8898 41
7 8898 159 8798 200 8462 5
8 8919 200 9133 200 9456 1
9 6034 113 6353 200 6191 200 5811 200 5889 200 5721 200 5672 200 6074 200 6225 200 6085 200 6213 200 5971 200 6282 200 5865 200 5681 200 6186 200 5815 200 5630 200 5911 200 6112 200 6204 200 6073 200 6206 200 6273 200 6280 200 5951 200 5876 200 6265 200 6153 200 6244 200 5894 200 5659 200 5759 200 5946 200 6041 200 5617 200 5745 200 5861 200 6255 114
10 8741 24 8876 200 9048 200 9228 200 9251 200 9468 200 8845 200 8835 200 9169 200 8977 200 8797 200 8862 200 9021 200 9413 155
11 6550 14
12 9112 174
13 6461 131 5929 200 6092 200 5827 200 6185 200 5556 200 6242 200 5670 200 5715 200 6433 200 6471 200 5772 200 5726 200 6093 200 5521 200 6347 200 6442 200 5892 200 5854 200 5774 54
14 8509 121 8778 200 9491 200 8330 200 7065 200 8772 200 8677 23
15 8714 136 9179 200 9008 104
16 8150 196 8794 200 9507 1
17 9008 96 9479 32
18 8665 200 8554 200 8853 200 8711 200 8596 200 8788 200 8706 200 8559 200 7917 200 6982 200 8763 200 8736 200 6027 163 8164 138
19 6255 86 5629 200 6165 200 5639 200 6178 200 6393 200 6430 200 5692 200 5918 200 5947 200 5778 200 5979 200 5828 200 6272 200 5780 200 5729 200 6150 200 5924 200 6238 200 5788 200 6415 200 5553 47
20 8808 127 8613 200 9359 200 9229 200 5868 142 7285 200 8948 12
21 9545 18
22 5138 200 5099 200 5094 200 5151 200 5129 200 5124 200 5126 55
23 6526 88 6087 200 6022 200 6426 200 5938 200 6298 200 5996 200 5590 200 6159 200 7134 200 5925 200 6326 200 5856 200 5733 200 6110 200 6469 200 6360 200 6365 200 6445 200 6444 200 5826 200 5732 200 5731 200 6588 200 5981 200 6014 154
24 9160 113 9232 200 8967 92
25 9413 45 9123 200 9237 170
26 5600 200 5908 200 5935 200 6334 200 5649 200 6297 200 5993 200 6529 200 6063 200 6130 200 5717 200 5763 200 6329 200 5912 180
27 6605 43 6506 200 8503 200 7452 174
28 9479 168 9167 107
29 9052 46 9112 26 9009 200 8849 200 9100 200 9189 200 9262 200 9152 200 8883 200 8859 200 8938 200 9016 200 8886 200 8968 200 9028 27
30 9237 30 9177 200 9482 200 8865 200 9312 200 9115 200 8908 200 9052 66
31 5912 20 6477 200 5900 200 5786 200 6181 200 6398 200 6269 200 6253 200 6066 200 5878 200 6025 200 6333 200 6461 69
32 5553 153 6051 200 5796 200 5927 200 6127 200 6023 200 6032 200 6107 200 5849 200 5855 200 5955 200 5635 200 5893 200 6287 200 6343 200 6234 200 6115 200 5873 200 5913 200 6035 200 5751 200 5767 200 5999 200 5859 200 5816 200 6157 200 6201 200 5830 200 6061 200 6339 200 6361 200 6350 200 5625 200 5960 200 6049 200 6152 200 6078 200
33 8648 200 8667 200 8855 200 8609 200 8780 200 8597 200 8861 200
34 6720 10 6727 200 6436 200 5818 168 6106 200 6605 157
35 5994 154 6551 200 8400 200 5755 200 6481 200 6182 200 6416 200 5923 200 6260 200 6439 200 8070 200 6018 200 6305 200 7585 200 6057 200 5663 200 5870 200 8477 200 5685 5
36 9052 88
37 8948 188 9212 66
38 7621 200 7955 200 7497 111
39 9440 200 9379 136
40 9539 140 9323 200 9291 200 9392 200 9287 200 8877 200 9155 200 8939 200 8913 200 8941 200 8164 62 8608 200 8732 200 5622 200 6055 200 9502 200 6024 200 5482 80
41 9412 200 9371 200 9252 200 9304 200 9156 200 9125 200 9638 200 9452 200 9173 200 8894 200 8625 200 9519 200 8831 200 9510 200 8809 200 8804 200 8874 200 8526 196 8834 200 9415 200 8742 200 8657 200 9126 200 9171 200 9274 200 9269 200 9065 200 8594 200 9334 200 8756 200 8875 87
42 8495 108 8309 200 8612 200 6650 45 8352 200 6384 23
43 9483 200 8462 195 8658 200 8448 200 8690 200 9026 83
44 5685 195 5725 200 5664 200 5540 200 6135 114 7178 200 5741 200 5734 200 6460 200 5821 200 5975 200 5922 200 5890 200 5351 200 5654 200 5926 200 5769 200 6998 200 6103 200 6325 200 6669 156
45 9755 125
46 8875 113 9036 200 8895 200 9499 12 8748 57
47 6580 35 9375 200 5845 200 7148 200 8758 200 8975 200 6336 200 9225 200 5882 200 9339 200 7016 200 8398 200 8879 200 5799 200 8787 200 9214 200 9043 136
48 9212 134 8759 200 8150 4
49 8521 200 6014 46 6227 200 5787 200 5492 200 5957 200 6184 200 5982 200 6133 200 8508 200 7026 200 6171 200 5574 200 6342 200 6096 200 7153 200 5768 200 6209 200 8424 200 5699 200 6983 200 5454 200 5820 200 5705 200 7497 89 5917 200 5720 200 5994 46
50 6030 200 6235 200 6411 200 6156 200 6215 200 6392 200 6016 155
51 6651 200 6525 200 8677 177 8422 200 6596 200 8469 149
52 6496 200 6037 200 6510 200 5939 200 5864 200 5977 200 6135 86
53 8653 200 8646 157
54 9449 200 9431 200 9345 200 9526 200 9028 92
55 7844 141 8514 187
56 7777 200 7850 200 7844 59
57 5601 165 6322 200 5782 200 6292 200 5943 200 5858 200 5987 200 6081 200 5920 200 5506 200 6028 200 6568 167
58 9167 50
59 9075 53 9051 200 9000 200 8860 200 8728 200 8783 200 8699 200 9001 200 9083 200 8992 200 8822 200 8671 200 8869 200 8583 200 8891 200 9118 200 9103 200 8983 200 9025 200 9087 200 9129 164
60 6331 4 8887 200 5883 200 6090 200 8603 200 8620 200 5607 200 5936 200 6323 200 8978 200 6580 165
61 6669 44 6229 200 6310 200 5468 200 6172 200 6065 200 6027 37
62 2452 111 2260 200 2359 200 2588 200 2276 200 2287 200 2153 200 2407 200 2486 200 2069 200 2641 200 2423 28
63 9167 43 7452 26 6550 21
64 5906 200 5986 200 5885 200 6154 200 8777 200 5974 200 5835 200 6155 200 6200 200 5841 200 8824 200 6296 200 8880 200 6101 200 6122 200 6141 200 6039 200 6021 200 6034 87
65 8537 200 8748 143 8585 200 8650 200 8926 200 9144 23 9322 188
66 5416 200 5832 200 6144 21
67 9417 200 9499 188
68 9178 200 9153 32
69 6144 103
70 2221 200 2556 200 5152 200 5146 200 5175 200 2336 200 2576 200 5179 200 2567 200 2371 200 5183 200 5176 200 2172 200 5145 200 2090 200 2621 200 2650 200 2366 200 2840 200 2599 134
71 9507 107 8714 64
72 8902 97 8958 200 9038 200 8953 200 9114 200 8922 200 8942 200 9050 200 8741 176
73 8523 171 6351 200 6319 200 8239 200 6111 197
74 9928 105
75 9507 92
76 8479 200 8493 200 8571 200 8557 200 8484 200 8497 200 7526 200 8560 200 8526 4
77 6016 45 5505 200 5931 200 6278 200 8469 51 6377 200 5860 200 5902 200 6414 200 8749 200 6422 200 9456 199 5570 132
78 5666 200 5818 32
79 5990 163 6483 200 5679 200 5998 200 6261 200 6211 200 6385 200 6125 200 5743 200 6136 200 6008 200 6364 200 5652 200 6151 200 6126 200 6437 200 6512 200 6139 200 5596 200 6005 200 6258 200 5738 200 6566 200 6526 112
80 6111 3 6368 200 7005 200 6664 200 6881 200 6438 200 8495 92
81 8745 200 8739 200 8830 200 8801 200 8737 200 8754 200 8828 200 5774 146 6143 200 6019 200 5660 200 6056 200 8767 200 8810 200 5831 200 6116 200 5793 200 6479 200 6301 200 6302 200 8588 200 5643 200 6010 200 5601 35
82 9676 81
83 9028 81 8917 200 9033 200 9206 200 9255 200 9078 200 9075 147
84 6568 33 6539 200 6006 200 6040 200 6362 200 5602 200 5642 200 6283 200 6367 200 5837 200 6121 200 6505 200 6246 200 5819 200 5655 200 6344 200 6158 200 6324 200 6340 200 5888 200 5558 200 5696 200 5990 37
85 9204 200 9379 64 9429 200 9457 200 9298 200 9351 200 9129 36 9058 200 8641 200 8840 200 8870 200 8903 64
86 6304 200 7339 200 6720 190
87 5482 120 5453 200 6315 200 6168 200 5942 200 8915 200 6394 200 9024 200 9188 200 8774 200 8841 200 6331 196
88 8903 136 8646 43 8709 200 8674 200 8664 200 8836 200 8606 200 8716 200 8776 200 8916 200 8934 200 8678 200 8733 200 8950 200
89 9272 52 9381 200 8997 200 9428 200 9539 60
90 9425 9
91 2599 66 2529 200 2383 200 2610 200 2335 200 2388 200 2528 200 2439 200 2151 200 2474 200 2299 200 2452 89
92 6384 177 6330 200 5648 200 6231 200 5448 200 6598 200 5628 200 5868 58
93 9576 200 9601 23
94 5424 200 6386 200 6043 200 6650 155
95 9311 31
96 9149 200 9148 93
97 9047 24 9343 200 9101 200 8766 200 8833 200 9005 200 8701 200 9060 200 9226 200 8955 200 9245 200 8747 200 9091 200 9105 200 8752 200 9509 200 8852 200 8971 200 8815 200 9066 200 9390 200 8872 200 9202 200 9277 200 8902 103
98 9755 8
99 5570 68 9096 200 5822 200 8514 13 6198 200 8972 200 9183 200 8952 200 8765 200 9421 200 9198 200 5886 200 6423 200 8523 29
100 9148 107 9488 200 9144 177
101 929 10
102 6550 10
103 7415 5 6591 5
104 5126 10
105 5644 10
106 6601 10
107 8882 10
108 7415 10
109 8882 10
110 8470 10
111 5984 10
112 668 10
113 9134 10
114 2481 10
115 929 10
116 7474 10
117 2226 10
118 5833 10
119 6144 10
120 6601 10
121 6601 10
122 2423 10
123 6550 10
124 5199 10
125 8556 10
126 9311 10
127 6482 10
128 2481 10
129 6482 10
130 5377 10
131 122 10
132 8470 10
133 9311 10
134 6601 10
135 9270 10
136 2423 10
137 6482 10
138 5377 10
139 7415 10
140 6482 10
141 6482 10
142 5377 10
143 8470 10
144 9311 10
145 929 10
146 6601 10
147 2481 10
148 5515 10
149 6144 10
150 2481 10
151 6591 10
152 929 10
153 770 10
154 8470 10
155 9311 10
156 929 10
157 6144 10
158 2481 10
159 6482 10
160 5644 10
161 5833 10
162 668 10
163 5833 10
164 9134 10
165 6601 10
166 2226 10
167 216 10
168 2423 10
169 8882 10
170 9311 9 9134 1
171 2423 2 2481 8
172 6591 10
173 8882 10
174 216 10
175 668 10
176 58 10
177 2423 10
178 7474 10
179 482 10
180 5644 10
181 9311 10
182 2226 10
183 6591 10
184 5833 10
185 668 10
186 5833 10
187 7474 10
188 5340 10
189 9134 10
190 6482 10
191 6550 5 6601 5
192 216 10
193 6591 10
194 8485 10
195 7474 10
196 6482 10
197 9134 10
198 8485 10
199 58 10
200 8470 10
201 6550 10
202 8470 10
203 9311 10
204 2481 10
205 8485 10
206 9311 10
207 9134 10
208 8485 10
209 5311 10
210 2226 10
211 2423 10
212 2481 10
213 2481 10
214 8485 10
215 5833 10
216 9311 10
217 8882 10
218 5377 10
219 6591 10
220 6 10
221 6550 10
222 8485 10
223 6591 10
224 5781 10
225 2481 10
226 5377 10
227 770 10
228 9270 10
229 7474 10
230 668 10
231 5833 10
232 9270 10
233 6601 10
234 6591 10
235 6482 10
236 6550 10
237 6482 10
238 5781 10
239 8470 10
240 6601 10
241 2481 10
242 6591 10
243 7474 10
244 5644 10
245 6601 10
246 9270 10
247 8882 10
248 770 10
249 5223 10
250 8882 10
251 8470 10
252 9270 10
253 6482 10
254 2423 10
255 9311 10
256 9311 10
257 6591 10
258 5452 10
259 5833 10
260 929 10
261 5203 10
262 5452 10
263 8485 10
264 7415 10
265 5833 10
266 929 10
267 7415 10
268 6482 10
269 6601 10
270 5833 10
271 6601 10
272 2423 10
273 5984 10
274 6601 10
275 2423 10
276 9270 10
277 415 10
278 156 10
279 6144 6 5833 4
280 8470 10
281 2481 10
282 7474 10
283 7415 10
284 9134 10
285 5587 10
286 5223 10
287 8470 10
288 8485 10
289 6591 10
290 5781 10
291 2423 10
292 929 10
293 5833 10
294 7415 10
295 7474 10
296 7415 10
297 8485 10
298 5644 10
299 2226 10
300 6591 10
301 8485 10
302 6591 5 7474 5
303 6591 10
304 8470 10
305 7415 10
306 9134 10
307 482 10
308 5833 10
309 2423 10
310 6591 10
311 5833 10
312 6601 10
313 7474 10
314 9134 10
315 929 10
316 9311 10
317 6550 10
318 9134 10
319 8485 10
320 7474 10
321 5833 10
322 6482 10
323 770 10
324 7474 10
325 8470 10
326 5340 10
327 415 10
328 5833 10
329 2226 10
330 5515 10
331 2226 10
332 5377 10
333 6220 10
334 9311 10
335 2481 10
336 8470 10
337 8470 10
338 7474 10
339 6591 10
340 2423 10
341 122 10
342 7415 10
343 8882 10
344 6144 10
345 6601 10
346 2481 10
347 929 10
348 7474 10
349 6482 10
350 8470 10
351 5276 10
352 6550 10
353 216 10
354 2481 10
355 9311 10
356 9270 10
357 6601 10
358 7474 10
359 2226 10
360 2226 10
361 8485 10
362 6601 10
363 9311 10
364 9134 10
365 6482 10
366 5984 10
367 2481 10
368 156 10
369 7415 10
370 9134 10
371 5126 10
372 770 10
373 2423 10
374 8485 10
375 2226 10
376 5539 10
377 9134 10
378 482 10
379 7415 10
380 8485 10
381 5452 10
382 2481 10
383 2481 2 2226 8
384 9134 10
385 6550 10
386 58 10
387 6482 10
388 2226 10
389 8470 10
390 6550 10
391 2423 10
392 8485 10
393 6144 10
394 216 10
395 9134 10
396 415 10
397 5833 10
398 5781 10
399 9134 10
400 6601 10
401 929 10
402 7415 10
403 73 10
404 929 10
405 5377 10
406 6550 10
407 6591 10
408 8470 10
409 5223 10
410 9134 10
411 6482 10
412 5833 10
413 9134 10
414 5340 10
415 7415 10
416 7415 10
417 2423 10
418 6550 10
419 5644 10
420 8485 10
421 668 10
422 6591 10
423 482 10
424 58 10
425 929 10
426 6591 10
427 6550 10
428 282 10
429 6550 10
430 7415 10
431 482 10
432 6220 10
433 6482 5 7415 5
434 8485 10
435 482 10
436 8470 10
437 282 10
438 6550 10
439 32 10
440 9311 10
441 6591 10
442 8882 10
443 5340 10
444 482 10
445 6482 10
446 8556 10
447 6550 10
448 58 10
449 5833 10
450 2423 10
451 8485 10
452 7474 10
453 5126 10
454 7474 10
455 6601 10
456 5377 10
457 515 10
458 7415 10
459 6591 10
460 668 10
461 5203 10
462 9311 10
463 9134 9 9270 1
464 8485 10
465 6601 5 6482 5
466 5984 10
467 7415 10
468 2481 10
469 2481 10
470 8470 10
471 8556 10
472 156 10
473 73 10
474 415 10
475 6144 10
476 5833 6 6220 4
477 58 10
478 7474 10
479 7415 10
480 122 10
481 7415 10
482 216 10
483 6482 10
484 8556 10
485 6550 10
486 282 10
487 6601 10
488 8882 10
489 5833 10
490 515 10
491 8485 10
492 6144 10
493 2423 10
494 58 10
495 9134 10
496 9134 10
497 32 10
498 2423 10
499 2481 10
500 8470 10
